<?xml version="1.0" encoding="utf-8"?>
<CoverageSession xmlns:xsd="http://www.w3.org/2001/XMLSchema" xmlns:xsi="http://www.w3.org/2001/XMLSchema-instance" Version="0.0.0.0">
  <Summary numSequencePoints="24" visitedSequencePoints="24" numBranchPoints="0" visitedBranchPoints="0" sequenceCoverage="100.0" branchCoverage="0.0" maxCyclomaticComplexity="0" minCyclomaticComplexity="0" maxCrapScore="0" minCrapScore="0" visitedClasses="5" numClasses="5" visitedMethods="5" numMethods="5" />
  <Modules>
    <Module>
      <Summary numSequencePoints="24" visitedSequencePoints="24" numBranchPoints="0" visitedBranchPoints="0" sequenceCoverage="100.0" branchCoverage="0.0" maxCyclomaticComplexity="0" minCyclomaticComplexity="0" maxCrapScore="0" minCrapScore="0" visitedClasses="5" numClasses="5" visitedMethods="5" numMethods="5" />
      <ModuleTime>0001-01-01T00:00:00</ModuleTime>
      <ModuleName>ProjectScripts</ModuleName>
      <Files>
        <File uid="7" fullPath="C:/Users/tz1hi/Documents/programs/2023FallTeam10-Katabasis-1/unity-app/Algorithmic Art/Assets/Scripts/BlockScripts/Block.cs" />
        <File uid="8" fullPath="C:/Users/tz1hi/Documents/programs/2023FallTeam10-Katabasis-1/unity-app/Algorithmic Art/Assets/Scripts/BlockScripts/blockMover.cs" />
        <File uid="9" fullPath="C:/Users/tz1hi/Documents/programs/2023FallTeam10-Katabasis-1/unity-app/Algorithmic Art/Assets/Scripts/BlockScripts/CanvasSorting.cs" />
        <File uid="10" fullPath="C:/Users/tz1hi/Documents/programs/2023FallTeam10-Katabasis-1/unity-app/Algorithmic Art/Assets/Scripts/BlockScripts/colorBlock/colorBlock.cs" />
        <File uid="11" fullPath="C:/Users/tz1hi/Documents/programs/2023FallTeam10-Katabasis-1/unity-app/Algorithmic Art/Assets/Scripts/BlockScripts/colorBlock/colorBlockDropDown.cs" />
        <File uid="12" fullPath="C:/Users/tz1hi/Documents/programs/2023FallTeam10-Katabasis-1/unity-app/Algorithmic Art/Assets/Scripts/BlockScripts/drawBlock/drawBlock.cs" />
        <File uid="13" fullPath="C:/Users/tz1hi/Documents/programs/2023FallTeam10-Katabasis-1/unity-app/Algorithmic Art/Assets/Scripts/BlockScripts/drawBlock/drawBlockDropDown.cs" />
        <File uid="14" fullPath="C:/Users/tz1hi/Documents/programs/2023FallTeam10-Katabasis-1/unity-app/Algorithmic Art/Assets/Scripts/BlockScripts/moveBrush.cs" />
        <File uid="15" fullPath="C:/Users/tz1hi/Documents/programs/2023FallTeam10-Katabasis-1/unity-app/Algorithmic Art/Assets/Scripts/BlockScripts/nested/duplicate/duplicateBlock.cs" />
        <File uid="16" fullPath="C:/Users/tz1hi/Documents/programs/2023FallTeam10-Katabasis-1/unity-app/Algorithmic Art/Assets/Scripts/BlockScripts/nested/duplicate/duplicateBlockBottom.cs" />
        <File uid="17" fullPath="C:/Users/tz1hi/Documents/programs/2023FallTeam10-Katabasis-1/unity-app/Algorithmic Art/Assets/Scripts/BlockScripts/nested/function/function.cs" />
        <File uid="18" fullPath="C:/Users/tz1hi/Documents/programs/2023FallTeam10-Katabasis-1/unity-app/Algorithmic Art/Assets/Scripts/BlockScripts/nested/function/functionStart.cs" />
        <File uid="19" fullPath="C:/Users/tz1hi/Documents/programs/2023FallTeam10-Katabasis-1/unity-app/Algorithmic Art/Assets/Scripts/BlockScripts/nested/loop/loopBlock.cs" />
        <File uid="20" fullPath="C:/Users/tz1hi/Documents/programs/2023FallTeam10-Katabasis-1/unity-app/Algorithmic Art/Assets/Scripts/BlockScripts/nested/loop/loopBlockBottom.cs" />
        <File uid="21" fullPath="C:/Users/tz1hi/Documents/programs/2023FallTeam10-Katabasis-1/unity-app/Algorithmic Art/Assets/Scripts/BlockScripts/nested/mirror/mirrorBlock.cs" />
        <File uid="22" fullPath="C:/Users/tz1hi/Documents/programs/2023FallTeam10-Katabasis-1/unity-app/Algorithmic Art/Assets/Scripts/BlockScripts/nested/mirror/mirrorBlockBottom.cs" />
        <File uid="23" fullPath="C:/Users/tz1hi/Documents/programs/2023FallTeam10-Katabasis-1/unity-app/Algorithmic Art/Assets/Scripts/BlockScripts/nested/mirror/mirrorBlockDropdown.cs" />
        <File uid="24" fullPath="C:/Users/tz1hi/Documents/programs/2023FallTeam10-Katabasis-1/unity-app/Algorithmic Art/Assets/Scripts/BlockScripts/nested/NestedBlock.cs" />
        <File uid="25" fullPath="C:/Users/tz1hi/Documents/programs/2023FallTeam10-Katabasis-1/unity-app/Algorithmic Art/Assets/Scripts/BlockScripts/nested/nestedBottom.cs" />
        <File uid="26" fullPath="C:/Users/tz1hi/Documents/programs/2023FallTeam10-Katabasis-1/unity-app/Algorithmic Art/Assets/Scripts/BlockScripts/RaycastList.cs" />
        <File uid="27" fullPath="C:/Users/tz1hi/Documents/programs/2023FallTeam10-Katabasis-1/unity-app/Algorithmic Art/Assets/Scripts/BlockScripts/startBlock.cs" />
        <File uid="28" fullPath="C:/Users/tz1hi/Documents/programs/2023FallTeam10-Katabasis-1/unity-app/Algorithmic Art/Assets/Scripts/BlockScripts/WidthBlock/widthBlock.cs" />
        <File uid="29" fullPath="C:/Users/tz1hi/Documents/programs/2023FallTeam10-Katabasis-1/unity-app/Algorithmic Art/Assets/Scripts/BlockScripts/WidthBlock/WidthBlockDropDown.cs" />
        <File uid="30" fullPath="C:/Users/tz1hi/Documents/programs/2023FallTeam10-Katabasis-1/unity-app/Algorithmic Art/Assets/Scripts/UIDrawScripts/Brush.cs" />
        <File uid="31" fullPath="C:/Users/tz1hi/Documents/programs/2023FallTeam10-Katabasis-1/unity-app/Algorithmic Art/Assets/Scripts/UIDrawScripts/ChangeCamera.cs" />
        <File uid="32" fullPath="C:/Users/tz1hi/Documents/programs/2023FallTeam10-Katabasis-1/unity-app/Algorithmic Art/Assets/Scripts/UIDrawScripts/DeleteAll.cs" />
        <File uid="33" fullPath="C:/Users/tz1hi/Documents/programs/2023FallTeam10-Katabasis-1/unity-app/Algorithmic Art/Assets/Scripts/UIDrawScripts/GetImageSize.cs" />
        <File uid="34" fullPath="C:/Users/tz1hi/Documents/programs/2023FallTeam10-Katabasis-1/unity-app/Algorithmic Art/Assets/Scripts/UIDrawScripts/Play.cs" />
        <File uid="35" fullPath="C:/Users/tz1hi/Documents/programs/2023FallTeam10-Katabasis-1/unity-app/Algorithmic Art/Assets/Scripts/UIDrawScripts/TakeScreenshotAndSend.cs" />
        <File uid="36" fullPath="C:/Users/tz1hi/Documents/programs/2023FallTeam10-Katabasis-1/unity-app/Algorithmic Art/Assets/Scripts/UITabScripts/BlockSpawner.cs" />
        <File uid="37" fullPath="C:/Users/tz1hi/Documents/programs/2023FallTeam10-Katabasis-1/unity-app/Algorithmic Art/Assets/Scripts/UITabScripts/GridHandler.cs" />
        <File uid="38" fullPath="C:/Users/tz1hi/Documents/programs/2023FallTeam10-Katabasis-1/unity-app/Algorithmic Art/Assets/Scripts/UITabScripts/MoveAllBlocks.cs" />
        <File uid="39" fullPath="C:/Users/tz1hi/Documents/programs/2023FallTeam10-Katabasis-1/unity-app/Algorithmic Art/Assets/Scripts/UITabScripts/Scroll.cs" />
        <File uid="40" fullPath="C:/Users/tz1hi/Documents/programs/2023FallTeam10-Katabasis-1/unity-app/Algorithmic Art/Assets/Scripts/UITabScripts/ScrollbarSync.cs" />
        <File uid="41" fullPath="C:/Users/tz1hi/Documents/programs/2023FallTeam10-Katabasis-1/unity-app/Algorithmic Art/Assets/Scripts/UITabScripts/scrollScript.cs" />
        <File uid="42" fullPath="C:/Users/tz1hi/Documents/programs/2023FallTeam10-Katabasis-1/unity-app/Algorithmic Art/Assets/Scripts/UITabScripts/ScrollSync.cs" />
        <File uid="43" fullPath="C:/Users/tz1hi/Documents/programs/2023FallTeam10-Katabasis-1/unity-app/Algorithmic Art/Assets/Scripts/UITabScripts/Tab.cs" />
        <File uid="44" fullPath="C:/Users/tz1hi/Documents/programs/2023FallTeam10-Katabasis-1/unity-app/Algorithmic Art/Assets/Scripts/UITabScripts/TabGroup.cs" />
      </Files>
      <Classes>
        <Class>
          <Summary numSequencePoints="10" visitedSequencePoints="10" numBranchPoints="0" visitedBranchPoints="0" sequenceCoverage="100.0" branchCoverage="0.0" maxCyclomaticComplexity="0" minCyclomaticComplexity="0" maxCrapScore="0" minCrapScore="0" visitedClasses="1" numClasses="1" visitedMethods="1" numMethods="1" />
          <FullName>blockMover</FullName>
          <Methods>
            <Method visited="true" cyclomaticComplexity="0" nPathComplexity="0" sequenceCoverage="100.0" branchCoverage="0" crapScore="0" isConstructor="true" isStatic="false" isGetter="false" isSetter="false">
              <Summary numSequencePoints="10" visitedSequencePoints="10" numBranchPoints="0" visitedBranchPoints="0" sequenceCoverage="100.0" branchCoverage="0" maxCyclomaticComplexity="0" minCyclomaticComplexity="0" maxCrapScore="0" minCrapScore="0" visitedClasses="0" numClasses="0" visitedMethods="1" numMethods="1" />
              <MetadataToken>100663308</MetadataToken>
              <Name>blockMover::blockMover()</Name>
              <FileRef uid="8" />
              <SequencePoints>
                <SequencePoint vc="1" uspid="2157" ordinal="0" offset="0" sl="12" sc="5" el="12" ec="5" bec="0" bev="0" fileid="8" />
                <SequencePoint vc="1" uspid="2158" ordinal="0" offset="7" sl="15" sc="5" el="15" ec="5" bec="0" bev="0" fileid="8" />
                <SequencePoint vc="1" uspid="2159" ordinal="0" offset="18" sl="23" sc="5" el="23" ec="5" bec="0" bev="0" fileid="8" />
                <SequencePoint vc="1" uspid="2160" ordinal="0" offset="25" sl="26" sc="5" el="26" ec="5" bec="0" bev="0" fileid="8" />
                <SequencePoint vc="1" uspid="2161" ordinal="0" offset="32" sl="29" sc="5" el="29" ec="5" bec="0" bev="0" fileid="8" />
                <SequencePoint vc="1" uspid="2162" ordinal="0" offset="39" sl="32" sc="5" el="32" ec="5" bec="0" bev="0" fileid="8" />
                <SequencePoint vc="1" uspid="2163" ordinal="0" offset="46" sl="35" sc="5" el="35" ec="5" bec="0" bev="0" fileid="8" />
                <SequencePoint vc="1" uspid="2164" ordinal="0" offset="53" sl="38" sc="5" el="38" ec="5" bec="0" bev="0" fileid="8" />
                <SequencePoint vc="1" uspid="2165" ordinal="0" offset="60" sl="44" sc="5" el="44" ec="5" bec="0" bev="0" fileid="8" />
                <SequencePoint vc="1" uspid="2166" ordinal="0" offset="67" sl="47" sc="5" el="47" ec="5" bec="0" bev="0" fileid="8" />
              </SequencePoints>
              <BranchPoints />
            </Method>
          </Methods>
        </Class>
        <Class>
          <Summary numSequencePoints="5" visitedSequencePoints="5" numBranchPoints="0" visitedBranchPoints="0" sequenceCoverage="100.0" branchCoverage="0.0" maxCyclomaticComplexity="0" minCyclomaticComplexity="0" maxCrapScore="0" minCrapScore="0" visitedClasses="1" numClasses="1" visitedMethods="1" numMethods="1" />
          <FullName>Brush</FullName>
          <Methods>
            <Method visited="true" cyclomaticComplexity="0" nPathComplexity="0" sequenceCoverage="100.0" branchCoverage="0" crapScore="0" isConstructor="true" isStatic="false" isGetter="false" isSetter="false">
              <Summary numSequencePoints="5" visitedSequencePoints="5" numBranchPoints="0" visitedBranchPoints="0" sequenceCoverage="100.0" branchCoverage="0" maxCyclomaticComplexity="0" minCyclomaticComplexity="0" maxCrapScore="0" minCrapScore="0" visitedClasses="0" numClasses="0" visitedMethods="1" numMethods="1" />
              <MetadataToken>100663399</MetadataToken>
              <Name>Brush::Brush()</Name>
              <FileRef uid="30" />
              <SequencePoints>
                <SequencePoint vc="1" uspid="3192" ordinal="0" offset="0" sl="11" sc="5" el="11" ec="5" bec="0" bev="0" fileid="30" />
                <SequencePoint vc="1" uspid="3193" ordinal="0" offset="21" sl="20" sc="5" el="20" ec="5" bec="0" bev="0" fileid="30" />
                <SequencePoint vc="1" uspid="3194" ordinal="0" offset="32" sl="22" sc="5" el="22" ec="5" bec="0" bev="0" fileid="30" />
                <SequencePoint vc="1" uspid="3195" ordinal="0" offset="43" sl="24" sc="5" el="24" ec="5" bec="0" bev="0" fileid="30" />
                <SequencePoint vc="1" uspid="3196" ordinal="0" offset="54" sl="25" sc="5" el="25" ec="5" bec="0" bev="0" fileid="30" />
              </SequencePoints>
              <BranchPoints />
            </Method>
          </Methods>
        </Class>
        <Class>
          <Summary numSequencePoints="6" visitedSequencePoints="6" numBranchPoints="0" visitedBranchPoints="0" sequenceCoverage="100.0" branchCoverage="0.0" maxCyclomaticComplexity="0" minCyclomaticComplexity="0" maxCrapScore="0" minCrapScore="0" visitedClasses="1" numClasses="1" visitedMethods="1" numMethods="1" />
          <FullName>Play</FullName>
          <Methods>
            <Method visited="true" cyclomaticComplexity="0" nPathComplexity="0" sequenceCoverage="100.0" branchCoverage="0" crapScore="0" isConstructor="true" isStatic="false" isGetter="false" isSetter="false">
              <Summary numSequencePoints="6" visitedSequencePoints="6" numBranchPoints="0" visitedBranchPoints="0" sequenceCoverage="100.0" branchCoverage="0" maxCyclomaticComplexity="0" minCyclomaticComplexity="0" maxCrapScore="0" minCrapScore="0" visitedClasses="0" numClasses="0" visitedMethods="1" numMethods="1" />
              <MetadataToken>100663414</MetadataToken>
              <Name>Play::Play()</Name>
              <FileRef uid="34" />
              <SequencePoints>
                <SequencePoint vc="3" uspid="3253" ordinal="0" offset="0" sl="19" sc="5" el="19" ec="5" bec="0" bev="0" fileid="34" />
                <SequencePoint vc="3" uspid="3254" ordinal="0" offset="11" sl="22" sc="5" el="22" ec="5" bec="0" bev="0" fileid="34" />
                <SequencePoint vc="3" uspid="3255" ordinal="0" offset="22" sl="24" sc="5" el="24" ec="5" bec="0" bev="0" fileid="34" />
                <SequencePoint vc="3" uspid="3256" ordinal="0" offset="33" sl="26" sc="5" el="26" ec="5" bec="0" bev="0" fileid="34" />
                <SequencePoint vc="3" uspid="3257" ordinal="0" offset="44" sl="28" sc="5" el="28" ec="5" bec="0" bev="0" fileid="34" />
                <SequencePoint vc="3" uspid="3258" ordinal="0" offset="51" sl="32" sc="5" el="32" ec="5" bec="0" bev="0" fileid="34" />
              </SequencePoints>
              <BranchPoints />
            </Method>
          </Methods>
        </Class>
        <Class>
          <Summary numSequencePoints="1" visitedSequencePoints="1" numBranchPoints="0" visitedBranchPoints="0" sequenceCoverage="100.0" branchCoverage="0.0" maxCyclomaticComplexity="0" minCyclomaticComplexity="0" maxCrapScore="0" minCrapScore="0" visitedClasses="1" numClasses="1" visitedMethods="1" numMethods="1" />
          <FullName>BlockSpawner</FullName>
          <Methods>
            <Method visited="true" cyclomaticComplexity="0" nPathComplexity="0" sequenceCoverage="100.0" branchCoverage="0" crapScore="0" isConstructor="true" isStatic="false" isGetter="false" isSetter="false">
              <Summary numSequencePoints="1" visitedSequencePoints="1" numBranchPoints="0" visitedBranchPoints="0" sequenceCoverage="100.0" branchCoverage="0" maxCyclomaticComplexity="0" minCyclomaticComplexity="0" maxCrapScore="0" minCrapScore="0" visitedClasses="0" numClasses="0" visitedMethods="1" numMethods="1" />
              <MetadataToken>100663422</MetadataToken>
              <Name>BlockSpawner::BlockSpawner()</Name>
              <FileRef uid="36" />
              <SequencePoints>
                <SequencePoint vc="9" uspid="3280" ordinal="0" offset="0" sl="11" sc="5" el="11" ec="5" bec="0" bev="0" fileid="36" />
              </SequencePoints>
              <BranchPoints />
            </Method>
          </Methods>
        </Class>
        <Class>
          <Summary numSequencePoints="2" visitedSequencePoints="2" numBranchPoints="0" visitedBranchPoints="0" sequenceCoverage="100.0" branchCoverage="0.0" maxCyclomaticComplexity="0" minCyclomaticComplexity="0" maxCrapScore="0" minCrapScore="0" visitedClasses="1" numClasses="1" visitedMethods="1" numMethods="1" />
          <FullName>scrollScript</FullName>
          <Methods>
            <Method visited="true" cyclomaticComplexity="0" nPathComplexity="0" sequenceCoverage="100.0" branchCoverage="0" crapScore="0" isConstructor="false" isStatic="false" isGetter="false" isSetter="false">
              <Summary numSequencePoints="2" visitedSequencePoints="2" numBranchPoints="0" visitedBranchPoints="0" sequenceCoverage="100.0" branchCoverage="0" maxCyclomaticComplexity="0" minCyclomaticComplexity="0" maxCrapScore="0" minCrapScore="0" visitedClasses="0" numClasses="0" visitedMethods="1" numMethods="1" />
              <MetadataToken>100663438</MetadataToken>
              <Name>System.Void scrollScript::Update()</Name>
              <FileRef uid="41" />
              <SequencePoints>
                <SequencePoint vc="2" uspid="3360" ordinal="0" offset="0" sl="13" sc="5" el="13" ec="5" bec="0" bev="0" fileid="41" />
                <SequencePoint vc="2" uspid="3361" ordinal="0" offset="1" sl="15" sc="5" el="15" ec="5" bec="0" bev="0" fileid="41" />
              </SequencePoints>
              <BranchPoints />
            </Method>
          </Methods>
        </Class>
      </Classes>
    </Module>
  </Modules>
</CoverageSession>