<?xml version="1.0" encoding="utf-8"?>
<CoverageSession xmlns:xsd="http://www.w3.org/2001/XMLSchema" xmlns:xsi="http://www.w3.org/2001/XMLSchema-instance" Version="0.0.0.0">
  <Summary numSequencePoints="295" visitedSequencePoints="220" numBranchPoints="0" visitedBranchPoints="0" sequenceCoverage="74.58" branchCoverage="0.0" maxCyclomaticComplexity="0" minCyclomaticComplexity="0" maxCrapScore="0" minCrapScore="0" visitedClasses="23" numClasses="23" visitedMethods="34" numMethods="34" />
  <Modules>
    <Module>
      <Summary numSequencePoints="21" visitedSequencePoints="21" numBranchPoints="0" visitedBranchPoints="0" sequenceCoverage="100.0" branchCoverage="0.0" maxCyclomaticComplexity="0" minCyclomaticComplexity="0" maxCrapScore="0" minCrapScore="0" visitedClasses="1" numClasses="1" visitedMethods="2" numMethods="2" />
      <ModuleTime>0001-01-01T00:00:00</ModuleTime>
      <ModuleName>Assembly-CSharp</ModuleName>
      <Files>
        <File uid="1" fullPath="C:/Users/tz1hi/Documents/programs/2023FallTeam10-Katabasis-1/unity-app/Algorithmic Art/Assets/GetPrefabPath.cs" />
        <File uid="2" fullPath="C:/Users/tz1hi/Documents/programs/2023FallTeam10-Katabasis-1/unity-app/Algorithmic Art/Assets/testMesh.cs" />
      </Files>
      <Classes>
        <Class>
          <Summary numSequencePoints="21" visitedSequencePoints="21" numBranchPoints="0" visitedBranchPoints="0" sequenceCoverage="100.0" branchCoverage="0.0" maxCyclomaticComplexity="0" minCyclomaticComplexity="0" maxCrapScore="0" minCrapScore="0" visitedClasses="1" numClasses="1" visitedMethods="2" numMethods="2" />
          <FullName>SimpleSquare</FullName>
          <Methods>
            <Method visited="true" cyclomaticComplexity="0" nPathComplexity="0" sequenceCoverage="100.0" branchCoverage="0" crapScore="0" isConstructor="false" isStatic="false" isGetter="false" isSetter="false">
              <Summary numSequencePoints="11" visitedSequencePoints="11" numBranchPoints="0" visitedBranchPoints="0" sequenceCoverage="100.0" branchCoverage="0" maxCyclomaticComplexity="0" minCyclomaticComplexity="0" maxCrapScore="0" minCrapScore="0" visitedClasses="0" numClasses="0" visitedMethods="1" numMethods="1" />
              <MetadataToken>100663301</MetadataToken>
              <Name>System.Void SimpleSquare::Start()</Name>
              <FileRef uid="2" />
              <SequencePoints>
                <SequencePoint vc="8" uspid="653" ordinal="0" offset="0" sl="7" sc="5" el="7" ec="5" bec="0" bev="0" fileid="2" />
                <SequencePoint vc="8" uspid="654" ordinal="0" offset="1" sl="9" sc="9" el="9" ec="9" bec="0" bev="0" fileid="2" />
                <SequencePoint vc="8" uspid="655" ordinal="0" offset="8" sl="10" sc="9" el="10" ec="9" bec="0" bev="0" fileid="2" />
                <SequencePoint vc="8" uspid="656" ordinal="0" offset="15" sl="13" sc="9" el="13" ec="9" bec="0" bev="0" fileid="2" />
                <SequencePoint vc="8" uspid="657" ordinal="0" offset="21" sl="14" sc="9" el="14" ec="9" bec="0" bev="0" fileid="2" />
                <SequencePoint vc="8" uspid="658" ordinal="0" offset="33" sl="17" sc="9" el="17" ec="9" bec="0" bev="0" fileid="2" />
                <SequencePoint vc="8" uspid="659" ordinal="0" offset="41" sl="20" sc="9" el="20" ec="9" bec="0" bev="0" fileid="2" />
                <SequencePoint vc="8" uspid="660" ordinal="0" offset="49" sl="23" sc="9" el="23" ec="9" bec="0" bev="0" fileid="2" />
                <SequencePoint vc="8" uspid="661" ordinal="0" offset="65" sl="24" sc="9" el="24" ec="9" bec="0" bev="0" fileid="2" />
                <SequencePoint vc="8" uspid="662" ordinal="0" offset="77" sl="25" sc="9" el="25" ec="9" bec="0" bev="0" fileid="2" />
                <SequencePoint vc="8" uspid="663" ordinal="0" offset="85" sl="26" sc="5" el="26" ec="5" bec="0" bev="0" fileid="2" />
              </SequencePoints>
              <BranchPoints />
            </Method>
            <Method visited="true" cyclomaticComplexity="0" nPathComplexity="0" sequenceCoverage="100.0" branchCoverage="0" crapScore="0" isConstructor="false" isStatic="false" isGetter="false" isSetter="false">
              <Summary numSequencePoints="10" visitedSequencePoints="10" numBranchPoints="0" visitedBranchPoints="0" sequenceCoverage="100.0" branchCoverage="0" maxCyclomaticComplexity="0" minCyclomaticComplexity="0" maxCrapScore="0" minCrapScore="0" visitedClasses="0" numClasses="0" visitedMethods="1" numMethods="1" />
              <MetadataToken>100663302</MetadataToken>
              <Name>System.Void SimpleSquare::CreateSimpleSquare(UnityEngine.Mesh)</Name>
              <FileRef uid="2" />
              <SequencePoints>
                <SequencePoint vc="8" uspid="664" ordinal="0" offset="0" sl="29" sc="5" el="29" ec="5" bec="0" bev="0" fileid="2" />
                <SequencePoint vc="8" uspid="665" ordinal="0" offset="1" sl="31" sc="9" el="31" ec="9" bec="0" bev="0" fileid="2" />
                <SequencePoint vc="8" uspid="666" ordinal="0" offset="8" sl="32" sc="9" el="32" ec="9" bec="0" bev="0" fileid="2" />
                <SequencePoint vc="8" uspid="667" ordinal="0" offset="35" sl="33" sc="9" el="33" ec="9" bec="0" bev="0" fileid="2" />
                <SequencePoint vc="8" uspid="668" ordinal="0" offset="62" sl="34" sc="9" el="34" ec="9" bec="0" bev="0" fileid="2" />
                <SequencePoint vc="8" uspid="669" ordinal="0" offset="89" sl="35" sc="9" el="35" ec="9" bec="0" bev="0" fileid="2" />
                <SequencePoint vc="8" uspid="670" ordinal="0" offset="116" sl="38" sc="9" el="38" ec="9" bec="0" bev="0" fileid="2" />
                <SequencePoint vc="8" uspid="671" ordinal="0" offset="134" sl="41" sc="9" el="41" ec="9" bec="0" bev="0" fileid="2" />
                <SequencePoint vc="8" uspid="672" ordinal="0" offset="142" sl="42" sc="9" el="42" ec="9" bec="0" bev="0" fileid="2" />
                <SequencePoint vc="8" uspid="673" ordinal="0" offset="150" sl="43" sc="5" el="43" ec="5" bec="0" bev="0" fileid="2" />
              </SequencePoints>
              <BranchPoints />
            </Method>
          </Methods>
        </Class>
      </Classes>
    </Module>
    <Module>
      <Summary numSequencePoints="96" visitedSequencePoints="96" numBranchPoints="0" visitedBranchPoints="0" sequenceCoverage="100.0" branchCoverage="0.0" maxCyclomaticComplexity="0" minCyclomaticComplexity="0" maxCrapScore="0" minCrapScore="0" visitedClasses="12" numClasses="12" visitedMethods="12" numMethods="12" />
      <ModuleTime>0001-01-01T00:00:00</ModuleTime>
      <ModuleName>PlaymodeTests</ModuleName>
      <Files>
        <File uid="3" fullPath="C:/Users/tz1hi/Documents/programs/2023FallTeam10-Katabasis-1/unity-app/Algorithmic Art/Assets/Play mode Tests/BlockTest.cs" />
        <File uid="4" fullPath="C:/Users/tz1hi/Documents/programs/2023FallTeam10-Katabasis-1/unity-app/Algorithmic Art/Assets/Play mode Tests/BrushTest.cs" />
        <File uid="5" fullPath="C:/Users/tz1hi/Documents/programs/2023FallTeam10-Katabasis-1/unity-app/Algorithmic Art/Assets/Play mode Tests/DrawTest.cs" />
        <File uid="6" fullPath="C:/Users/tz1hi/Documents/programs/2023FallTeam10-Katabasis-1/unity-app/Algorithmic Art/Assets/Play mode Tests/InputEvent.cs" />
        <File uid="7" fullPath="C:/Users/tz1hi/Documents/programs/2023FallTeam10-Katabasis-1/unity-app/Algorithmic Art/Assets/Play mode Tests/NewTestScript.cs" />
      </Files>
      <Classes>
        <Class>
          <Summary numSequencePoints="3" visitedSequencePoints="3" numBranchPoints="0" visitedBranchPoints="0" sequenceCoverage="100.0" branchCoverage="0.0" maxCyclomaticComplexity="0" minCyclomaticComplexity="0" maxCrapScore="0" minCrapScore="0" visitedClasses="1" numClasses="1" visitedMethods="1" numMethods="1" />
          <FullName>BlockIDTest</FullName>
          <Methods>
            <Method visited="true" cyclomaticComplexity="0" nPathComplexity="0" sequenceCoverage="100.0" branchCoverage="0" crapScore="0" isConstructor="false" isStatic="false" isGetter="false" isSetter="false">
              <Summary numSequencePoints="3" visitedSequencePoints="3" numBranchPoints="0" visitedBranchPoints="0" sequenceCoverage="100.0" branchCoverage="0" maxCyclomaticComplexity="0" minCyclomaticComplexity="0" maxCrapScore="0" minCrapScore="0" visitedClasses="0" numClasses="0" visitedMethods="1" numMethods="1" />
              <MetadataToken>100663297</MetadataToken>
              <Name>System.Void BlockIDTest::SetUp()</Name>
              <FileRef uid="3" />
              <SequencePoints>
                <SequencePoint vc="5" uspid="674" ordinal="0" offset="0" sl="14" sc="5" el="14" ec="5" bec="0" bev="0" fileid="3" />
                <SequencePoint vc="5" uspid="675" ordinal="0" offset="1" sl="15" sc="9" el="15" ec="9" bec="0" bev="0" fileid="3" />
                <SequencePoint vc="5" uspid="676" ordinal="0" offset="12" sl="16" sc="5" el="16" ec="5" bec="0" bev="0" fileid="3" />
              </SequencePoints>
              <BranchPoints />
            </Method>
          </Methods>
        </Class>
        <Class>
          <Summary numSequencePoints="3" visitedSequencePoints="3" numBranchPoints="0" visitedBranchPoints="0" sequenceCoverage="100.0" branchCoverage="0.0" maxCyclomaticComplexity="0" minCyclomaticComplexity="0" maxCrapScore="0" minCrapScore="0" visitedClasses="1" numClasses="1" visitedMethods="1" numMethods="1" />
          <FullName>BrushTest</FullName>
          <Methods>
            <Method visited="true" cyclomaticComplexity="0" nPathComplexity="0" sequenceCoverage="100.0" branchCoverage="0" crapScore="0" isConstructor="false" isStatic="false" isGetter="false" isSetter="false">
              <Summary numSequencePoints="3" visitedSequencePoints="3" numBranchPoints="0" visitedBranchPoints="0" sequenceCoverage="100.0" branchCoverage="0" maxCyclomaticComplexity="0" minCyclomaticComplexity="0" maxCrapScore="0" minCrapScore="0" visitedClasses="0" numClasses="0" visitedMethods="1" numMethods="1" />
              <MetadataToken>100663304</MetadataToken>
              <Name>System.Void BrushTest::SetUp()</Name>
              <FileRef uid="4" />
              <SequencePoints>
                <SequencePoint vc="3" uspid="677" ordinal="0" offset="0" sl="15" sc="5" el="15" ec="5" bec="0" bev="0" fileid="4" />
                <SequencePoint vc="3" uspid="678" ordinal="0" offset="1" sl="16" sc="9" el="16" ec="9" bec="0" bev="0" fileid="4" />
                <SequencePoint vc="3" uspid="679" ordinal="0" offset="12" sl="17" sc="5" el="17" ec="5" bec="0" bev="0" fileid="4" />
              </SequencePoints>
              <BranchPoints />
            </Method>
          </Methods>
        </Class>
        <Class>
          <Summary numSequencePoints="2" visitedSequencePoints="2" numBranchPoints="0" visitedBranchPoints="0" sequenceCoverage="100.0" branchCoverage="0.0" maxCyclomaticComplexity="0" minCyclomaticComplexity="0" maxCrapScore="0" minCrapScore="0" visitedClasses="1" numClasses="1" visitedMethods="1" numMethods="1" />
          <FullName>NewTestScript</FullName>
          <Methods>
            <Method visited="true" cyclomaticComplexity="0" nPathComplexity="0" sequenceCoverage="100.0" branchCoverage="0" crapScore="0" isConstructor="false" isStatic="false" isGetter="false" isSetter="false">
              <Summary numSequencePoints="2" visitedSequencePoints="2" numBranchPoints="0" visitedBranchPoints="0" sequenceCoverage="100.0" branchCoverage="0" maxCyclomaticComplexity="0" minCyclomaticComplexity="0" maxCrapScore="0" minCrapScore="0" visitedClasses="0" numClasses="0" visitedMethods="1" numMethods="1" />
              <MetadataToken>100663318</MetadataToken>
              <Name>System.Void NewTestScript::NewTestScriptSimplePasses()</Name>
              <FileRef uid="7" />
              <SequencePoints>
                <SequencePoint vc="1" uspid="694" ordinal="0" offset="0" sl="12" sc="5" el="12" ec="5" bec="0" bev="0" fileid="7" />
                <SequencePoint vc="1" uspid="695" ordinal="0" offset="1" sl="14" sc="5" el="14" ec="5" bec="0" bev="0" fileid="7" />
              </SequencePoints>
              <BranchPoints />
            </Method>
          </Methods>
        </Class>
        <Class>
          <Summary numSequencePoints="7" visitedSequencePoints="7" numBranchPoints="0" visitedBranchPoints="0" sequenceCoverage="100.0" branchCoverage="0.0" maxCyclomaticComplexity="0" minCyclomaticComplexity="0" maxCrapScore="0" minCrapScore="0" visitedClasses="1" numClasses="1" visitedMethods="1" numMethods="1" />
          <FullName>BlockIDTest/&lt;TestBlockID&gt;d__2</FullName>
          <Methods>
            <Method visited="true" cyclomaticComplexity="0" nPathComplexity="0" sequenceCoverage="100.0" branchCoverage="0" crapScore="0" isConstructor="false" isStatic="false" isGetter="false" isSetter="false">
              <Summary numSequencePoints="7" visitedSequencePoints="7" numBranchPoints="0" visitedBranchPoints="0" sequenceCoverage="100.0" branchCoverage="0" maxCyclomaticComplexity="0" minCyclomaticComplexity="0" maxCrapScore="0" minCrapScore="0" visitedClasses="0" numClasses="0" visitedMethods="1" numMethods="1" />
              <MetadataToken>100663325</MetadataToken>
              <Name>System.Boolean BlockIDTest/&lt;TestBlockID&gt;d__2::MoveNext()</Name>
              <FileRef uid="3" />
              <SequencePoints>
                <SequencePoint vc="1" uspid="696" ordinal="0" offset="31" sl="51" sc="5" el="51" ec="5" bec="0" bev="0" fileid="3" />
                <SequencePoint vc="1" uspid="697" ordinal="0" offset="32" sl="53" sc="9" el="53" ec="9" bec="0" bev="0" fileid="3" />
                <SequencePoint vc="1" uspid="698" ordinal="0" offset="59" sl="57" sc="9" el="57" ec="9" bec="0" bev="0" fileid="3" />
                <SequencePoint vc="1" uspid="699" ordinal="0" offset="75" sl="59" sc="9" el="59" ec="9" bec="0" bev="0" fileid="3" />
                <SequencePoint vc="1" uspid="700" ordinal="0" offset="92" sl="61" sc="9" el="61" ec="9" bec="0" bev="0" fileid="3" />
                <SequencePoint vc="1" uspid="701" ordinal="0" offset="109" sl="64" sc="9" el="64" ec="9" bec="0" bev="0" fileid="3" />
                <SequencePoint vc="1" uspid="702" ordinal="0" offset="127" sl="67" sc="5" el="67" ec="5" bec="0" bev="0" fileid="3" />
              </SequencePoints>
              <BranchPoints />
            </Method>
          </Methods>
        </Class>
        <Class>
          <Summary numSequencePoints="11" visitedSequencePoints="11" numBranchPoints="0" visitedBranchPoints="0" sequenceCoverage="100.0" branchCoverage="0.0" maxCyclomaticComplexity="0" minCyclomaticComplexity="0" maxCrapScore="0" minCrapScore="0" visitedClasses="1" numClasses="1" visitedMethods="1" numMethods="1" />
          <FullName>BlockIDTest/&lt;TestBlockIDIncrement&gt;d__3</FullName>
          <Methods>
            <Method visited="true" cyclomaticComplexity="0" nPathComplexity="0" sequenceCoverage="100.0" branchCoverage="0" crapScore="0" isConstructor="false" isStatic="false" isGetter="false" isSetter="false">
              <Summary numSequencePoints="11" visitedSequencePoints="11" numBranchPoints="0" visitedBranchPoints="0" sequenceCoverage="100.0" branchCoverage="0" maxCyclomaticComplexity="0" minCyclomaticComplexity="0" maxCrapScore="0" minCrapScore="0" visitedClasses="0" numClasses="0" visitedMethods="1" numMethods="1" />
              <MetadataToken>100663331</MetadataToken>
              <Name>System.Boolean BlockIDTest/&lt;TestBlockIDIncrement&gt;d__3::MoveNext()</Name>
              <FileRef uid="3" />
              <SequencePoints>
                <SequencePoint vc="1" uspid="703" ordinal="0" offset="42" sl="73" sc="5" el="73" ec="5" bec="0" bev="0" fileid="3" />
                <SequencePoint vc="1" uspid="704" ordinal="0" offset="43" sl="75" sc="9" el="75" ec="9" bec="0" bev="0" fileid="3" />
                <SequencePoint vc="1" uspid="705" ordinal="0" offset="70" sl="79" sc="9" el="79" ec="9" bec="0" bev="0" fileid="3" />
                <SequencePoint vc="1" uspid="706" ordinal="0" offset="86" sl="81" sc="9" el="81" ec="9" bec="0" bev="0" fileid="3" />
                <SequencePoint vc="1" uspid="707" ordinal="0" offset="128" sl="83" sc="9" el="83" ec="9" bec="0" bev="0" fileid="3" />
                <SequencePoint vc="1" uspid="708" ordinal="0" offset="160" sl="85" sc="9" el="85" ec="9" bec="0" bev="0" fileid="3" />
                <SequencePoint vc="1" uspid="709" ordinal="0" offset="202" sl="88" sc="9" el="88" ec="9" bec="0" bev="0" fileid="3" />
                <SequencePoint vc="1" uspid="710" ordinal="0" offset="219" sl="89" sc="9" el="89" ec="9" bec="0" bev="0" fileid="3" />
                <SequencePoint vc="1" uspid="711" ordinal="0" offset="236" sl="92" sc="9" el="92" ec="9" bec="0" bev="0" fileid="3" />
                <SequencePoint vc="1" uspid="712" ordinal="0" offset="254" sl="93" sc="9" el="93" ec="9" bec="0" bev="0" fileid="3" />
                <SequencePoint vc="1" uspid="713" ordinal="0" offset="272" sl="96" sc="5" el="96" ec="5" bec="0" bev="0" fileid="3" />
              </SequencePoints>
              <BranchPoints />
            </Method>
          </Methods>
        </Class>
        <Class>
          <Summary numSequencePoints="8" visitedSequencePoints="8" numBranchPoints="0" visitedBranchPoints="0" sequenceCoverage="100.0" branchCoverage="0.0" maxCyclomaticComplexity="0" minCyclomaticComplexity="0" maxCrapScore="0" minCrapScore="0" visitedClasses="1" numClasses="1" visitedMethods="1" numMethods="1" />
          <FullName>BlockIDTest/&lt;TestBlockTag&gt;d__1</FullName>
          <Methods>
            <Method visited="true" cyclomaticComplexity="0" nPathComplexity="0" sequenceCoverage="100.0" branchCoverage="0" crapScore="0" isConstructor="false" isStatic="false" isGetter="false" isSetter="false">
              <Summary numSequencePoints="8" visitedSequencePoints="8" numBranchPoints="0" visitedBranchPoints="0" sequenceCoverage="100.0" branchCoverage="0" maxCyclomaticComplexity="0" minCyclomaticComplexity="0" maxCrapScore="0" minCrapScore="0" visitedClasses="0" numClasses="0" visitedMethods="1" numMethods="1" />
              <MetadataToken>100663337</MetadataToken>
              <Name>System.Boolean BlockIDTest/&lt;TestBlockTag&gt;d__1::MoveNext()</Name>
              <FileRef uid="3" />
              <SequencePoints>
                <SequencePoint vc="1" uspid="714" ordinal="0" offset="31" sl="23" sc="5" el="23" ec="5" bec="0" bev="0" fileid="3" />
                <SequencePoint vc="1" uspid="715" ordinal="0" offset="32" sl="25" sc="9" el="25" ec="9" bec="0" bev="0" fileid="3" />
                <SequencePoint vc="1" uspid="716" ordinal="0" offset="59" sl="29" sc="9" el="29" ec="9" bec="0" bev="0" fileid="3" />
                <SequencePoint vc="1" uspid="717" ordinal="0" offset="75" sl="31" sc="9" el="31" ec="9" bec="0" bev="0" fileid="3" />
                <SequencePoint vc="1" uspid="718" ordinal="0" offset="92" sl="39" sc="9" el="39" ec="9" bec="0" bev="0" fileid="3" />
                <SequencePoint vc="1" uspid="719" ordinal="0" offset="124" sl="40" sc="9" el="40" ec="9" bec="0" bev="0" fileid="3" />
                <SequencePoint vc="1" uspid="720" ordinal="0" offset="151" sl="41" sc="9" el="41" ec="9" bec="0" bev="0" fileid="3" />
                <SequencePoint vc="1" uspid="721" ordinal="0" offset="173" sl="45" sc="5" el="45" ec="5" bec="0" bev="0" fileid="3" />
              </SequencePoints>
              <BranchPoints />
            </Method>
          </Methods>
        </Class>
        <Class>
          <Summary numSequencePoints="9" visitedSequencePoints="9" numBranchPoints="0" visitedBranchPoints="0" sequenceCoverage="100.0" branchCoverage="0.0" maxCyclomaticComplexity="0" minCyclomaticComplexity="0" maxCrapScore="0" minCrapScore="0" visitedClasses="1" numClasses="1" visitedMethods="1" numMethods="1" />
          <FullName>BlockIDTest/&lt;TestDrawBlockInitialize&gt;d__4</FullName>
          <Methods>
            <Method visited="true" cyclomaticComplexity="0" nPathComplexity="0" sequenceCoverage="100.0" branchCoverage="0" crapScore="0" isConstructor="false" isStatic="false" isGetter="false" isSetter="false">
              <Summary numSequencePoints="9" visitedSequencePoints="9" numBranchPoints="0" visitedBranchPoints="0" sequenceCoverage="100.0" branchCoverage="0" maxCyclomaticComplexity="0" minCyclomaticComplexity="0" maxCrapScore="0" minCrapScore="0" visitedClasses="0" numClasses="0" visitedMethods="1" numMethods="1" />
              <MetadataToken>100663343</MetadataToken>
              <Name>System.Boolean BlockIDTest/&lt;TestDrawBlockInitialize&gt;d__4::MoveNext()</Name>
              <FileRef uid="3" />
              <SequencePoints>
                <SequencePoint vc="1" uspid="722" ordinal="0" offset="31" sl="102" sc="5" el="102" ec="5" bec="0" bev="0" fileid="3" />
                <SequencePoint vc="1" uspid="723" ordinal="0" offset="32" sl="104" sc="9" el="104" ec="9" bec="0" bev="0" fileid="3" />
                <SequencePoint vc="1" uspid="724" ordinal="0" offset="59" sl="107" sc="9" el="107" ec="9" bec="0" bev="0" fileid="3" />
                <SequencePoint vc="1" uspid="725" ordinal="0" offset="70" sl="108" sc="9" el="108" ec="9" bec="0" bev="0" fileid="3" />
                <SequencePoint vc="1" uspid="726" ordinal="0" offset="82" sl="111" sc="9" el="111" ec="9" bec="0" bev="0" fileid="3" />
                <SequencePoint vc="1" uspid="727" ordinal="0" offset="99" sl="112" sc="9" el="112" ec="9" bec="0" bev="0" fileid="3" />
                <SequencePoint vc="1" uspid="728" ordinal="0" offset="116" sl="113" sc="9" el="113" ec="9" bec="0" bev="0" fileid="3" />
                <SequencePoint vc="1" uspid="729" ordinal="0" offset="133" sl="114" sc="9" el="114" ec="9" bec="0" bev="0" fileid="3" />
                <SequencePoint vc="1" uspid="730" ordinal="0" offset="150" sl="116" sc="5" el="116" ec="5" bec="0" bev="0" fileid="3" />
              </SequencePoints>
              <BranchPoints />
            </Method>
          </Methods>
        </Class>
        <Class>
          <Summary numSequencePoints="9" visitedSequencePoints="9" numBranchPoints="0" visitedBranchPoints="0" sequenceCoverage="100.0" branchCoverage="0.0" maxCyclomaticComplexity="0" minCyclomaticComplexity="0" maxCrapScore="0" minCrapScore="0" visitedClasses="1" numClasses="1" visitedMethods="1" numMethods="1" />
          <FullName>BlockIDTest/&lt;TestMoveBrushBlockInitialize&gt;d__5</FullName>
          <Methods>
            <Method visited="true" cyclomaticComplexity="0" nPathComplexity="0" sequenceCoverage="100.0" branchCoverage="0" crapScore="0" isConstructor="false" isStatic="false" isGetter="false" isSetter="false">
              <Summary numSequencePoints="9" visitedSequencePoints="9" numBranchPoints="0" visitedBranchPoints="0" sequenceCoverage="100.0" branchCoverage="0" maxCyclomaticComplexity="0" minCyclomaticComplexity="0" maxCrapScore="0" minCrapScore="0" visitedClasses="0" numClasses="0" visitedMethods="1" numMethods="1" />
              <MetadataToken>100663349</MetadataToken>
              <Name>System.Boolean BlockIDTest/&lt;TestMoveBrushBlockInitialize&gt;d__5::MoveNext()</Name>
              <FileRef uid="3" />
              <SequencePoints>
                <SequencePoint vc="1" uspid="731" ordinal="0" offset="31" sl="122" sc="5" el="122" ec="5" bec="0" bev="0" fileid="3" />
                <SequencePoint vc="1" uspid="732" ordinal="0" offset="32" sl="124" sc="9" el="124" ec="9" bec="0" bev="0" fileid="3" />
                <SequencePoint vc="1" uspid="733" ordinal="0" offset="59" sl="127" sc="9" el="127" ec="9" bec="0" bev="0" fileid="3" />
                <SequencePoint vc="1" uspid="734" ordinal="0" offset="70" sl="128" sc="9" el="128" ec="9" bec="0" bev="0" fileid="3" />
                <SequencePoint vc="1" uspid="735" ordinal="0" offset="82" sl="131" sc="9" el="131" ec="9" bec="0" bev="0" fileid="3" />
                <SequencePoint vc="1" uspid="736" ordinal="0" offset="99" sl="132" sc="9" el="132" ec="9" bec="0" bev="0" fileid="3" />
                <SequencePoint vc="1" uspid="737" ordinal="0" offset="116" sl="133" sc="9" el="133" ec="9" bec="0" bev="0" fileid="3" />
                <SequencePoint vc="1" uspid="738" ordinal="0" offset="133" sl="134" sc="9" el="134" ec="9" bec="0" bev="0" fileid="3" />
                <SequencePoint vc="1" uspid="739" ordinal="0" offset="150" sl="136" sc="5" el="136" ec="5" bec="0" bev="0" fileid="3" />
              </SequencePoints>
              <BranchPoints />
            </Method>
          </Methods>
        </Class>
        <Class>
          <Summary numSequencePoints="8" visitedSequencePoints="8" numBranchPoints="0" visitedBranchPoints="0" sequenceCoverage="100.0" branchCoverage="0.0" maxCyclomaticComplexity="0" minCyclomaticComplexity="0" maxCrapScore="0" minCrapScore="0" visitedClasses="1" numClasses="1" visitedMethods="1" numMethods="1" />
          <FullName>BrushTest/&lt;TestBrushObj&gt;d__1</FullName>
          <Methods>
            <Method visited="true" cyclomaticComplexity="0" nPathComplexity="0" sequenceCoverage="100.0" branchCoverage="0" crapScore="0" isConstructor="false" isStatic="false" isGetter="false" isSetter="false">
              <Summary numSequencePoints="8" visitedSequencePoints="8" numBranchPoints="0" visitedBranchPoints="0" sequenceCoverage="100.0" branchCoverage="0" maxCyclomaticComplexity="0" minCyclomaticComplexity="0" maxCrapScore="0" minCrapScore="0" visitedClasses="0" numClasses="0" visitedMethods="1" numMethods="1" />
              <MetadataToken>100663355</MetadataToken>
              <Name>System.Boolean BrushTest/&lt;TestBrushObj&gt;d__1::MoveNext()</Name>
              <FileRef uid="4" />
              <SequencePoints>
                <SequencePoint vc="1" uspid="740" ordinal="0" offset="31" sl="26" sc="5" el="26" ec="5" bec="0" bev="0" fileid="4" />
                <SequencePoint vc="1" uspid="741" ordinal="0" offset="32" sl="28" sc="9" el="28" ec="9" bec="0" bev="0" fileid="4" />
                <SequencePoint vc="1" uspid="742" ordinal="0" offset="59" sl="36" sc="9" el="36" ec="9" bec="0" bev="0" fileid="4" />
                <SequencePoint vc="1" uspid="743" ordinal="0" offset="75" sl="38" sc="9" el="38" ec="9" bec="0" bev="0" fileid="4" />
                <SequencePoint vc="1" uspid="744" ordinal="0" offset="107" sl="39" sc="9" el="39" ec="9" bec="0" bev="0" fileid="4" />
                <SequencePoint vc="1" uspid="745" ordinal="0" offset="134" sl="40" sc="9" el="40" ec="9" bec="0" bev="0" fileid="4" />
                <SequencePoint vc="1" uspid="746" ordinal="0" offset="156" sl="42" sc="9" el="42" ec="9" bec="0" bev="0" fileid="4" />
                <SequencePoint vc="1" uspid="747" ordinal="0" offset="168" sl="45" sc="5" el="45" ec="5" bec="0" bev="0" fileid="4" />
              </SequencePoints>
              <BranchPoints />
            </Method>
          </Methods>
        </Class>
        <Class>
          <Summary numSequencePoints="8" visitedSequencePoints="8" numBranchPoints="0" visitedBranchPoints="0" sequenceCoverage="100.0" branchCoverage="0.0" maxCyclomaticComplexity="0" minCyclomaticComplexity="0" maxCrapScore="0" minCrapScore="0" visitedClasses="1" numClasses="1" visitedMethods="1" numMethods="1" />
          <FullName>BrushTest/&lt;TestBrushStartPos&gt;d__2</FullName>
          <Methods>
            <Method visited="true" cyclomaticComplexity="0" nPathComplexity="0" sequenceCoverage="100.0" branchCoverage="0" crapScore="0" isConstructor="false" isStatic="false" isGetter="false" isSetter="false">
              <Summary numSequencePoints="8" visitedSequencePoints="8" numBranchPoints="0" visitedBranchPoints="0" sequenceCoverage="100.0" branchCoverage="0" maxCyclomaticComplexity="0" minCyclomaticComplexity="0" maxCrapScore="0" minCrapScore="0" visitedClasses="0" numClasses="0" visitedMethods="1" numMethods="1" />
              <MetadataToken>100663361</MetadataToken>
              <Name>System.Boolean BrushTest/&lt;TestBrushStartPos&gt;d__2::MoveNext()</Name>
              <FileRef uid="4" />
              <SequencePoints>
                <SequencePoint vc="1" uspid="748" ordinal="0" offset="31" sl="52" sc="5" el="52" ec="5" bec="0" bev="0" fileid="4" />
                <SequencePoint vc="1" uspid="749" ordinal="0" offset="32" sl="54" sc="9" el="54" ec="9" bec="0" bev="0" fileid="4" />
                <SequencePoint vc="1" uspid="750" ordinal="0" offset="59" sl="62" sc="9" el="62" ec="9" bec="0" bev="0" fileid="4" />
                <SequencePoint vc="1" uspid="751" ordinal="0" offset="75" sl="64" sc="9" el="64" ec="9" bec="0" bev="0" fileid="4" />
                <SequencePoint vc="1" uspid="752" ordinal="0" offset="92" sl="66" sc="9" el="66" ec="9" bec="0" bev="0" fileid="4" />
                <SequencePoint vc="1" uspid="753" ordinal="0" offset="109" sl="68" sc="9" el="68" ec="9" bec="0" bev="0" fileid="4" />
                <SequencePoint vc="1" uspid="754" ordinal="0" offset="141" sl="70" sc="9" el="70" ec="9" bec="0" bev="0" fileid="4" />
                <SequencePoint vc="1" uspid="755" ordinal="0" offset="153" sl="73" sc="5" el="73" ec="5" bec="0" bev="0" fileid="4" />
              </SequencePoints>
              <BranchPoints />
            </Method>
          </Methods>
        </Class>
        <Class>
          <Summary numSequencePoints="25" visitedSequencePoints="25" numBranchPoints="0" visitedBranchPoints="0" sequenceCoverage="100.0" branchCoverage="0.0" maxCyclomaticComplexity="0" minCyclomaticComplexity="0" maxCrapScore="0" minCrapScore="0" visitedClasses="1" numClasses="1" visitedMethods="1" numMethods="1" />
          <FullName>BrushTest/&lt;TestMoveBrush&gt;d__3</FullName>
          <Methods>
            <Method visited="true" cyclomaticComplexity="0" nPathComplexity="0" sequenceCoverage="100.0" branchCoverage="0" crapScore="0" isConstructor="false" isStatic="false" isGetter="false" isSetter="false">
              <Summary numSequencePoints="25" visitedSequencePoints="25" numBranchPoints="0" visitedBranchPoints="0" sequenceCoverage="100.0" branchCoverage="0" maxCyclomaticComplexity="0" minCyclomaticComplexity="0" maxCrapScore="0" minCrapScore="0" visitedClasses="0" numClasses="0" visitedMethods="1" numMethods="1" />
              <MetadataToken>100663367</MetadataToken>
              <Name>System.Boolean BrushTest/&lt;TestMoveBrush&gt;d__3::MoveNext()</Name>
              <FileRef uid="4" />
              <SequencePoints>
                <SequencePoint vc="1" uspid="756" ordinal="0" offset="31" sl="80" sc="5" el="80" ec="5" bec="0" bev="0" fileid="4" />
                <SequencePoint vc="1" uspid="757" ordinal="0" offset="32" sl="82" sc="9" el="82" ec="9" bec="0" bev="0" fileid="4" />
                <SequencePoint vc="1" uspid="758" ordinal="0" offset="59" sl="84" sc="9" el="84" ec="9" bec="0" bev="0" fileid="4" />
                <SequencePoint vc="1" uspid="759" ordinal="0" offset="75" sl="86" sc="9" el="86" ec="9" bec="0" bev="0" fileid="4" />
                <SequencePoint vc="1" uspid="760" ordinal="0" offset="92" sl="87" sc="9" el="87" ec="9" bec="0" bev="0" fileid="4" />
                <SequencePoint vc="1" uspid="761" ordinal="0" offset="109" sl="89" sc="9" el="89" ec="9" bec="0" bev="0" fileid="4" />
                <SequencePoint vc="1" uspid="762" ordinal="0" offset="126" sl="91" sc="9" el="91" ec="9" bec="0" bev="0" fileid="4" />
                <SequencePoint vc="1" uspid="763" ordinal="0" offset="158" sl="93" sc="9" el="93" ec="9" bec="0" bev="0" fileid="4" />
                <SequencePoint vc="1" uspid="764" ordinal="0" offset="169" sl="96" sc="9" el="96" ec="9" bec="0" bev="0" fileid="4" />
                <SequencePoint vc="1" uspid="765" ordinal="0" offset="186" sl="97" sc="9" el="97" ec="9" bec="0" bev="0" fileid="4" />
                <SequencePoint vc="1" uspid="766" ordinal="0" offset="198" sl="98" sc="9" el="98" ec="9" bec="0" bev="0" fileid="4" />
                <SequencePoint vc="1" uspid="767" ordinal="0" offset="210" sl="100" sc="9" el="100" ec="9" bec="0" bev="0" fileid="4" />
                <SequencePoint vc="1" uspid="768" ordinal="0" offset="222" sl="101" sc="9" el="101" ec="9" bec="0" bev="0" fileid="4" />
                <SequencePoint vc="1" uspid="769" ordinal="0" offset="239" sl="102" sc="9" el="102" ec="9" bec="0" bev="0" fileid="4" />
                <SequencePoint vc="1" uspid="770" ordinal="0" offset="256" sl="106" sc="9" el="106" ec="9" bec="0" bev="0" fileid="4" />
                <SequencePoint vc="1" uspid="771" ordinal="0" offset="308" sl="107" sc="9" el="107" ec="9" bec="0" bev="0" fileid="4" />
                <SequencePoint vc="1" uspid="772" ordinal="0" offset="363" sl="109" sc="9" el="109" ec="9" bec="0" bev="0" fileid="4" />
                <SequencePoint vc="1" uspid="773" ordinal="0" offset="376" sl="110" sc="9" el="110" ec="9" bec="0" bev="0" fileid="4" />
                <SequencePoint vc="1" uspid="774" ordinal="0" offset="389" sl="111" sc="9" el="111" ec="9" bec="0" bev="0" fileid="4" />
                <SequencePoint vc="1" uspid="775" ordinal="0" offset="401" sl="112" sc="9" el="112" ec="9" bec="0" bev="0" fileid="4" />
                <SequencePoint vc="1" uspid="776" ordinal="0" offset="418" sl="113" sc="9" el="113" ec="9" bec="0" bev="0" fileid="4" />
                <SequencePoint vc="1" uspid="777" ordinal="0" offset="435" sl="116" sc="9" el="116" ec="9" bec="0" bev="0" fileid="4" />
                <SequencePoint vc="1" uspid="778" ordinal="0" offset="487" sl="117" sc="9" el="117" ec="9" bec="0" bev="0" fileid="4" />
                <SequencePoint vc="1" uspid="779" ordinal="0" offset="523" sl="120" sc="9" el="120" ec="9" bec="0" bev="0" fileid="4" />
                <SequencePoint vc="1" uspid="780" ordinal="0" offset="535" sl="123" sc="5" el="123" ec="5" bec="0" bev="0" fileid="4" />
              </SequencePoints>
              <BranchPoints />
            </Method>
          </Methods>
        </Class>
        <Class>
          <Summary numSequencePoints="3" visitedSequencePoints="3" numBranchPoints="0" visitedBranchPoints="0" sequenceCoverage="100.0" branchCoverage="0.0" maxCyclomaticComplexity="0" minCyclomaticComplexity="0" maxCrapScore="0" minCrapScore="0" visitedClasses="1" numClasses="1" visitedMethods="1" numMethods="1" />
          <FullName>NewTestScript/&lt;NewTestScriptWithEnumeratorPasses&gt;d__1</FullName>
          <Methods>
            <Method visited="true" cyclomaticComplexity="0" nPathComplexity="0" sequenceCoverage="100.0" branchCoverage="0" crapScore="0" isConstructor="false" isStatic="false" isGetter="false" isSetter="false">
              <Summary numSequencePoints="3" visitedSequencePoints="3" numBranchPoints="0" visitedBranchPoints="0" sequenceCoverage="100.0" branchCoverage="0" maxCyclomaticComplexity="0" minCyclomaticComplexity="0" maxCrapScore="0" minCrapScore="0" visitedClasses="0" numClasses="0" visitedMethods="1" numMethods="1" />
              <MetadataToken>100663373</MetadataToken>
              <Name>System.Boolean NewTestScript/&lt;NewTestScriptWithEnumeratorPasses&gt;d__1::MoveNext()</Name>
              <FileRef uid="7" />
              <SequencePoints>
                <SequencePoint vc="1" uspid="781" ordinal="0" offset="31" sl="20" sc="5" el="20" ec="5" bec="0" bev="0" fileid="7" />
                <SequencePoint vc="1" uspid="782" ordinal="0" offset="32" sl="23" sc="9" el="23" ec="9" bec="0" bev="0" fileid="7" />
                <SequencePoint vc="1" uspid="783" ordinal="0" offset="55" sl="24" sc="5" el="24" ec="5" bec="0" bev="0" fileid="7" />
              </SequencePoints>
              <BranchPoints />
            </Method>
          </Methods>
        </Class>
      </Classes>
    </Module>
    <Module>
      <Summary numSequencePoints="178" visitedSequencePoints="103" numBranchPoints="0" visitedBranchPoints="0" sequenceCoverage="57.87" branchCoverage="0.0" maxCyclomaticComplexity="0" minCyclomaticComplexity="0" maxCrapScore="0" minCrapScore="0" visitedClasses="10" numClasses="10" visitedMethods="20" numMethods="20" />
      <ModuleTime>0001-01-01T00:00:00</ModuleTime>
      <ModuleName>Project_Scripts_def</ModuleName>
      <Files>
        <File uid="8" fullPath="C:/Users/tz1hi/Documents/programs/2023FallTeam10-Katabasis-1/unity-app/Algorithmic Art/Assets/Scripts/BlockScripts/Block.cs" />
        <File uid="9" fullPath="C:/Users/tz1hi/Documents/programs/2023FallTeam10-Katabasis-1/unity-app/Algorithmic Art/Assets/Scripts/BlockScripts/blockMover.cs" />
        <File uid="10" fullPath="C:/Users/tz1hi/Documents/programs/2023FallTeam10-Katabasis-1/unity-app/Algorithmic Art/Assets/Scripts/BlockScripts/colorBlock/colorBlock.cs" />
        <File uid="11" fullPath="C:/Users/tz1hi/Documents/programs/2023FallTeam10-Katabasis-1/unity-app/Algorithmic Art/Assets/Scripts/BlockScripts/colorBlock/colorBlockDropDown.cs" />
        <File uid="12" fullPath="C:/Users/tz1hi/Documents/programs/2023FallTeam10-Katabasis-1/unity-app/Algorithmic Art/Assets/Scripts/BlockScripts/drawBlock.cs" />
        <File uid="13" fullPath="C:/Users/tz1hi/Documents/programs/2023FallTeam10-Katabasis-1/unity-app/Algorithmic Art/Assets/Scripts/BlockScripts/moveBrush.cs" />
        <File uid="14" fullPath="C:/Users/tz1hi/Documents/programs/2023FallTeam10-Katabasis-1/unity-app/Algorithmic Art/Assets/Scripts/BlockScripts/startBlock.cs" />
        <File uid="15" fullPath="C:/Users/tz1hi/Documents/programs/2023FallTeam10-Katabasis-1/unity-app/Algorithmic Art/Assets/Scripts/UIDrawScripts/Brush.cs" />
        <File uid="16" fullPath="C:/Users/tz1hi/Documents/programs/2023FallTeam10-Katabasis-1/unity-app/Algorithmic Art/Assets/Scripts/UIDrawScripts/Play.cs" />
        <File uid="17" fullPath="C:/Users/tz1hi/Documents/programs/2023FallTeam10-Katabasis-1/unity-app/Algorithmic Art/Assets/Scripts/UIDrawScripts/TakeScreenshotAndSend.cs" />
        <File uid="18" fullPath="C:/Users/tz1hi/Documents/programs/2023FallTeam10-Katabasis-1/unity-app/Algorithmic Art/Assets/Scripts/UITabScripts/BlockSpawner.cs" />
        <File uid="19" fullPath="C:/Users/tz1hi/Documents/programs/2023FallTeam10-Katabasis-1/unity-app/Algorithmic Art/Assets/Scripts/UITabScripts/Tab.cs" />
        <File uid="20" fullPath="C:/Users/tz1hi/Documents/programs/2023FallTeam10-Katabasis-1/unity-app/Algorithmic Art/Assets/Scripts/UITabScripts/TabGroup.cs" />
      </Files>
      <Classes>
        <Class>
          <Summary numSequencePoints="56" visitedSequencePoints="8" numBranchPoints="0" visitedBranchPoints="0" sequenceCoverage="14.29" branchCoverage="0.0" maxCyclomaticComplexity="0" minCyclomaticComplexity="0" maxCrapScore="0" minCrapScore="0" visitedClasses="1" numClasses="1" visitedMethods="2" numMethods="2" />
          <FullName>blockMover</FullName>
          <Methods>
            <Method visited="true" cyclomaticComplexity="0" nPathComplexity="0" sequenceCoverage="9.43" branchCoverage="0" crapScore="0" isConstructor="false" isStatic="false" isGetter="false" isSetter="false">
              <Summary numSequencePoints="53" visitedSequencePoints="5" numBranchPoints="0" visitedBranchPoints="0" sequenceCoverage="9.43" branchCoverage="0" maxCyclomaticComplexity="0" minCyclomaticComplexity="0" maxCrapScore="0" minCrapScore="0" visitedClasses="0" numClasses="0" visitedMethods="1" numMethods="1" />
              <MetadataToken>100663300</MetadataToken>
              <Name>System.Void blockMover::Update()</Name>
              <FileRef uid="9" />
              <SequencePoints>
                <SequencePoint vc="49" uspid="794" ordinal="0" offset="0" sl="31" sc="5" el="31" ec="5" bec="0" bev="0" fileid="9" />
                <SequencePoint vc="49" uspid="795" ordinal="0" offset="1" sl="35" sc="9" el="35" ec="9" bec="0" bev="0" fileid="9" />
                <SequencePoint vc="0" uspid="796" ordinal="0" offset="14" sl="36" sc="9" el="36" ec="9" bec="0" bev="0" fileid="9" />
                <SequencePoint vc="0" uspid="797" ordinal="0" offset="15" sl="38" sc="13" el="38" ec="13" bec="0" bev="0" fileid="9" />
                <SequencePoint vc="0" uspid="798" ordinal="0" offset="31" sl="39" sc="13" el="39" ec="13" bec="0" bev="0" fileid="9" />
                <SequencePoint vc="0" uspid="799" ordinal="0" offset="61" sl="48" sc="13" el="48" ec="13" bec="0" bev="0" fileid="9" />
                <SequencePoint vc="0" uspid="800" ordinal="0" offset="100" sl="49" sc="13" el="49" ec="13" bec="0" bev="0" fileid="9" />
                <SequencePoint vc="0" uspid="801" ordinal="0" offset="101" sl="51" sc="17" el="51" ec="17" bec="0" bev="0" fileid="9" />
                <SequencePoint vc="0" uspid="802" ordinal="0" offset="119" sl="52" sc="17" el="52" ec="17" bec="0" bev="0" fileid="9" />
                <SequencePoint vc="0" uspid="803" ordinal="0" offset="161" sl="55" sc="17" el="55" ec="17" bec="0" bev="0" fileid="9" />
                <SequencePoint vc="0" uspid="804" ordinal="0" offset="168" sl="59" sc="17" el="59" ec="17" bec="0" bev="0" fileid="9" />
                <SequencePoint vc="0" uspid="805" ordinal="0" offset="175" sl="60" sc="17" el="60" ec="17" bec="0" bev="0" fileid="9" />
                <SequencePoint vc="0" uspid="806" ordinal="0" offset="182" sl="61" sc="13" el="61" ec="13" bec="0" bev="0" fileid="9" />
                <SequencePoint vc="0" uspid="807" ordinal="0" offset="185" sl="62" sc="18" el="62" ec="18" bec="0" bev="0" fileid="9" />
                <SequencePoint vc="0" uspid="808" ordinal="0" offset="226" sl="63" sc="13" el="63" ec="13" bec="0" bev="0" fileid="9" />
                <SequencePoint vc="0" uspid="809" ordinal="0" offset="227" sl="65" sc="17" el="65" ec="17" bec="0" bev="0" fileid="9" />
                <SequencePoint vc="0" uspid="810" ordinal="0" offset="248" sl="66" sc="17" el="66" ec="17" bec="0" bev="0" fileid="9" />
                <SequencePoint vc="0" uspid="811" ordinal="0" offset="255" sl="67" sc="13" el="67" ec="13" bec="0" bev="0" fileid="9" />
                <SequencePoint vc="0" uspid="812" ordinal="0" offset="256" sl="68" sc="9" el="68" ec="9" bec="0" bev="0" fileid="9" />
                <SequencePoint vc="49" uspid="813" ordinal="0" offset="257" sl="71" sc="9" el="71" ec="9" bec="0" bev="0" fileid="9" />
                <SequencePoint vc="0" uspid="814" ordinal="0" offset="289" sl="72" sc="9" el="72" ec="9" bec="0" bev="0" fileid="9" />
                <SequencePoint vc="0" uspid="815" ordinal="0" offset="290" sl="74" sc="13" el="74" ec="13" bec="0" bev="0" fileid="9" />
                <SequencePoint vc="0" uspid="816" ordinal="0" offset="318" sl="75" sc="13" el="75" ec="13" bec="0" bev="0" fileid="9" />
                <SequencePoint vc="0" uspid="817" ordinal="0" offset="375" sl="81" sc="13" el="81" ec="13" bec="0" bev="0" fileid="9" />
                <SequencePoint vc="0" uspid="818" ordinal="0" offset="383" sl="84" sc="13" el="84" ec="13" bec="0" bev="0" fileid="9" />
                <SequencePoint vc="0" uspid="819" ordinal="0" offset="395" sl="85" sc="13" el="85" ec="13" bec="0" bev="0" fileid="9" />
                <SequencePoint vc="0" uspid="820" ordinal="0" offset="396" sl="86" sc="17" el="86" ec="17" bec="0" bev="0" fileid="9" />
                <SequencePoint vc="0" uspid="821" ordinal="0" offset="403" sl="87" sc="17" el="87" ec="17" bec="0" bev="0" fileid="9" />
                <SequencePoint vc="0" uspid="822" ordinal="0" offset="410" sl="88" sc="17" el="88" ec="17" bec="0" bev="0" fileid="9" />
                <SequencePoint vc="0" uspid="823" ordinal="0" offset="419" sl="91" sc="17" el="91" ec="17" bec="0" bev="0" fileid="9" />
                <SequencePoint vc="0" uspid="824" ordinal="0" offset="432" sl="92" sc="17" el="92" ec="17" bec="0" bev="0" fileid="9" />
                <SequencePoint vc="0" uspid="825" ordinal="0" offset="439" sl="94" sc="17" el="94" ec="17" bec="0" bev="0" fileid="9" />
                <SequencePoint vc="0" uspid="826" ordinal="0" offset="446" sl="95" sc="13" el="95" ec="13" bec="0" bev="0" fileid="9" />
                <SequencePoint vc="0" uspid="827" ordinal="0" offset="447" sl="96" sc="9" el="96" ec="9" bec="0" bev="0" fileid="9" />
                <SequencePoint vc="49" uspid="828" ordinal="0" offset="453" sl="97" sc="14" el="97" ec="14" bec="0" bev="0" fileid="9" />
                <SequencePoint vc="0" uspid="829" ordinal="0" offset="468" sl="98" sc="9" el="98" ec="9" bec="0" bev="0" fileid="9" />
                <SequencePoint vc="0" uspid="830" ordinal="0" offset="469" sl="102" sc="13" el="102" ec="13" bec="0" bev="0" fileid="9" />
                <SequencePoint vc="0" uspid="831" ordinal="0" offset="481" sl="104" sc="13" el="104" ec="13" bec="0" bev="0" fileid="9" />
                <SequencePoint vc="0" uspid="832" ordinal="0" offset="514" sl="107" sc="13" el="107" ec="13" bec="0" bev="0" fileid="9" />
                <SequencePoint vc="0" uspid="833" ordinal="0" offset="515" sl="107" sc="42" el="107" ec="42" bec="0" bev="0" fileid="9" />
                <SequencePoint vc="0" uspid="834" ordinal="0" offset="524" sl="107" sc="22" el="107" ec="22" bec="0" bev="0" fileid="9" />
                <SequencePoint vc="0" uspid="835" ordinal="0" offset="531" sl="108" sc="13" el="108" ec="13" bec="0" bev="0" fileid="9" />
                <SequencePoint vc="0" uspid="836" ordinal="0" offset="532" sl="109" sc="17" el="109" ec="17" bec="0" bev="0" fileid="9" />
                <SequencePoint vc="0" uspid="837" ordinal="0" offset="598" sl="110" sc="13" el="110" ec="13" bec="0" bev="0" fileid="9" />
                <SequencePoint vc="0" uspid="838" ordinal="0" offset="605" sl="107" sc="39" el="107" ec="39" bec="0" bev="0" fileid="9" />
                <SequencePoint vc="0" uspid="839" ordinal="0" offset="613" sl="113" sc="13" el="113" ec="13" bec="0" bev="0" fileid="9" />
                <SequencePoint vc="0" uspid="840" ordinal="0" offset="675" sl="116" sc="13" el="116" ec="13" bec="0" bev="0" fileid="9" />
                <SequencePoint vc="0" uspid="841" ordinal="0" offset="696" sl="119" sc="13" el="119" ec="13" bec="0" bev="0" fileid="9" />
                <SequencePoint vc="0" uspid="842" ordinal="0" offset="708" sl="120" sc="13" el="120" ec="13" bec="0" bev="0" fileid="9" />
                <SequencePoint vc="0" uspid="843" ordinal="0" offset="709" sl="121" sc="17" el="121" ec="17" bec="0" bev="0" fileid="9" />
                <SequencePoint vc="0" uspid="844" ordinal="0" offset="716" sl="122" sc="13" el="122" ec="13" bec="0" bev="0" fileid="9" />
                <SequencePoint vc="0" uspid="845" ordinal="0" offset="717" sl="123" sc="9" el="123" ec="9" bec="0" bev="0" fileid="9" />
                <SequencePoint vc="49" uspid="846" ordinal="0" offset="718" sl="125" sc="5" el="125" ec="5" bec="0" bev="0" fileid="9" />
              </SequencePoints>
              <BranchPoints />
            </Method>
            <Method visited="true" cyclomaticComplexity="0" nPathComplexity="0" sequenceCoverage="100.0" branchCoverage="0" crapScore="0" isConstructor="true" isStatic="false" isGetter="false" isSetter="false">
              <Summary numSequencePoints="3" visitedSequencePoints="3" numBranchPoints="0" visitedBranchPoints="0" sequenceCoverage="100.0" branchCoverage="0" maxCyclomaticComplexity="0" minCyclomaticComplexity="0" maxCrapScore="0" minCrapScore="0" visitedClasses="0" numClasses="0" visitedMethods="1" numMethods="1" />
              <MetadataToken>100663307</MetadataToken>
              <Name>blockMover::blockMover()</Name>
              <FileRef uid="9" />
              <SequencePoints>
                <SequencePoint vc="8" uspid="952" ordinal="0" offset="0" sl="13" sc="5" el="13" ec="5" bec="0" bev="0" fileid="9" />
                <SequencePoint vc="8" uspid="953" ordinal="0" offset="7" sl="16" sc="5" el="16" ec="5" bec="0" bev="0" fileid="9" />
                <SequencePoint vc="8" uspid="954" ordinal="0" offset="18" sl="22" sc="5" el="22" ec="5" bec="0" bev="0" fileid="9" />
              </SequencePoints>
              <BranchPoints />
            </Method>
          </Methods>
        </Class>
        <Class>
          <Summary numSequencePoints="3" visitedSequencePoints="3" numBranchPoints="0" visitedBranchPoints="0" sequenceCoverage="100.0" branchCoverage="0.0" maxCyclomaticComplexity="0" minCyclomaticComplexity="0" maxCrapScore="0" minCrapScore="0" visitedClasses="1" numClasses="1" visitedMethods="1" numMethods="1" />
          <FullName>colorBlock</FullName>
          <Methods>
            <Method visited="true" cyclomaticComplexity="0" nPathComplexity="0" sequenceCoverage="100.0" branchCoverage="0" crapScore="0" isConstructor="true" isStatic="false" isGetter="false" isSetter="false">
              <Summary numSequencePoints="3" visitedSequencePoints="3" numBranchPoints="0" visitedBranchPoints="0" sequenceCoverage="100.0" branchCoverage="0" maxCyclomaticComplexity="0" minCyclomaticComplexity="0" maxCrapScore="0" minCrapScore="0" visitedClasses="0" numClasses="0" visitedMethods="1" numMethods="1" />
              <MetadataToken>100663312</MetadataToken>
              <Name>colorBlock::colorBlock()</Name>
              <FileRef uid="10" />
              <SequencePoints>
                <SequencePoint vc="1" uspid="977" ordinal="0" offset="0" sl="13" sc="5" el="13" ec="5" bec="0" bev="0" fileid="10" />
                <SequencePoint vc="1" uspid="978" ordinal="0" offset="21" sl="17" sc="5" el="17" ec="5" bec="0" bev="0" fileid="10" />
                <SequencePoint vc="1" uspid="979" ordinal="0" offset="28" sl="22" sc="5" el="22" ec="5" bec="0" bev="0" fileid="10" />
              </SequencePoints>
              <BranchPoints />
            </Method>
          </Methods>
        </Class>
        <Class>
          <Summary numSequencePoints="50" visitedSequencePoints="32" numBranchPoints="0" visitedBranchPoints="0" sequenceCoverage="64.00" branchCoverage="0.0" maxCyclomaticComplexity="0" minCyclomaticComplexity="0" maxCrapScore="0" minCrapScore="0" visitedClasses="1" numClasses="1" visitedMethods="4" numMethods="4" />
          <FullName>drawBlock</FullName>
          <Methods>
            <Method visited="true" cyclomaticComplexity="0" nPathComplexity="0" sequenceCoverage="100.0" branchCoverage="0" crapScore="0" isConstructor="false" isStatic="false" isGetter="false" isSetter="false">
              <Summary numSequencePoints="7" visitedSequencePoints="7" numBranchPoints="0" visitedBranchPoints="0" sequenceCoverage="100.0" branchCoverage="0" maxCyclomaticComplexity="0" minCyclomaticComplexity="0" maxCrapScore="0" minCrapScore="0" visitedClasses="0" numClasses="0" visitedMethods="1" numMethods="1" />
              <MetadataToken>100663316</MetadataToken>
              <Name>System.Void drawBlock::Awake()</Name>
              <FileRef uid="12" />
              <SequencePoints>
                <SequencePoint vc="4" uspid="986" ordinal="0" offset="0" sl="42" sc="5" el="42" ec="5" bec="0" bev="0" fileid="12" />
                <SequencePoint vc="4" uspid="987" ordinal="0" offset="1" sl="43" sc="9" el="43" ec="9" bec="0" bev="0" fileid="12" />
                <SequencePoint vc="4" uspid="988" ordinal="0" offset="8" sl="45" sc="9" el="45" ec="9" bec="0" bev="0" fileid="12" />
                <SequencePoint vc="4" uspid="989" ordinal="0" offset="20" sl="46" sc="9" el="46" ec="9" bec="0" bev="0" fileid="12" />
                <SequencePoint vc="4" uspid="990" ordinal="0" offset="80" sl="47" sc="9" el="47" ec="9" bec="0" bev="0" fileid="12" />
                <SequencePoint vc="4" uspid="991" ordinal="0" offset="153" sl="49" sc="9" el="49" ec="9" bec="0" bev="0" fileid="12" />
                <SequencePoint vc="4" uspid="992" ordinal="0" offset="174" sl="50" sc="5" el="50" ec="5" bec="0" bev="0" fileid="12" />
              </SequencePoints>
              <BranchPoints />
            </Method>
            <Method visited="true" cyclomaticComplexity="0" nPathComplexity="0" sequenceCoverage="43.75" branchCoverage="0" crapScore="0" isConstructor="false" isStatic="false" isGetter="false" isSetter="false">
              <Summary numSequencePoints="32" visitedSequencePoints="14" numBranchPoints="0" visitedBranchPoints="0" sequenceCoverage="43.75" branchCoverage="0" maxCyclomaticComplexity="0" minCyclomaticComplexity="0" maxCrapScore="0" minCrapScore="0" visitedClasses="0" numClasses="0" visitedMethods="1" numMethods="1" />
              <MetadataToken>100663317</MetadataToken>
              <Name>System.Void drawBlock::Update()</Name>
              <FileRef uid="12" />
              <SequencePoints>
                <SequencePoint vc="24" uspid="993" ordinal="0" offset="0" sl="54" sc="5" el="54" ec="5" bec="0" bev="0" fileid="12" />
                <SequencePoint vc="24" uspid="994" ordinal="0" offset="1" sl="56" sc="9" el="56" ec="9" bec="0" bev="0" fileid="12" />
                <SequencePoint vc="24" uspid="995" ordinal="0" offset="61" sl="57" sc="9" el="57" ec="9" bec="0" bev="0" fileid="12" />
                <SequencePoint vc="24" uspid="996" ordinal="0" offset="134" sl="61" sc="9" el="61" ec="9" bec="0" bev="0" fileid="12" />
                <SequencePoint vc="24" uspid="997" ordinal="0" offset="146" sl="62" sc="9" el="62" ec="9" bec="0" bev="0" fileid="12" />
                <SequencePoint vc="0" uspid="998" ordinal="0" offset="159" sl="63" sc="9" el="63" ec="9" bec="0" bev="0" fileid="12" />
                <SequencePoint vc="0" uspid="999" ordinal="0" offset="160" sl="64" sc="13" el="64" ec="13" bec="0" bev="0" fileid="12" />
                <SequencePoint vc="0" uspid="1000" ordinal="0" offset="172" sl="65" sc="13" el="65" ec="13" bec="0" bev="0" fileid="12" />
                <SequencePoint vc="0" uspid="1001" ordinal="0" offset="173" sl="66" sc="17" el="66" ec="17" bec="0" bev="0" fileid="12" />
                <SequencePoint vc="0" uspid="1002" ordinal="0" offset="180" sl="67" sc="13" el="67" ec="13" bec="0" bev="0" fileid="12" />
                <SequencePoint vc="0" uspid="1003" ordinal="0" offset="183" sl="69" sc="13" el="69" ec="13" bec="0" bev="0" fileid="12" />
                <SequencePoint vc="0" uspid="1004" ordinal="0" offset="184" sl="71" sc="17" el="71" ec="17" bec="0" bev="0" fileid="12" />
                <SequencePoint vc="0" uspid="1005" ordinal="0" offset="196" sl="72" sc="13" el="72" ec="13" bec="0" bev="0" fileid="12" />
                <SequencePoint vc="0" uspid="1006" ordinal="0" offset="197" sl="73" sc="9" el="73" ec="9" bec="0" bev="0" fileid="12" />
                <SequencePoint vc="24" uspid="1007" ordinal="0" offset="200" sl="75" sc="9" el="75" ec="9" bec="0" bev="0" fileid="12" />
                <SequencePoint vc="24" uspid="1008" ordinal="0" offset="201" sl="76" sc="13" el="76" ec="13" bec="0" bev="0" fileid="12" />
                <SequencePoint vc="24" uspid="1009" ordinal="0" offset="213" sl="77" sc="9" el="77" ec="9" bec="0" bev="0" fileid="12" />
                <SequencePoint vc="24" uspid="1010" ordinal="0" offset="214" sl="79" sc="9" el="79" ec="9" bec="0" bev="0" fileid="12" />
                <SequencePoint vc="24" uspid="1011" ordinal="0" offset="226" sl="80" sc="9" el="80" ec="9" bec="0" bev="0" fileid="12" />
                <SequencePoint vc="0" uspid="1012" ordinal="0" offset="241" sl="81" sc="9" el="81" ec="9" bec="0" bev="0" fileid="12" />
                <SequencePoint vc="0" uspid="1013" ordinal="0" offset="242" sl="82" sc="13" el="82" ec="13" bec="0" bev="0" fileid="12" />
                <SequencePoint vc="0" uspid="1014" ordinal="0" offset="256" sl="83" sc="13" el="83" ec="13" bec="0" bev="0" fileid="12" />
                <SequencePoint vc="0" uspid="1015" ordinal="0" offset="257" sl="84" sc="17" el="84" ec="17" bec="0" bev="0" fileid="12" />
                <SequencePoint vc="0" uspid="1016" ordinal="0" offset="265" sl="85" sc="13" el="85" ec="13" bec="0" bev="0" fileid="12" />
                <SequencePoint vc="0" uspid="1017" ordinal="0" offset="268" sl="87" sc="13" el="87" ec="13" bec="0" bev="0" fileid="12" />
                <SequencePoint vc="0" uspid="1018" ordinal="0" offset="269" sl="89" sc="17" el="89" ec="17" bec="0" bev="0" fileid="12" />
                <SequencePoint vc="0" uspid="1019" ordinal="0" offset="281" sl="90" sc="13" el="90" ec="13" bec="0" bev="0" fileid="12" />
                <SequencePoint vc="0" uspid="1020" ordinal="0" offset="282" sl="91" sc="9" el="91" ec="9" bec="0" bev="0" fileid="12" />
                <SequencePoint vc="24" uspid="1021" ordinal="0" offset="285" sl="93" sc="9" el="93" ec="9" bec="0" bev="0" fileid="12" />
                <SequencePoint vc="24" uspid="1022" ordinal="0" offset="286" sl="94" sc="13" el="94" ec="13" bec="0" bev="0" fileid="12" />
                <SequencePoint vc="24" uspid="1023" ordinal="0" offset="298" sl="95" sc="9" el="95" ec="9" bec="0" bev="0" fileid="12" />
                <SequencePoint vc="24" uspid="1024" ordinal="0" offset="299" sl="97" sc="5" el="97" ec="5" bec="0" bev="0" fileid="12" />
              </SequencePoints>
              <BranchPoints />
            </Method>
            <Method visited="true" cyclomaticComplexity="0" nPathComplexity="0" sequenceCoverage="100.0" branchCoverage="0" crapScore="0" isConstructor="false" isStatic="false" isGetter="false" isSetter="false">
              <Summary numSequencePoints="8" visitedSequencePoints="8" numBranchPoints="0" visitedBranchPoints="0" sequenceCoverage="100.0" branchCoverage="0" maxCyclomaticComplexity="0" minCyclomaticComplexity="0" maxCrapScore="0" minCrapScore="0" visitedClasses="0" numClasses="0" visitedMethods="1" numMethods="1" />
              <MetadataToken>100663318</MetadataToken>
              <Name>System.Void drawBlock::initialize()</Name>
              <FileRef uid="12" />
              <SequencePoints>
                <SequencePoint vc="5" uspid="1025" ordinal="0" offset="0" sl="100" sc="5" el="100" ec="5" bec="0" bev="0" fileid="12" />
                <SequencePoint vc="5" uspid="1026" ordinal="0" offset="1" sl="101" sc="9" el="101" ec="9" bec="0" bev="0" fileid="12" />
                <SequencePoint vc="5" uspid="1027" ordinal="0" offset="12" sl="102" sc="9" el="102" ec="9" bec="0" bev="0" fileid="12" />
                <SequencePoint vc="5" uspid="1028" ordinal="0" offset="19" sl="103" sc="9" el="103" ec="9" bec="0" bev="0" fileid="12" />
                <SequencePoint vc="5" uspid="1029" ordinal="0" offset="26" sl="104" sc="9" el="104" ec="9" bec="0" bev="0" fileid="12" />
                <SequencePoint vc="5" uspid="1030" ordinal="0" offset="33" sl="105" sc="9" el="105" ec="9" bec="0" bev="0" fileid="12" />
                <SequencePoint vc="5" uspid="1031" ordinal="0" offset="40" sl="107" sc="9" el="107" ec="9" bec="0" bev="0" fileid="12" />
                <SequencePoint vc="5" uspid="1032" ordinal="0" offset="52" sl="111" sc="5" el="111" ec="5" bec="0" bev="0" fileid="12" />
              </SequencePoints>
              <BranchPoints />
            </Method>
            <Method visited="true" cyclomaticComplexity="0" nPathComplexity="0" sequenceCoverage="100.0" branchCoverage="0" crapScore="0" isConstructor="true" isStatic="false" isGetter="false" isSetter="false">
              <Summary numSequencePoints="3" visitedSequencePoints="3" numBranchPoints="0" visitedBranchPoints="0" sequenceCoverage="100.0" branchCoverage="0" maxCyclomaticComplexity="0" minCyclomaticComplexity="0" maxCrapScore="0" minCrapScore="0" visitedClasses="0" numClasses="0" visitedMethods="1" numMethods="1" />
              <MetadataToken>100663320</MetadataToken>
              <Name>drawBlock::drawBlock()</Name>
              <FileRef uid="12" />
              <SequencePoints>
                <SequencePoint vc="7" uspid="1061" ordinal="0" offset="0" sl="18" sc="5" el="18" ec="5" bec="0" bev="0" fileid="12" />
                <SequencePoint vc="7" uspid="1062" ordinal="0" offset="21" sl="22" sc="5" el="22" ec="5" bec="0" bev="0" fileid="12" />
                <SequencePoint vc="7" uspid="1063" ordinal="0" offset="28" sl="37" sc="5" el="37" ec="5" bec="0" bev="0" fileid="12" />
              </SequencePoints>
              <BranchPoints />
            </Method>
          </Methods>
        </Class>
        <Class>
          <Summary numSequencePoints="31" visitedSequencePoints="25" numBranchPoints="0" visitedBranchPoints="0" sequenceCoverage="80.65" branchCoverage="0.0" maxCyclomaticComplexity="0" minCyclomaticComplexity="0" maxCrapScore="0" minCrapScore="0" visitedClasses="1" numClasses="1" visitedMethods="3" numMethods="3" />
          <FullName>moveBrush</FullName>
          <Methods>
            <Method visited="true" cyclomaticComplexity="0" nPathComplexity="0" sequenceCoverage="100.0" branchCoverage="0" crapScore="0" isConstructor="false" isStatic="false" isGetter="false" isSetter="false">
              <Summary numSequencePoints="8" visitedSequencePoints="8" numBranchPoints="0" visitedBranchPoints="0" sequenceCoverage="100.0" branchCoverage="0" maxCyclomaticComplexity="0" minCyclomaticComplexity="0" maxCrapScore="0" minCrapScore="0" visitedClasses="0" numClasses="0" visitedMethods="1" numMethods="1" />
              <MetadataToken>100663323</MetadataToken>
              <Name>System.Void moveBrush::initialize()</Name>
              <FileRef uid="13" />
              <SequencePoints>
                <SequencePoint vc="1" uspid="1103" ordinal="0" offset="0" sl="95" sc="5" el="95" ec="5" bec="0" bev="0" fileid="13" />
                <SequencePoint vc="1" uspid="1104" ordinal="0" offset="1" sl="96" sc="9" el="96" ec="9" bec="0" bev="0" fileid="13" />
                <SequencePoint vc="1" uspid="1105" ordinal="0" offset="12" sl="97" sc="9" el="97" ec="9" bec="0" bev="0" fileid="13" />
                <SequencePoint vc="1" uspid="1106" ordinal="0" offset="19" sl="98" sc="9" el="98" ec="9" bec="0" bev="0" fileid="13" />
                <SequencePoint vc="1" uspid="1107" ordinal="0" offset="26" sl="99" sc="9" el="99" ec="9" bec="0" bev="0" fileid="13" />
                <SequencePoint vc="1" uspid="1108" ordinal="0" offset="33" sl="100" sc="9" el="100" ec="9" bec="0" bev="0" fileid="13" />
                <SequencePoint vc="1" uspid="1109" ordinal="0" offset="40" sl="102" sc="9" el="102" ec="9" bec="0" bev="0" fileid="13" />
                <SequencePoint vc="1" uspid="1110" ordinal="0" offset="52" sl="103" sc="5" el="103" ec="5" bec="0" bev="0" fileid="13" />
              </SequencePoints>
              <BranchPoints />
            </Method>
            <Method visited="true" cyclomaticComplexity="0" nPathComplexity="0" sequenceCoverage="71.43" branchCoverage="0" crapScore="0" isConstructor="false" isStatic="false" isGetter="false" isSetter="false">
              <Summary numSequencePoints="21" visitedSequencePoints="15" numBranchPoints="0" visitedBranchPoints="0" sequenceCoverage="71.43" branchCoverage="0" maxCyclomaticComplexity="0" minCyclomaticComplexity="0" maxCrapScore="0" minCrapScore="0" visitedClasses="0" numClasses="0" visitedMethods="1" numMethods="1" />
              <MetadataToken>100663324</MetadataToken>
              <Name>System.Void moveBrush::execute()</Name>
              <FileRef uid="13" />
              <SequencePoints>
                <SequencePoint vc="2" uspid="1111" ordinal="0" offset="0" sl="107" sc="5" el="107" ec="5" bec="0" bev="0" fileid="13" />
                <SequencePoint vc="2" uspid="1112" ordinal="0" offset="1" sl="109" sc="9" el="109" ec="9" bec="0" bev="0" fileid="13" />
                <SequencePoint vc="2" uspid="1113" ordinal="0" offset="31" sl="110" sc="9" el="110" ec="9" bec="0" bev="0" fileid="13" />
                <SequencePoint vc="2" uspid="1114" ordinal="0" offset="61" sl="113" sc="9" el="113" ec="9" bec="0" bev="0" fileid="13" />
                <SequencePoint vc="1" uspid="1115" ordinal="0" offset="84" sl="114" sc="9" el="114" ec="9" bec="0" bev="0" fileid="13" />
                <SequencePoint vc="1" uspid="1116" ordinal="0" offset="85" sl="115" sc="13" el="115" ec="13" bec="0" bev="0" fileid="13" />
                <SequencePoint vc="1" uspid="1117" ordinal="0" offset="102" sl="116" sc="9" el="116" ec="9" bec="0" bev="0" fileid="13" />
                <SequencePoint vc="2" uspid="1118" ordinal="0" offset="103" sl="117" sc="9" el="117" ec="9" bec="0" bev="0" fileid="13" />
                <SequencePoint vc="1" uspid="1119" ordinal="0" offset="126" sl="118" sc="9" el="118" ec="9" bec="0" bev="0" fileid="13" />
                <SequencePoint vc="1" uspid="1120" ordinal="0" offset="127" sl="119" sc="13" el="119" ec="13" bec="0" bev="0" fileid="13" />
                <SequencePoint vc="1" uspid="1121" ordinal="0" offset="144" sl="120" sc="9" el="120" ec="9" bec="0" bev="0" fileid="13" />
                <SequencePoint vc="2" uspid="1122" ordinal="0" offset="145" sl="121" sc="9" el="121" ec="9" bec="0" bev="0" fileid="13" />
                <SequencePoint vc="0" uspid="1123" ordinal="0" offset="187" sl="122" sc="9" el="122" ec="9" bec="0" bev="0" fileid="13" />
                <SequencePoint vc="0" uspid="1124" ordinal="0" offset="188" sl="123" sc="13" el="123" ec="13" bec="0" bev="0" fileid="13" />
                <SequencePoint vc="0" uspid="1125" ordinal="0" offset="222" sl="124" sc="9" el="124" ec="9" bec="0" bev="0" fileid="13" />
                <SequencePoint vc="2" uspid="1126" ordinal="0" offset="223" sl="125" sc="9" el="125" ec="9" bec="0" bev="0" fileid="13" />
                <SequencePoint vc="0" uspid="1127" ordinal="0" offset="265" sl="126" sc="9" el="126" ec="9" bec="0" bev="0" fileid="13" />
                <SequencePoint vc="0" uspid="1128" ordinal="0" offset="266" sl="127" sc="13" el="127" ec="13" bec="0" bev="0" fileid="13" />
                <SequencePoint vc="0" uspid="1129" ordinal="0" offset="300" sl="128" sc="9" el="128" ec="9" bec="0" bev="0" fileid="13" />
                <SequencePoint vc="2" uspid="1130" ordinal="0" offset="301" sl="131" sc="9" el="131" ec="9" bec="0" bev="0" fileid="13" />
                <SequencePoint vc="2" uspid="1131" ordinal="0" offset="330" sl="132" sc="5" el="132" ec="5" bec="0" bev="0" fileid="13" />
              </SequencePoints>
              <BranchPoints />
            </Method>
            <Method visited="true" cyclomaticComplexity="0" nPathComplexity="0" sequenceCoverage="100.0" branchCoverage="0" crapScore="0" isConstructor="true" isStatic="false" isGetter="false" isSetter="false">
              <Summary numSequencePoints="2" visitedSequencePoints="2" numBranchPoints="0" visitedBranchPoints="0" sequenceCoverage="100.0" branchCoverage="0" maxCyclomaticComplexity="0" minCyclomaticComplexity="0" maxCrapScore="0" minCrapScore="0" visitedClasses="0" numClasses="0" visitedMethods="1" numMethods="1" />
              <MetadataToken>100663325</MetadataToken>
              <Name>moveBrush::moveBrush()</Name>
              <FileRef uid="13" />
              <SequencePoints>
                <SequencePoint vc="3" uspid="1132" ordinal="0" offset="0" sl="18" sc="5" el="18" ec="5" bec="0" bev="0" fileid="13" />
                <SequencePoint vc="3" uspid="1133" ordinal="0" offset="21" sl="22" sc="5" el="22" ec="5" bec="0" bev="0" fileid="13" />
              </SequencePoints>
              <BranchPoints />
            </Method>
          </Methods>
        </Class>
        <Class>
          <Summary numSequencePoints="14" visitedSequencePoints="14" numBranchPoints="0" visitedBranchPoints="0" sequenceCoverage="100.0" branchCoverage="0.0" maxCyclomaticComplexity="0" minCyclomaticComplexity="0" maxCrapScore="0" minCrapScore="0" visitedClasses="1" numClasses="1" visitedMethods="3" numMethods="3" />
          <FullName>startBlock</FullName>
          <Methods>
            <Method visited="true" cyclomaticComplexity="0" nPathComplexity="0" sequenceCoverage="100.0" branchCoverage="0" crapScore="0" isConstructor="false" isStatic="false" isGetter="false" isSetter="false">
              <Summary numSequencePoints="10" visitedSequencePoints="10" numBranchPoints="0" visitedBranchPoints="0" sequenceCoverage="100.0" branchCoverage="0" maxCyclomaticComplexity="0" minCyclomaticComplexity="0" maxCrapScore="0" minCrapScore="0" visitedClasses="0" numClasses="0" visitedMethods="1" numMethods="1" />
              <MetadataToken>100663326</MetadataToken>
              <Name>System.Void startBlock::Awake()</Name>
              <FileRef uid="14" />
              <SequencePoints>
                <SequencePoint vc="8" uspid="1134" ordinal="0" offset="0" sl="13" sc="5" el="13" ec="5" bec="0" bev="0" fileid="14" />
                <SequencePoint vc="8" uspid="1135" ordinal="0" offset="1" sl="15" sc="9" el="15" ec="9" bec="0" bev="0" fileid="14" />
                <SequencePoint vc="8" uspid="1136" ordinal="0" offset="12" sl="16" sc="9" el="16" ec="9" bec="0" bev="0" fileid="14" />
                <SequencePoint vc="8" uspid="1137" ordinal="0" offset="19" sl="17" sc="9" el="17" ec="9" bec="0" bev="0" fileid="14" />
                <SequencePoint vc="8" uspid="1138" ordinal="0" offset="26" sl="18" sc="9" el="18" ec="9" bec="0" bev="0" fileid="14" />
                <SequencePoint vc="8" uspid="1139" ordinal="0" offset="33" sl="19" sc="9" el="19" ec="9" bec="0" bev="0" fileid="14" />
                <SequencePoint vc="8" uspid="1140" ordinal="0" offset="40" sl="22" sc="9" el="22" ec="9" bec="0" bev="0" fileid="14" />
                <SequencePoint vc="8" uspid="1141" ordinal="0" offset="52" sl="26" sc="9" el="26" ec="9" bec="0" bev="0" fileid="14" />
                <SequencePoint vc="8" uspid="1142" ordinal="0" offset="64" sl="27" sc="9" el="27" ec="9" bec="0" bev="0" fileid="14" />
                <SequencePoint vc="8" uspid="1143" ordinal="0" offset="124" sl="28" sc="5" el="28" ec="5" bec="0" bev="0" fileid="14" />
              </SequencePoints>
              <BranchPoints />
            </Method>
            <Method visited="true" cyclomaticComplexity="0" nPathComplexity="0" sequenceCoverage="100.0" branchCoverage="0" crapScore="0" isConstructor="false" isStatic="false" isGetter="false" isSetter="false">
              <Summary numSequencePoints="3" visitedSequencePoints="3" numBranchPoints="0" visitedBranchPoints="0" sequenceCoverage="100.0" branchCoverage="0" maxCyclomaticComplexity="0" minCyclomaticComplexity="0" maxCrapScore="0" minCrapScore="0" visitedClasses="0" numClasses="0" visitedMethods="1" numMethods="1" />
              <MetadataToken>100663327</MetadataToken>
              <Name>System.Void startBlock::Update()</Name>
              <FileRef uid="14" />
              <SequencePoints>
                <SequencePoint vc="49" uspid="1144" ordinal="0" offset="0" sl="32" sc="5" el="32" ec="5" bec="0" bev="0" fileid="14" />
                <SequencePoint vc="49" uspid="1145" ordinal="0" offset="1" sl="33" sc="9" el="33" ec="9" bec="0" bev="0" fileid="14" />
                <SequencePoint vc="49" uspid="1146" ordinal="0" offset="61" sl="34" sc="5" el="34" ec="5" bec="0" bev="0" fileid="14" />
              </SequencePoints>
              <BranchPoints />
            </Method>
            <Method visited="true" cyclomaticComplexity="0" nPathComplexity="0" sequenceCoverage="100.0" branchCoverage="0" crapScore="0" isConstructor="true" isStatic="false" isGetter="false" isSetter="false">
              <Summary numSequencePoints="1" visitedSequencePoints="1" numBranchPoints="0" visitedBranchPoints="0" sequenceCoverage="100.0" branchCoverage="0" maxCyclomaticComplexity="0" minCyclomaticComplexity="0" maxCrapScore="0" minCrapScore="0" visitedClasses="0" numClasses="0" visitedMethods="1" numMethods="1" />
              <MetadataToken>100663328</MetadataToken>
              <Name>startBlock::startBlock()</Name>
              <FileRef uid="14" />
              <SequencePoints>
                <SequencePoint vc="8" uspid="1147" ordinal="0" offset="0" sl="9" sc="5" el="9" ec="5" bec="0" bev="0" fileid="14" />
              </SequencePoints>
              <BranchPoints />
            </Method>
          </Methods>
        </Class>
        <Class>
          <Summary numSequencePoints="7" visitedSequencePoints="7" numBranchPoints="0" visitedBranchPoints="0" sequenceCoverage="100.0" branchCoverage="0.0" maxCyclomaticComplexity="0" minCyclomaticComplexity="0" maxCrapScore="0" minCrapScore="0" visitedClasses="1" numClasses="1" visitedMethods="2" numMethods="2" />
          <FullName>Brush</FullName>
          <Methods>
            <Method visited="true" cyclomaticComplexity="0" nPathComplexity="0" sequenceCoverage="100.0" branchCoverage="0" crapScore="0" isConstructor="false" isStatic="false" isGetter="false" isSetter="false">
              <Summary numSequencePoints="4" visitedSequencePoints="4" numBranchPoints="0" visitedBranchPoints="0" sequenceCoverage="100.0" branchCoverage="0" maxCyclomaticComplexity="0" minCyclomaticComplexity="0" maxCrapScore="0" minCrapScore="0" visitedClasses="0" numClasses="0" visitedMethods="1" numMethods="1" />
              <MetadataToken>100663329</MetadataToken>
              <Name>System.Void Brush::Start()</Name>
              <FileRef uid="15" />
              <SequencePoints>
                <SequencePoint vc="8" uspid="1148" ordinal="0" offset="0" sl="23" sc="5" el="23" ec="5" bec="0" bev="0" fileid="15" />
                <SequencePoint vc="8" uspid="1149" ordinal="0" offset="1" sl="25" sc="9" el="25" ec="9" bec="0" bev="0" fileid="15" />
                <SequencePoint vc="8" uspid="1150" ordinal="0" offset="23" sl="26" sc="9" el="26" ec="9" bec="0" bev="0" fileid="15" />
                <SequencePoint vc="8" uspid="1151" ordinal="0" offset="35" sl="27" sc="5" el="27" ec="5" bec="0" bev="0" fileid="15" />
              </SequencePoints>
              <BranchPoints />
            </Method>
            <Method visited="true" cyclomaticComplexity="0" nPathComplexity="0" sequenceCoverage="100.0" branchCoverage="0" crapScore="0" isConstructor="true" isStatic="false" isGetter="false" isSetter="false">
              <Summary numSequencePoints="3" visitedSequencePoints="3" numBranchPoints="0" visitedBranchPoints="0" sequenceCoverage="100.0" branchCoverage="0" maxCyclomaticComplexity="0" minCyclomaticComplexity="0" maxCrapScore="0" minCrapScore="0" visitedClasses="0" numClasses="0" visitedMethods="1" numMethods="1" />
              <MetadataToken>100663333</MetadataToken>
              <Name>Brush::Brush()</Name>
              <FileRef uid="15" />
              <SequencePoints>
                <SequencePoint vc="8" uspid="1172" ordinal="0" offset="0" sl="10" sc="5" el="10" ec="5" bec="0" bev="0" fileid="15" />
                <SequencePoint vc="8" uspid="1173" ordinal="0" offset="21" sl="15" sc="5" el="15" ec="5" bec="0" bev="0" fileid="15" />
                <SequencePoint vc="8" uspid="1174" ordinal="0" offset="32" sl="17" sc="5" el="17" ec="5" bec="0" bev="0" fileid="15" />
              </SequencePoints>
              <BranchPoints />
            </Method>
          </Methods>
        </Class>
        <Class>
          <Summary numSequencePoints="2" visitedSequencePoints="2" numBranchPoints="0" visitedBranchPoints="0" sequenceCoverage="100.0" branchCoverage="0.0" maxCyclomaticComplexity="0" minCyclomaticComplexity="0" maxCrapScore="0" minCrapScore="0" visitedClasses="1" numClasses="1" visitedMethods="1" numMethods="1" />
          <FullName>Play</FullName>
          <Methods>
            <Method visited="true" cyclomaticComplexity="0" nPathComplexity="0" sequenceCoverage="100.0" branchCoverage="0" crapScore="0" isConstructor="true" isStatic="false" isGetter="false" isSetter="false">
              <Summary numSequencePoints="2" visitedSequencePoints="2" numBranchPoints="0" visitedBranchPoints="0" sequenceCoverage="100.0" branchCoverage="0" maxCyclomaticComplexity="0" minCyclomaticComplexity="0" maxCrapScore="0" minCrapScore="0" visitedClasses="0" numClasses="0" visitedMethods="1" numMethods="1" />
              <MetadataToken>100663336</MetadataToken>
              <Name>Play::Play()</Name>
              <FileRef uid="16" />
              <SequencePoints>
                <SequencePoint vc="16" uspid="1178" ordinal="0" offset="0" sl="21" sc="5" el="21" ec="5" bec="0" bev="0" fileid="16" />
                <SequencePoint vc="16" uspid="1179" ordinal="0" offset="11" sl="30" sc="5" el="30" ec="5" bec="0" bev="0" fileid="16" />
              </SequencePoints>
              <BranchPoints />
            </Method>
          </Methods>
        </Class>
        <Class>
          <Summary numSequencePoints="5" visitedSequencePoints="5" numBranchPoints="0" visitedBranchPoints="0" sequenceCoverage="100.0" branchCoverage="0.0" maxCyclomaticComplexity="0" minCyclomaticComplexity="0" maxCrapScore="0" minCrapScore="0" visitedClasses="1" numClasses="1" visitedMethods="2" numMethods="2" />
          <FullName>BlockSpawner</FullName>
          <Methods>
            <Method visited="true" cyclomaticComplexity="0" nPathComplexity="0" sequenceCoverage="100.0" branchCoverage="0" crapScore="0" isConstructor="false" isStatic="false" isGetter="false" isSetter="false">
              <Summary numSequencePoints="4" visitedSequencePoints="4" numBranchPoints="0" visitedBranchPoints="0" sequenceCoverage="100.0" branchCoverage="0" maxCyclomaticComplexity="0" minCyclomaticComplexity="0" maxCrapScore="0" minCrapScore="0" visitedClasses="0" numClasses="0" visitedMethods="1" numMethods="1" />
              <MetadataToken>100663341</MetadataToken>
              <Name>System.Void BlockSpawner::Start()</Name>
              <FileRef uid="18" />
              <SequencePoints>
                <SequencePoint vc="24" uspid="1183" ordinal="0" offset="0" sl="15" sc="5" el="15" ec="5" bec="0" bev="0" fileid="18" />
                <SequencePoint vc="24" uspid="1184" ordinal="0" offset="1" sl="16" sc="9" el="16" ec="9" bec="0" bev="0" fileid="18" />
                <SequencePoint vc="24" uspid="1185" ordinal="0" offset="13" sl="17" sc="9" el="17" ec="9" bec="0" bev="0" fileid="18" />
                <SequencePoint vc="24" uspid="1186" ordinal="0" offset="30" sl="18" sc="5" el="18" ec="5" bec="0" bev="0" fileid="18" />
              </SequencePoints>
              <BranchPoints />
            </Method>
            <Method visited="true" cyclomaticComplexity="0" nPathComplexity="0" sequenceCoverage="100.0" branchCoverage="0" crapScore="0" isConstructor="true" isStatic="false" isGetter="false" isSetter="false">
              <Summary numSequencePoints="1" visitedSequencePoints="1" numBranchPoints="0" visitedBranchPoints="0" sequenceCoverage="100.0" branchCoverage="0" maxCyclomaticComplexity="0" minCyclomaticComplexity="0" maxCrapScore="0" minCrapScore="0" visitedClasses="0" numClasses="0" visitedMethods="1" numMethods="1" />
              <MetadataToken>100663344</MetadataToken>
              <Name>BlockSpawner::BlockSpawner()</Name>
              <FileRef uid="18" />
              <SequencePoints>
                <SequencePoint vc="24" uspid="1201" ordinal="0" offset="0" sl="11" sc="5" el="11" ec="5" bec="0" bev="0" fileid="18" />
              </SequencePoints>
              <BranchPoints />
            </Method>
          </Methods>
        </Class>
        <Class>
          <Summary numSequencePoints="3" visitedSequencePoints="3" numBranchPoints="0" visitedBranchPoints="0" sequenceCoverage="100.0" branchCoverage="0.0" maxCyclomaticComplexity="0" minCyclomaticComplexity="0" maxCrapScore="0" minCrapScore="0" visitedClasses="1" numClasses="1" visitedMethods="1" numMethods="1" />
          <FullName>Tab</FullName>
          <Methods>
            <Method visited="true" cyclomaticComplexity="0" nPathComplexity="0" sequenceCoverage="100.0" branchCoverage="0" crapScore="0" isConstructor="false" isStatic="false" isGetter="false" isSetter="false">
              <Summary numSequencePoints="3" visitedSequencePoints="3" numBranchPoints="0" visitedBranchPoints="0" sequenceCoverage="100.0" branchCoverage="0" maxCyclomaticComplexity="0" minCyclomaticComplexity="0" maxCrapScore="0" minCrapScore="0" visitedClasses="0" numClasses="0" visitedMethods="1" numMethods="1" />
              <MetadataToken>100663348</MetadataToken>
              <Name>System.Void Tab::Start()</Name>
              <FileRef uid="19" />
              <SequencePoints>
                <SequencePoint vc="24" uspid="1211" ordinal="0" offset="0" sl="26" sc="18" el="26" ec="18" bec="0" bev="0" fileid="19" />
                <SequencePoint vc="24" uspid="1212" ordinal="0" offset="1" sl="28" sc="9" el="28" ec="9" bec="0" bev="0" fileid="19" />
                <SequencePoint vc="24" uspid="1213" ordinal="0" offset="14" sl="29" sc="5" el="29" ec="5" bec="0" bev="0" fileid="19" />
              </SequencePoints>
              <BranchPoints />
            </Method>
          </Methods>
        </Class>
        <Class>
          <Summary numSequencePoints="7" visitedSequencePoints="4" numBranchPoints="0" visitedBranchPoints="0" sequenceCoverage="57.14" branchCoverage="0.0" maxCyclomaticComplexity="0" minCyclomaticComplexity="0" maxCrapScore="0" minCrapScore="0" visitedClasses="1" numClasses="1" visitedMethods="1" numMethods="1" />
          <FullName>TabGroup</FullName>
          <Methods>
            <Method visited="true" cyclomaticComplexity="0" nPathComplexity="0" sequenceCoverage="57.14" branchCoverage="0" crapScore="0" isConstructor="false" isStatic="false" isGetter="false" isSetter="false">
              <Summary numSequencePoints="7" visitedSequencePoints="4" numBranchPoints="0" visitedBranchPoints="0" sequenceCoverage="57.14" branchCoverage="0" maxCyclomaticComplexity="0" minCyclomaticComplexity="0" maxCrapScore="0" minCrapScore="0" visitedClasses="0" numClasses="0" visitedMethods="1" numMethods="1" />
              <MetadataToken>100663350</MetadataToken>
              <Name>System.Void TabGroup::Subscribe(Tab)</Name>
              <FileRef uid="20" />
              <SequencePoints>
                <SequencePoint vc="24" uspid="1214" ordinal="0" offset="0" sl="15" sc="36" el="15" ec="36" bec="0" bev="0" fileid="20" />
                <SequencePoint vc="24" uspid="1215" ordinal="0" offset="1" sl="16" sc="9" el="16" ec="9" bec="0" bev="0" fileid="20" />
                <SequencePoint vc="0" uspid="1216" ordinal="0" offset="14" sl="16" sc="26" el="16" ec="26" bec="0" bev="0" fileid="20" />
                <SequencePoint vc="0" uspid="1217" ordinal="0" offset="15" sl="17" sc="13" el="17" ec="13" bec="0" bev="0" fileid="20" />
                <SequencePoint vc="0" uspid="1218" ordinal="0" offset="26" sl="18" sc="9" el="18" ec="9" bec="0" bev="0" fileid="20" />
                <SequencePoint vc="24" uspid="1219" ordinal="0" offset="27" sl="20" sc="9" el="20" ec="9" bec="0" bev="0" fileid="20" />
                <SequencePoint vc="24" uspid="1220" ordinal="0" offset="40" sl="21" sc="5" el="21" ec="5" bec="0" bev="0" fileid="20" />
              </SequencePoints>
              <BranchPoints />
            </Method>
          </Methods>
        </Class>
      </Classes>
    </Module>
  </Modules>
</CoverageSession>