<?xml version="1.0" encoding="utf-8"?>
<CoverageSession xmlns:xsd="http://www.w3.org/2001/XMLSchema" xmlns:xsi="http://www.w3.org/2001/XMLSchema-instance" Version="0.0.0.0">
  <Summary numSequencePoints="756" visitedSequencePoints="562" numBranchPoints="0" visitedBranchPoints="0" sequenceCoverage="74.34" branchCoverage="0.0" maxCyclomaticComplexity="0" minCyclomaticComplexity="0" maxCrapScore="0" minCrapScore="0" visitedClasses="38" numClasses="38" visitedMethods="65" numMethods="65" />
  <Modules>
    <Module>
      <Summary numSequencePoints="124" visitedSequencePoints="124" numBranchPoints="0" visitedBranchPoints="0" sequenceCoverage="100.0" branchCoverage="0.0" maxCyclomaticComplexity="0" minCyclomaticComplexity="0" maxCrapScore="0" minCrapScore="0" visitedClasses="15" numClasses="15" visitedMethods="15" numMethods="15" />
      <ModuleTime>0001-01-01T00:00:00</ModuleTime>
      <ModuleName>PlaymodeTests</ModuleName>
      <Files>
        <File uid="1" fullPath="C:/Users/tz1hi/Documents/programs/2023FallTeam10-Katabasis-1/unity-app/Algorithmic Art/Assets/Play mode Tests/BlockTest.cs" />
        <File uid="2" fullPath="C:/Users/tz1hi/Documents/programs/2023FallTeam10-Katabasis-1/unity-app/Algorithmic Art/Assets/Play mode Tests/BrushTest.cs" />
        <File uid="3" fullPath="C:/Users/tz1hi/Documents/programs/2023FallTeam10-Katabasis-1/unity-app/Algorithmic Art/Assets/Play mode Tests/CanvasTest.cs" />
        <File uid="4" fullPath="C:/Users/tz1hi/Documents/programs/2023FallTeam10-Katabasis-1/unity-app/Algorithmic Art/Assets/Play mode Tests/DrawBlockTest.cs" />
        <File uid="5" fullPath="C:/Users/tz1hi/Documents/programs/2023FallTeam10-Katabasis-1/unity-app/Algorithmic Art/Assets/Play mode Tests/DrawTest.cs" />
        <File uid="6" fullPath="C:/Users/tz1hi/Documents/programs/2023FallTeam10-Katabasis-1/unity-app/Algorithmic Art/Assets/Play mode Tests/NewTestScript.cs" />
      </Files>
      <Classes>
        <Class>
          <Summary numSequencePoints="3" visitedSequencePoints="3" numBranchPoints="0" visitedBranchPoints="0" sequenceCoverage="100.0" branchCoverage="0.0" maxCyclomaticComplexity="0" minCyclomaticComplexity="0" maxCrapScore="0" minCrapScore="0" visitedClasses="1" numClasses="1" visitedMethods="1" numMethods="1" />
          <FullName>BlockIDTest</FullName>
          <Methods>
            <Method visited="true" cyclomaticComplexity="0" nPathComplexity="0" sequenceCoverage="100.0" branchCoverage="0" crapScore="0" isConstructor="false" isStatic="false" isGetter="false" isSetter="false">
              <Summary numSequencePoints="3" visitedSequencePoints="3" numBranchPoints="0" visitedBranchPoints="0" sequenceCoverage="100.0" branchCoverage="0" maxCyclomaticComplexity="0" minCyclomaticComplexity="0" maxCrapScore="0" minCrapScore="0" visitedClasses="0" numClasses="0" visitedMethods="1" numMethods="1" />
              <MetadataToken>100663297</MetadataToken>
              <Name>System.Void BlockIDTest::SetUp()</Name>
              <FileRef uid="1" />
              <SequencePoints>
                <SequencePoint vc="3" uspid="1759" ordinal="0" offset="0" sl="14" sc="5" el="14" ec="5" bec="0" bev="0" fileid="1" />
                <SequencePoint vc="3" uspid="1760" ordinal="0" offset="1" sl="15" sc="9" el="15" ec="9" bec="0" bev="0" fileid="1" />
                <SequencePoint vc="3" uspid="1761" ordinal="0" offset="12" sl="16" sc="5" el="16" ec="5" bec="0" bev="0" fileid="1" />
              </SequencePoints>
              <BranchPoints />
            </Method>
          </Methods>
        </Class>
        <Class>
          <Summary numSequencePoints="3" visitedSequencePoints="3" numBranchPoints="0" visitedBranchPoints="0" sequenceCoverage="100.0" branchCoverage="0.0" maxCyclomaticComplexity="0" minCyclomaticComplexity="0" maxCrapScore="0" minCrapScore="0" visitedClasses="1" numClasses="1" visitedMethods="1" numMethods="1" />
          <FullName>BrushTest</FullName>
          <Methods>
            <Method visited="true" cyclomaticComplexity="0" nPathComplexity="0" sequenceCoverage="100.0" branchCoverage="0" crapScore="0" isConstructor="false" isStatic="false" isGetter="false" isSetter="false">
              <Summary numSequencePoints="3" visitedSequencePoints="3" numBranchPoints="0" visitedBranchPoints="0" sequenceCoverage="100.0" branchCoverage="0" maxCyclomaticComplexity="0" minCyclomaticComplexity="0" maxCrapScore="0" minCrapScore="0" visitedClasses="0" numClasses="0" visitedMethods="1" numMethods="1" />
              <MetadataToken>100663302</MetadataToken>
              <Name>System.Void BrushTest::SetUp()</Name>
              <FileRef uid="2" />
              <SequencePoints>
                <SequencePoint vc="3" uspid="1762" ordinal="0" offset="0" sl="15" sc="5" el="15" ec="5" bec="0" bev="0" fileid="2" />
                <SequencePoint vc="3" uspid="1763" ordinal="0" offset="1" sl="16" sc="9" el="16" ec="9" bec="0" bev="0" fileid="2" />
                <SequencePoint vc="3" uspid="1764" ordinal="0" offset="12" sl="17" sc="5" el="17" ec="5" bec="0" bev="0" fileid="2" />
              </SequencePoints>
              <BranchPoints />
            </Method>
          </Methods>
        </Class>
        <Class>
          <Summary numSequencePoints="3" visitedSequencePoints="3" numBranchPoints="0" visitedBranchPoints="0" sequenceCoverage="100.0" branchCoverage="0.0" maxCyclomaticComplexity="0" minCyclomaticComplexity="0" maxCrapScore="0" minCrapScore="0" visitedClasses="1" numClasses="1" visitedMethods="1" numMethods="1" />
          <FullName>CanvasTest</FullName>
          <Methods>
            <Method visited="true" cyclomaticComplexity="0" nPathComplexity="0" sequenceCoverage="100.0" branchCoverage="0" crapScore="0" isConstructor="false" isStatic="false" isGetter="false" isSetter="false">
              <Summary numSequencePoints="3" visitedSequencePoints="3" numBranchPoints="0" visitedBranchPoints="0" sequenceCoverage="100.0" branchCoverage="0" maxCyclomaticComplexity="0" minCyclomaticComplexity="0" maxCrapScore="0" minCrapScore="0" visitedClasses="0" numClasses="0" visitedMethods="1" numMethods="1" />
              <MetadataToken>100663309</MetadataToken>
              <Name>System.Void CanvasTest::SetUp()</Name>
              <FileRef uid="3" />
              <SequencePoints>
                <SequencePoint vc="1" uspid="1769" ordinal="0" offset="0" sl="14" sc="5" el="14" ec="5" bec="0" bev="0" fileid="3" />
                <SequencePoint vc="1" uspid="1770" ordinal="0" offset="1" sl="15" sc="9" el="15" ec="9" bec="0" bev="0" fileid="3" />
                <SequencePoint vc="1" uspid="1771" ordinal="0" offset="12" sl="16" sc="5" el="16" ec="5" bec="0" bev="0" fileid="3" />
              </SequencePoints>
              <BranchPoints />
            </Method>
          </Methods>
        </Class>
        <Class>
          <Summary numSequencePoints="3" visitedSequencePoints="3" numBranchPoints="0" visitedBranchPoints="0" sequenceCoverage="100.0" branchCoverage="0.0" maxCyclomaticComplexity="0" minCyclomaticComplexity="0" maxCrapScore="0" minCrapScore="0" visitedClasses="1" numClasses="1" visitedMethods="1" numMethods="1" />
          <FullName>DrawBlockTest</FullName>
          <Methods>
            <Method visited="true" cyclomaticComplexity="0" nPathComplexity="0" sequenceCoverage="100.0" branchCoverage="0" crapScore="0" isConstructor="false" isStatic="false" isGetter="false" isSetter="false">
              <Summary numSequencePoints="3" visitedSequencePoints="3" numBranchPoints="0" visitedBranchPoints="0" sequenceCoverage="100.0" branchCoverage="0" maxCyclomaticComplexity="0" minCyclomaticComplexity="0" maxCrapScore="0" minCrapScore="0" visitedClasses="0" numClasses="0" visitedMethods="1" numMethods="1" />
              <MetadataToken>100663312</MetadataToken>
              <Name>System.Void DrawBlockTest::SetUp()</Name>
              <FileRef uid="4" />
              <SequencePoints>
                <SequencePoint vc="2" uspid="1772" ordinal="0" offset="0" sl="14" sc="5" el="14" ec="5" bec="0" bev="0" fileid="4" />
                <SequencePoint vc="2" uspid="1773" ordinal="0" offset="1" sl="15" sc="9" el="15" ec="9" bec="0" bev="0" fileid="4" />
                <SequencePoint vc="2" uspid="1774" ordinal="0" offset="12" sl="16" sc="5" el="16" ec="5" bec="0" bev="0" fileid="4" />
              </SequencePoints>
              <BranchPoints />
            </Method>
          </Methods>
        </Class>
        <Class>
          <Summary numSequencePoints="2" visitedSequencePoints="2" numBranchPoints="0" visitedBranchPoints="0" sequenceCoverage="100.0" branchCoverage="0.0" maxCyclomaticComplexity="0" minCyclomaticComplexity="0" maxCrapScore="0" minCrapScore="0" visitedClasses="1" numClasses="1" visitedMethods="1" numMethods="1" />
          <FullName>NewTestScript</FullName>
          <Methods>
            <Method visited="true" cyclomaticComplexity="0" nPathComplexity="0" sequenceCoverage="100.0" branchCoverage="0" crapScore="0" isConstructor="false" isStatic="false" isGetter="false" isSetter="false">
              <Summary numSequencePoints="2" visitedSequencePoints="2" numBranchPoints="0" visitedBranchPoints="0" sequenceCoverage="100.0" branchCoverage="0" maxCyclomaticComplexity="0" minCyclomaticComplexity="0" maxCrapScore="0" minCrapScore="0" visitedClasses="0" numClasses="0" visitedMethods="1" numMethods="1" />
              <MetadataToken>100663319</MetadataToken>
              <Name>System.Void NewTestScript::NewTestScriptSimplePasses()</Name>
              <FileRef uid="6" />
              <SequencePoints>
                <SequencePoint vc="1" uspid="1779" ordinal="0" offset="0" sl="12" sc="5" el="12" ec="5" bec="0" bev="0" fileid="6" />
                <SequencePoint vc="1" uspid="1780" ordinal="0" offset="1" sl="14" sc="5" el="14" ec="5" bec="0" bev="0" fileid="6" />
              </SequencePoints>
              <BranchPoints />
            </Method>
          </Methods>
        </Class>
        <Class>
          <Summary numSequencePoints="8" visitedSequencePoints="8" numBranchPoints="0" visitedBranchPoints="0" sequenceCoverage="100.0" branchCoverage="0.0" maxCyclomaticComplexity="0" minCyclomaticComplexity="0" maxCrapScore="0" minCrapScore="0" visitedClasses="1" numClasses="1" visitedMethods="1" numMethods="1" />
          <FullName>BlockIDTest/&lt;TestBlockTag&gt;d__1</FullName>
          <Methods>
            <Method visited="true" cyclomaticComplexity="0" nPathComplexity="0" sequenceCoverage="100.0" branchCoverage="0" crapScore="0" isConstructor="false" isStatic="false" isGetter="false" isSetter="false">
              <Summary numSequencePoints="8" visitedSequencePoints="8" numBranchPoints="0" visitedBranchPoints="0" sequenceCoverage="100.0" branchCoverage="0" maxCyclomaticComplexity="0" minCyclomaticComplexity="0" maxCrapScore="0" minCrapScore="0" visitedClasses="0" numClasses="0" visitedMethods="1" numMethods="1" />
              <MetadataToken>100663326</MetadataToken>
              <Name>System.Boolean BlockIDTest/&lt;TestBlockTag&gt;d__1::MoveNext()</Name>
              <FileRef uid="1" />
              <SequencePoints>
                <SequencePoint vc="1" uspid="1781" ordinal="0" offset="31" sl="23" sc="5" el="23" ec="5" bec="0" bev="0" fileid="1" />
                <SequencePoint vc="1" uspid="1782" ordinal="0" offset="32" sl="25" sc="9" el="25" ec="9" bec="0" bev="0" fileid="1" />
                <SequencePoint vc="1" uspid="1783" ordinal="0" offset="59" sl="29" sc="9" el="29" ec="9" bec="0" bev="0" fileid="1" />
                <SequencePoint vc="1" uspid="1784" ordinal="0" offset="75" sl="31" sc="9" el="31" ec="9" bec="0" bev="0" fileid="1" />
                <SequencePoint vc="1" uspid="1785" ordinal="0" offset="92" sl="39" sc="9" el="39" ec="9" bec="0" bev="0" fileid="1" />
                <SequencePoint vc="1" uspid="1786" ordinal="0" offset="124" sl="40" sc="9" el="40" ec="9" bec="0" bev="0" fileid="1" />
                <SequencePoint vc="1" uspid="1787" ordinal="0" offset="151" sl="41" sc="9" el="41" ec="9" bec="0" bev="0" fileid="1" />
                <SequencePoint vc="1" uspid="1788" ordinal="0" offset="173" sl="45" sc="5" el="45" ec="5" bec="0" bev="0" fileid="1" />
              </SequencePoints>
              <BranchPoints />
            </Method>
          </Methods>
        </Class>
        <Class>
          <Summary numSequencePoints="7" visitedSequencePoints="7" numBranchPoints="0" visitedBranchPoints="0" sequenceCoverage="100.0" branchCoverage="0.0" maxCyclomaticComplexity="0" minCyclomaticComplexity="0" maxCrapScore="0" minCrapScore="0" visitedClasses="1" numClasses="1" visitedMethods="1" numMethods="1" />
          <FullName>BlockIDTest/&lt;TestDrawBlockInitialize&gt;d__2</FullName>
          <Methods>
            <Method visited="true" cyclomaticComplexity="0" nPathComplexity="0" sequenceCoverage="100.0" branchCoverage="0" crapScore="0" isConstructor="false" isStatic="false" isGetter="false" isSetter="false">
              <Summary numSequencePoints="7" visitedSequencePoints="7" numBranchPoints="0" visitedBranchPoints="0" sequenceCoverage="100.0" branchCoverage="0" maxCyclomaticComplexity="0" minCyclomaticComplexity="0" maxCrapScore="0" minCrapScore="0" visitedClasses="0" numClasses="0" visitedMethods="1" numMethods="1" />
              <MetadataToken>100663332</MetadataToken>
              <Name>System.Boolean BlockIDTest/&lt;TestDrawBlockInitialize&gt;d__2::MoveNext()</Name>
              <FileRef uid="1" />
              <SequencePoints>
                <SequencePoint vc="1" uspid="1789" ordinal="0" offset="31" sl="51" sc="5" el="51" ec="5" bec="0" bev="0" fileid="1" />
                <SequencePoint vc="1" uspid="1790" ordinal="0" offset="32" sl="53" sc="9" el="53" ec="9" bec="0" bev="0" fileid="1" />
                <SequencePoint vc="1" uspid="1791" ordinal="0" offset="59" sl="56" sc="9" el="56" ec="9" bec="0" bev="0" fileid="1" />
                <SequencePoint vc="1" uspid="1792" ordinal="0" offset="70" sl="57" sc="9" el="57" ec="9" bec="0" bev="0" fileid="1" />
                <SequencePoint vc="1" uspid="1793" ordinal="0" offset="82" sl="62" sc="9" el="62" ec="9" bec="0" bev="0" fileid="1" />
                <SequencePoint vc="1" uspid="1794" ordinal="0" offset="99" sl="63" sc="9" el="63" ec="9" bec="0" bev="0" fileid="1" />
                <SequencePoint vc="1" uspid="1795" ordinal="0" offset="116" sl="65" sc="5" el="65" ec="5" bec="0" bev="0" fileid="1" />
              </SequencePoints>
              <BranchPoints />
            </Method>
          </Methods>
        </Class>
        <Class>
          <Summary numSequencePoints="7" visitedSequencePoints="7" numBranchPoints="0" visitedBranchPoints="0" sequenceCoverage="100.0" branchCoverage="0.0" maxCyclomaticComplexity="0" minCyclomaticComplexity="0" maxCrapScore="0" minCrapScore="0" visitedClasses="1" numClasses="1" visitedMethods="1" numMethods="1" />
          <FullName>BlockIDTest/&lt;TestMoveBrushBlockInitialize&gt;d__3</FullName>
          <Methods>
            <Method visited="true" cyclomaticComplexity="0" nPathComplexity="0" sequenceCoverage="100.0" branchCoverage="0" crapScore="0" isConstructor="false" isStatic="false" isGetter="false" isSetter="false">
              <Summary numSequencePoints="7" visitedSequencePoints="7" numBranchPoints="0" visitedBranchPoints="0" sequenceCoverage="100.0" branchCoverage="0" maxCyclomaticComplexity="0" minCyclomaticComplexity="0" maxCrapScore="0" minCrapScore="0" visitedClasses="0" numClasses="0" visitedMethods="1" numMethods="1" />
              <MetadataToken>100663338</MetadataToken>
              <Name>System.Boolean BlockIDTest/&lt;TestMoveBrushBlockInitialize&gt;d__3::MoveNext()</Name>
              <FileRef uid="1" />
              <SequencePoints>
                <SequencePoint vc="1" uspid="1796" ordinal="0" offset="31" sl="71" sc="5" el="71" ec="5" bec="0" bev="0" fileid="1" />
                <SequencePoint vc="1" uspid="1797" ordinal="0" offset="32" sl="73" sc="9" el="73" ec="9" bec="0" bev="0" fileid="1" />
                <SequencePoint vc="1" uspid="1798" ordinal="0" offset="59" sl="76" sc="9" el="76" ec="9" bec="0" bev="0" fileid="1" />
                <SequencePoint vc="1" uspid="1799" ordinal="0" offset="70" sl="77" sc="9" el="77" ec="9" bec="0" bev="0" fileid="1" />
                <SequencePoint vc="1" uspid="1800" ordinal="0" offset="82" sl="82" sc="9" el="82" ec="9" bec="0" bev="0" fileid="1" />
                <SequencePoint vc="1" uspid="1801" ordinal="0" offset="99" sl="83" sc="9" el="83" ec="9" bec="0" bev="0" fileid="1" />
                <SequencePoint vc="1" uspid="1802" ordinal="0" offset="116" sl="85" sc="5" el="85" ec="5" bec="0" bev="0" fileid="1" />
              </SequencePoints>
              <BranchPoints />
            </Method>
          </Methods>
        </Class>
        <Class>
          <Summary numSequencePoints="8" visitedSequencePoints="8" numBranchPoints="0" visitedBranchPoints="0" sequenceCoverage="100.0" branchCoverage="0.0" maxCyclomaticComplexity="0" minCyclomaticComplexity="0" maxCrapScore="0" minCrapScore="0" visitedClasses="1" numClasses="1" visitedMethods="1" numMethods="1" />
          <FullName>BrushTest/&lt;TestBrushObj&gt;d__1</FullName>
          <Methods>
            <Method visited="true" cyclomaticComplexity="0" nPathComplexity="0" sequenceCoverage="100.0" branchCoverage="0" crapScore="0" isConstructor="false" isStatic="false" isGetter="false" isSetter="false">
              <Summary numSequencePoints="8" visitedSequencePoints="8" numBranchPoints="0" visitedBranchPoints="0" sequenceCoverage="100.0" branchCoverage="0" maxCyclomaticComplexity="0" minCyclomaticComplexity="0" maxCrapScore="0" minCrapScore="0" visitedClasses="0" numClasses="0" visitedMethods="1" numMethods="1" />
              <MetadataToken>100663344</MetadataToken>
              <Name>System.Boolean BrushTest/&lt;TestBrushObj&gt;d__1::MoveNext()</Name>
              <FileRef uid="2" />
              <SequencePoints>
                <SequencePoint vc="1" uspid="1803" ordinal="0" offset="31" sl="26" sc="5" el="26" ec="5" bec="0" bev="0" fileid="2" />
                <SequencePoint vc="1" uspid="1804" ordinal="0" offset="32" sl="28" sc="9" el="28" ec="9" bec="0" bev="0" fileid="2" />
                <SequencePoint vc="1" uspid="1805" ordinal="0" offset="59" sl="36" sc="9" el="36" ec="9" bec="0" bev="0" fileid="2" />
                <SequencePoint vc="1" uspid="1806" ordinal="0" offset="75" sl="38" sc="9" el="38" ec="9" bec="0" bev="0" fileid="2" />
                <SequencePoint vc="1" uspid="1807" ordinal="0" offset="107" sl="39" sc="9" el="39" ec="9" bec="0" bev="0" fileid="2" />
                <SequencePoint vc="1" uspid="1808" ordinal="0" offset="134" sl="40" sc="9" el="40" ec="9" bec="0" bev="0" fileid="2" />
                <SequencePoint vc="1" uspid="1809" ordinal="0" offset="156" sl="42" sc="9" el="42" ec="9" bec="0" bev="0" fileid="2" />
                <SequencePoint vc="1" uspid="1810" ordinal="0" offset="168" sl="45" sc="5" el="45" ec="5" bec="0" bev="0" fileid="2" />
              </SequencePoints>
              <BranchPoints />
            </Method>
          </Methods>
        </Class>
        <Class>
          <Summary numSequencePoints="8" visitedSequencePoints="8" numBranchPoints="0" visitedBranchPoints="0" sequenceCoverage="100.0" branchCoverage="0.0" maxCyclomaticComplexity="0" minCyclomaticComplexity="0" maxCrapScore="0" minCrapScore="0" visitedClasses="1" numClasses="1" visitedMethods="1" numMethods="1" />
          <FullName>BrushTest/&lt;TestBrushStartPos&gt;d__2</FullName>
          <Methods>
            <Method visited="true" cyclomaticComplexity="0" nPathComplexity="0" sequenceCoverage="100.0" branchCoverage="0" crapScore="0" isConstructor="false" isStatic="false" isGetter="false" isSetter="false">
              <Summary numSequencePoints="8" visitedSequencePoints="8" numBranchPoints="0" visitedBranchPoints="0" sequenceCoverage="100.0" branchCoverage="0" maxCyclomaticComplexity="0" minCyclomaticComplexity="0" maxCrapScore="0" minCrapScore="0" visitedClasses="0" numClasses="0" visitedMethods="1" numMethods="1" />
              <MetadataToken>100663350</MetadataToken>
              <Name>System.Boolean BrushTest/&lt;TestBrushStartPos&gt;d__2::MoveNext()</Name>
              <FileRef uid="2" />
              <SequencePoints>
                <SequencePoint vc="1" uspid="1811" ordinal="0" offset="31" sl="52" sc="5" el="52" ec="5" bec="0" bev="0" fileid="2" />
                <SequencePoint vc="1" uspid="1812" ordinal="0" offset="32" sl="54" sc="9" el="54" ec="9" bec="0" bev="0" fileid="2" />
                <SequencePoint vc="1" uspid="1813" ordinal="0" offset="59" sl="62" sc="9" el="62" ec="9" bec="0" bev="0" fileid="2" />
                <SequencePoint vc="1" uspid="1814" ordinal="0" offset="75" sl="64" sc="9" el="64" ec="9" bec="0" bev="0" fileid="2" />
                <SequencePoint vc="1" uspid="1815" ordinal="0" offset="92" sl="66" sc="9" el="66" ec="9" bec="0" bev="0" fileid="2" />
                <SequencePoint vc="1" uspid="1816" ordinal="0" offset="109" sl="68" sc="9" el="68" ec="9" bec="0" bev="0" fileid="2" />
                <SequencePoint vc="1" uspid="1817" ordinal="0" offset="141" sl="70" sc="9" el="70" ec="9" bec="0" bev="0" fileid="2" />
                <SequencePoint vc="1" uspid="1818" ordinal="0" offset="153" sl="73" sc="5" el="73" ec="5" bec="0" bev="0" fileid="2" />
              </SequencePoints>
              <BranchPoints />
            </Method>
          </Methods>
        </Class>
        <Class>
          <Summary numSequencePoints="15" visitedSequencePoints="15" numBranchPoints="0" visitedBranchPoints="0" sequenceCoverage="100.0" branchCoverage="0.0" maxCyclomaticComplexity="0" minCyclomaticComplexity="0" maxCrapScore="0" minCrapScore="0" visitedClasses="1" numClasses="1" visitedMethods="1" numMethods="1" />
          <FullName>BrushTest/&lt;TestMoveBrush&gt;d__3</FullName>
          <Methods>
            <Method visited="true" cyclomaticComplexity="0" nPathComplexity="0" sequenceCoverage="100.0" branchCoverage="0" crapScore="0" isConstructor="false" isStatic="false" isGetter="false" isSetter="false">
              <Summary numSequencePoints="15" visitedSequencePoints="15" numBranchPoints="0" visitedBranchPoints="0" sequenceCoverage="100.0" branchCoverage="0" maxCyclomaticComplexity="0" minCyclomaticComplexity="0" maxCrapScore="0" minCrapScore="0" visitedClasses="0" numClasses="0" visitedMethods="1" numMethods="1" />
              <MetadataToken>100663356</MetadataToken>
              <Name>System.Boolean BrushTest/&lt;TestMoveBrush&gt;d__3::MoveNext()</Name>
              <FileRef uid="2" />
              <SequencePoints>
                <SequencePoint vc="1" uspid="1819" ordinal="0" offset="31" sl="80" sc="5" el="80" ec="5" bec="0" bev="0" fileid="2" />
                <SequencePoint vc="1" uspid="1820" ordinal="0" offset="32" sl="82" sc="9" el="82" ec="9" bec="0" bev="0" fileid="2" />
                <SequencePoint vc="1" uspid="1821" ordinal="0" offset="59" sl="84" sc="9" el="84" ec="9" bec="0" bev="0" fileid="2" />
                <SequencePoint vc="1" uspid="1822" ordinal="0" offset="75" sl="86" sc="9" el="86" ec="9" bec="0" bev="0" fileid="2" />
                <SequencePoint vc="1" uspid="1823" ordinal="0" offset="92" sl="87" sc="9" el="87" ec="9" bec="0" bev="0" fileid="2" />
                <SequencePoint vc="1" uspid="1824" ordinal="0" offset="109" sl="89" sc="9" el="89" ec="9" bec="0" bev="0" fileid="2" />
                <SequencePoint vc="1" uspid="1825" ordinal="0" offset="126" sl="91" sc="9" el="91" ec="9" bec="0" bev="0" fileid="2" />
                <SequencePoint vc="1" uspid="1826" ordinal="0" offset="158" sl="93" sc="9" el="93" ec="9" bec="0" bev="0" fileid="2" />
                <SequencePoint vc="1" uspid="1827" ordinal="0" offset="169" sl="96" sc="9" el="96" ec="9" bec="0" bev="0" fileid="2" />
                <SequencePoint vc="1" uspid="1828" ordinal="0" offset="186" sl="97" sc="9" el="97" ec="9" bec="0" bev="0" fileid="2" />
                <SequencePoint vc="1" uspid="1829" ordinal="0" offset="198" sl="98" sc="9" el="98" ec="9" bec="0" bev="0" fileid="2" />
                <SequencePoint vc="1" uspid="1830" ordinal="0" offset="210" sl="100" sc="9" el="100" ec="9" bec="0" bev="0" fileid="2" />
                <SequencePoint vc="1" uspid="1831" ordinal="0" offset="222" sl="101" sc="9" el="101" ec="9" bec="0" bev="0" fileid="2" />
                <SequencePoint vc="1" uspid="1832" ordinal="0" offset="239" sl="102" sc="9" el="102" ec="9" bec="0" bev="0" fileid="2" />
                <SequencePoint vc="1" uspid="1833" ordinal="0" offset="256" sl="123" sc="5" el="123" ec="5" bec="0" bev="0" fileid="2" />
              </SequencePoints>
              <BranchPoints />
            </Method>
          </Methods>
        </Class>
        <Class>
          <Summary numSequencePoints="6" visitedSequencePoints="6" numBranchPoints="0" visitedBranchPoints="0" sequenceCoverage="100.0" branchCoverage="0.0" maxCyclomaticComplexity="0" minCyclomaticComplexity="0" maxCrapScore="0" minCrapScore="0" visitedClasses="1" numClasses="1" visitedMethods="1" numMethods="1" />
          <FullName>CanvasTest/&lt;TestCameraChange&gt;d__1</FullName>
          <Methods>
            <Method visited="true" cyclomaticComplexity="0" nPathComplexity="0" sequenceCoverage="100.0" branchCoverage="0" crapScore="0" isConstructor="false" isStatic="false" isGetter="false" isSetter="false">
              <Summary numSequencePoints="6" visitedSequencePoints="6" numBranchPoints="0" visitedBranchPoints="0" sequenceCoverage="100.0" branchCoverage="0" maxCyclomaticComplexity="0" minCyclomaticComplexity="0" maxCrapScore="0" minCrapScore="0" visitedClasses="0" numClasses="0" visitedMethods="1" numMethods="1" />
              <MetadataToken>100663362</MetadataToken>
              <Name>System.Boolean CanvasTest/&lt;TestCameraChange&gt;d__1::MoveNext()</Name>
              <FileRef uid="3" />
              <SequencePoints>
                <SequencePoint vc="1" uspid="1834" ordinal="0" offset="31" sl="22" sc="5" el="22" ec="5" bec="0" bev="0" fileid="3" />
                <SequencePoint vc="1" uspid="1835" ordinal="0" offset="32" sl="24" sc="9" el="24" ec="9" bec="0" bev="0" fileid="3" />
                <SequencePoint vc="1" uspid="1836" ordinal="0" offset="59" sl="26" sc="9" el="26" ec="9" bec="0" bev="0" fileid="3" />
                <SequencePoint vc="1" uspid="1837" ordinal="0" offset="75" sl="28" sc="9" el="28" ec="9" bec="0" bev="0" fileid="3" />
                <SequencePoint vc="1" uspid="1838" ordinal="0" offset="91" sl="30" sc="9" el="30" ec="9" bec="0" bev="0" fileid="3" />
                <SequencePoint vc="1" uspid="1839" ordinal="0" offset="108" sl="40" sc="5" el="40" ec="5" bec="0" bev="0" fileid="3" />
              </SequencePoints>
              <BranchPoints />
            </Method>
          </Methods>
        </Class>
        <Class>
          <Summary numSequencePoints="27" visitedSequencePoints="27" numBranchPoints="0" visitedBranchPoints="0" sequenceCoverage="100.0" branchCoverage="0.0" maxCyclomaticComplexity="0" minCyclomaticComplexity="0" maxCrapScore="0" minCrapScore="0" visitedClasses="1" numClasses="1" visitedMethods="1" numMethods="1" />
          <FullName>DrawBlockTest/&lt;TestDrawBlock&gt;d__1</FullName>
          <Methods>
            <Method visited="true" cyclomaticComplexity="0" nPathComplexity="0" sequenceCoverage="100.0" branchCoverage="0" crapScore="0" isConstructor="false" isStatic="false" isGetter="false" isSetter="false">
              <Summary numSequencePoints="27" visitedSequencePoints="27" numBranchPoints="0" visitedBranchPoints="0" sequenceCoverage="100.0" branchCoverage="0" maxCyclomaticComplexity="0" minCyclomaticComplexity="0" maxCrapScore="0" minCrapScore="0" visitedClasses="0" numClasses="0" visitedMethods="1" numMethods="1" />
              <MetadataToken>100663368</MetadataToken>
              <Name>System.Boolean DrawBlockTest/&lt;TestDrawBlock&gt;d__1::MoveNext()</Name>
              <FileRef uid="4" />
              <SequencePoints>
                <SequencePoint vc="1" uspid="1840" ordinal="0" offset="31" sl="23" sc="5" el="23" ec="5" bec="0" bev="0" fileid="4" />
                <SequencePoint vc="1" uspid="1841" ordinal="0" offset="32" sl="25" sc="9" el="25" ec="9" bec="0" bev="0" fileid="4" />
                <SequencePoint vc="1" uspid="1842" ordinal="0" offset="59" sl="29" sc="9" el="29" ec="9" bec="0" bev="0" fileid="4" />
                <SequencePoint vc="1" uspid="1843" ordinal="0" offset="75" sl="30" sc="9" el="30" ec="9" bec="0" bev="0" fileid="4" />
                <SequencePoint vc="1" uspid="1844" ordinal="0" offset="91" sl="31" sc="9" el="31" ec="9" bec="0" bev="0" fileid="4" />
                <SequencePoint vc="1" uspid="1845" ordinal="0" offset="107" sl="33" sc="9" el="33" ec="9" bec="0" bev="0" fileid="4" />
                <SequencePoint vc="1" uspid="1846" ordinal="0" offset="124" sl="37" sc="9" el="37" ec="9" bec="0" bev="0" fileid="4" />
                <SequencePoint vc="1" uspid="1847" ordinal="0" offset="140" sl="38" sc="9" el="38" ec="9" bec="0" bev="0" fileid="4" />
                <SequencePoint vc="1" uspid="1848" ordinal="0" offset="156" sl="40" sc="9" el="40" ec="9" bec="0" bev="0" fileid="4" />
                <SequencePoint vc="1" uspid="1849" ordinal="0" offset="173" sl="41" sc="9" el="41" ec="9" bec="0" bev="0" fileid="4" />
                <SequencePoint vc="1" uspid="1850" ordinal="0" offset="190" sl="42" sc="9" el="42" ec="9" bec="0" bev="0" fileid="4" />
                <SequencePoint vc="1" uspid="1851" ordinal="0" offset="213" sl="43" sc="9" el="43" ec="9" bec="0" bev="0" fileid="4" />
                <SequencePoint vc="1" uspid="1852" ordinal="0" offset="230" sl="47" sc="9" el="47" ec="9" bec="0" bev="0" fileid="4" />
                <SequencePoint vc="1" uspid="1853" ordinal="0" offset="262" sl="48" sc="9" el="48" ec="9" bec="0" bev="0" fileid="4" />
                <SequencePoint vc="1" uspid="1854" ordinal="0" offset="289" sl="49" sc="9" el="49" ec="9" bec="0" bev="0" fileid="4" />
                <SequencePoint vc="1" uspid="1855" ordinal="0" offset="311" sl="51" sc="9" el="51" ec="9" bec="0" bev="0" fileid="4" />
                <SequencePoint vc="1" uspid="1856" ordinal="0" offset="328" sl="54" sc="9" el="54" ec="9" bec="0" bev="0" fileid="4" />
                <SequencePoint vc="1" uspid="1857" ordinal="0" offset="345" sl="55" sc="9" el="55" ec="9" bec="0" bev="0" fileid="4" />
                <SequencePoint vc="1" uspid="1858" ordinal="0" offset="362" sl="56" sc="9" el="56" ec="9" bec="0" bev="0" fileid="4" />
                <SequencePoint vc="1" uspid="1859" ordinal="0" offset="379" sl="58" sc="9" el="58" ec="9" bec="0" bev="0" fileid="4" />
                <SequencePoint vc="1" uspid="1860" ordinal="0" offset="391" sl="60" sc="9" el="60" ec="9" bec="0" bev="0" fileid="4" />
                <SequencePoint vc="1" uspid="1861" ordinal="0" offset="403" sl="61" sc="9" el="61" ec="9" bec="0" bev="0" fileid="4" />
                <SequencePoint vc="1" uspid="1862" ordinal="0" offset="415" sl="64" sc="9" el="64" ec="9" bec="0" bev="0" fileid="4" />
                <SequencePoint vc="1" uspid="1863" ordinal="0" offset="427" sl="65" sc="9" el="65" ec="9" bec="0" bev="0" fileid="4" />
                <SequencePoint vc="1" uspid="1864" ordinal="0" offset="439" sl="67" sc="9" el="67" ec="9" bec="0" bev="0" fileid="4" />
                <SequencePoint vc="1" uspid="1865" ordinal="0" offset="451" sl="68" sc="9" el="68" ec="9" bec="0" bev="0" fileid="4" />
                <SequencePoint vc="1" uspid="1866" ordinal="0" offset="463" sl="71" sc="5" el="71" ec="5" bec="0" bev="0" fileid="4" />
              </SequencePoints>
              <BranchPoints />
            </Method>
          </Methods>
        </Class>
        <Class>
          <Summary numSequencePoints="21" visitedSequencePoints="21" numBranchPoints="0" visitedBranchPoints="0" sequenceCoverage="100.0" branchCoverage="0.0" maxCyclomaticComplexity="0" minCyclomaticComplexity="0" maxCrapScore="0" minCrapScore="0" visitedClasses="1" numClasses="1" visitedMethods="1" numMethods="1" />
          <FullName>DrawBlockTest/&lt;TestDrawBlockDropDown&gt;d__2</FullName>
          <Methods>
            <Method visited="true" cyclomaticComplexity="0" nPathComplexity="0" sequenceCoverage="100.0" branchCoverage="0" crapScore="0" isConstructor="false" isStatic="false" isGetter="false" isSetter="false">
              <Summary numSequencePoints="21" visitedSequencePoints="21" numBranchPoints="0" visitedBranchPoints="0" sequenceCoverage="100.0" branchCoverage="0" maxCyclomaticComplexity="0" minCyclomaticComplexity="0" maxCrapScore="0" minCrapScore="0" visitedClasses="0" numClasses="0" visitedMethods="1" numMethods="1" />
              <MetadataToken>100663374</MetadataToken>
              <Name>System.Boolean DrawBlockTest/&lt;TestDrawBlockDropDown&gt;d__2::MoveNext()</Name>
              <FileRef uid="4" />
              <SequencePoints>
                <SequencePoint vc="1" uspid="1867" ordinal="0" offset="31" sl="75" sc="5" el="75" ec="5" bec="0" bev="0" fileid="4" />
                <SequencePoint vc="1" uspid="1868" ordinal="0" offset="32" sl="77" sc="9" el="77" ec="9" bec="0" bev="0" fileid="4" />
                <SequencePoint vc="1" uspid="1869" ordinal="0" offset="59" sl="81" sc="9" el="81" ec="9" bec="0" bev="0" fileid="4" />
                <SequencePoint vc="1" uspid="1870" ordinal="0" offset="75" sl="82" sc="9" el="82" ec="9" bec="0" bev="0" fileid="4" />
                <SequencePoint vc="1" uspid="1871" ordinal="0" offset="91" sl="83" sc="9" el="83" ec="9" bec="0" bev="0" fileid="4" />
                <SequencePoint vc="1" uspid="1872" ordinal="0" offset="107" sl="85" sc="9" el="85" ec="9" bec="0" bev="0" fileid="4" />
                <SequencePoint vc="1" uspid="1873" ordinal="0" offset="124" sl="89" sc="9" el="89" ec="9" bec="0" bev="0" fileid="4" />
                <SequencePoint vc="1" uspid="1874" ordinal="0" offset="140" sl="90" sc="9" el="90" ec="9" bec="0" bev="0" fileid="4" />
                <SequencePoint vc="1" uspid="1875" ordinal="0" offset="156" sl="92" sc="9" el="92" ec="9" bec="0" bev="0" fileid="4" />
                <SequencePoint vc="1" uspid="1876" ordinal="0" offset="173" sl="93" sc="9" el="93" ec="9" bec="0" bev="0" fileid="4" />
                <SequencePoint vc="1" uspid="1877" ordinal="0" offset="190" sl="94" sc="9" el="94" ec="9" bec="0" bev="0" fileid="4" />
                <SequencePoint vc="1" uspid="1878" ordinal="0" offset="213" sl="95" sc="9" el="95" ec="9" bec="0" bev="0" fileid="4" />
                <SequencePoint vc="1" uspid="1879" ordinal="0" offset="230" sl="99" sc="9" el="99" ec="9" bec="0" bev="0" fileid="4" />
                <SequencePoint vc="1" uspid="1880" ordinal="0" offset="262" sl="100" sc="9" el="100" ec="9" bec="0" bev="0" fileid="4" />
                <SequencePoint vc="1" uspid="1881" ordinal="0" offset="289" sl="101" sc="9" el="101" ec="9" bec="0" bev="0" fileid="4" />
                <SequencePoint vc="1" uspid="1882" ordinal="0" offset="311" sl="103" sc="9" el="103" ec="9" bec="0" bev="0" fileid="4" />
                <SequencePoint vc="1" uspid="1883" ordinal="0" offset="328" sl="107" sc="9" el="107" ec="9" bec="0" bev="0" fileid="4" />
                <SequencePoint vc="1" uspid="1884" ordinal="0" offset="345" sl="108" sc="9" el="108" ec="9" bec="0" bev="0" fileid="4" />
                <SequencePoint vc="1" uspid="1885" ordinal="0" offset="362" sl="109" sc="9" el="109" ec="9" bec="0" bev="0" fileid="4" />
                <SequencePoint vc="1" uspid="1886" ordinal="0" offset="379" sl="111" sc="9" el="111" ec="9" bec="0" bev="0" fileid="4" />
                <SequencePoint vc="1" uspid="1887" ordinal="0" offset="391" sl="114" sc="5" el="114" ec="5" bec="0" bev="0" fileid="4" />
              </SequencePoints>
              <BranchPoints />
            </Method>
          </Methods>
        </Class>
        <Class>
          <Summary numSequencePoints="3" visitedSequencePoints="3" numBranchPoints="0" visitedBranchPoints="0" sequenceCoverage="100.0" branchCoverage="0.0" maxCyclomaticComplexity="0" minCyclomaticComplexity="0" maxCrapScore="0" minCrapScore="0" visitedClasses="1" numClasses="1" visitedMethods="1" numMethods="1" />
          <FullName>NewTestScript/&lt;NewTestScriptWithEnumeratorPasses&gt;d__1</FullName>
          <Methods>
            <Method visited="true" cyclomaticComplexity="0" nPathComplexity="0" sequenceCoverage="100.0" branchCoverage="0" crapScore="0" isConstructor="false" isStatic="false" isGetter="false" isSetter="false">
              <Summary numSequencePoints="3" visitedSequencePoints="3" numBranchPoints="0" visitedBranchPoints="0" sequenceCoverage="100.0" branchCoverage="0" maxCyclomaticComplexity="0" minCyclomaticComplexity="0" maxCrapScore="0" minCrapScore="0" visitedClasses="0" numClasses="0" visitedMethods="1" numMethods="1" />
              <MetadataToken>100663380</MetadataToken>
              <Name>System.Boolean NewTestScript/&lt;NewTestScriptWithEnumeratorPasses&gt;d__1::MoveNext()</Name>
              <FileRef uid="6" />
              <SequencePoints>
                <SequencePoint vc="1" uspid="1888" ordinal="0" offset="31" sl="20" sc="5" el="20" ec="5" bec="0" bev="0" fileid="6" />
                <SequencePoint vc="1" uspid="1889" ordinal="0" offset="32" sl="23" sc="9" el="23" ec="9" bec="0" bev="0" fileid="6" />
                <SequencePoint vc="1" uspid="1890" ordinal="0" offset="55" sl="24" sc="5" el="24" ec="5" bec="0" bev="0" fileid="6" />
              </SequencePoints>
              <BranchPoints />
            </Method>
          </Methods>
        </Class>
      </Classes>
    </Module>
    <Module>
      <Summary numSequencePoints="632" visitedSequencePoints="438" numBranchPoints="0" visitedBranchPoints="0" sequenceCoverage="69.30" branchCoverage="0.0" maxCyclomaticComplexity="0" minCyclomaticComplexity="0" maxCrapScore="0" minCrapScore="0" visitedClasses="23" numClasses="23" visitedMethods="50" numMethods="50" />
      <ModuleTime>0001-01-01T00:00:00</ModuleTime>
      <ModuleName>ProjectScripts</ModuleName>
      <Files>
        <File uid="7" fullPath="C:/Users/tz1hi/Documents/programs/2023FallTeam10-Katabasis-1/unity-app/Algorithmic Art/Assets/Scripts/BlockScripts/Block.cs" />
        <File uid="8" fullPath="C:/Users/tz1hi/Documents/programs/2023FallTeam10-Katabasis-1/unity-app/Algorithmic Art/Assets/Scripts/BlockScripts/blockMover.cs" />
        <File uid="9" fullPath="C:/Users/tz1hi/Documents/programs/2023FallTeam10-Katabasis-1/unity-app/Algorithmic Art/Assets/Scripts/BlockScripts/CanvasSorting.cs" />
        <File uid="10" fullPath="C:/Users/tz1hi/Documents/programs/2023FallTeam10-Katabasis-1/unity-app/Algorithmic Art/Assets/Scripts/BlockScripts/colorBlock/colorBlock.cs" />
        <File uid="11" fullPath="C:/Users/tz1hi/Documents/programs/2023FallTeam10-Katabasis-1/unity-app/Algorithmic Art/Assets/Scripts/BlockScripts/colorBlock/colorBlockDropDown.cs" />
        <File uid="12" fullPath="C:/Users/tz1hi/Documents/programs/2023FallTeam10-Katabasis-1/unity-app/Algorithmic Art/Assets/Scripts/BlockScripts/drawBlock/drawBlock.cs" />
        <File uid="13" fullPath="C:/Users/tz1hi/Documents/programs/2023FallTeam10-Katabasis-1/unity-app/Algorithmic Art/Assets/Scripts/BlockScripts/drawBlock/drawBlockDropDown.cs" />
        <File uid="14" fullPath="C:/Users/tz1hi/Documents/programs/2023FallTeam10-Katabasis-1/unity-app/Algorithmic Art/Assets/Scripts/BlockScripts/moveBrush.cs" />
        <File uid="15" fullPath="C:/Users/tz1hi/Documents/programs/2023FallTeam10-Katabasis-1/unity-app/Algorithmic Art/Assets/Scripts/BlockScripts/nested/duplicate/duplicateBlock.cs" />
        <File uid="16" fullPath="C:/Users/tz1hi/Documents/programs/2023FallTeam10-Katabasis-1/unity-app/Algorithmic Art/Assets/Scripts/BlockScripts/nested/duplicate/duplicateBlockBottom.cs" />
        <File uid="17" fullPath="C:/Users/tz1hi/Documents/programs/2023FallTeam10-Katabasis-1/unity-app/Algorithmic Art/Assets/Scripts/BlockScripts/nested/function/function.cs" />
        <File uid="18" fullPath="C:/Users/tz1hi/Documents/programs/2023FallTeam10-Katabasis-1/unity-app/Algorithmic Art/Assets/Scripts/BlockScripts/nested/function/functionStart.cs" />
        <File uid="19" fullPath="C:/Users/tz1hi/Documents/programs/2023FallTeam10-Katabasis-1/unity-app/Algorithmic Art/Assets/Scripts/BlockScripts/nested/loop/loopBlock.cs" />
        <File uid="20" fullPath="C:/Users/tz1hi/Documents/programs/2023FallTeam10-Katabasis-1/unity-app/Algorithmic Art/Assets/Scripts/BlockScripts/nested/loop/loopBlockBottom.cs" />
        <File uid="21" fullPath="C:/Users/tz1hi/Documents/programs/2023FallTeam10-Katabasis-1/unity-app/Algorithmic Art/Assets/Scripts/BlockScripts/nested/mirror/mirrorBlock.cs" />
        <File uid="22" fullPath="C:/Users/tz1hi/Documents/programs/2023FallTeam10-Katabasis-1/unity-app/Algorithmic Art/Assets/Scripts/BlockScripts/nested/mirror/mirrorBlockBottom.cs" />
        <File uid="23" fullPath="C:/Users/tz1hi/Documents/programs/2023FallTeam10-Katabasis-1/unity-app/Algorithmic Art/Assets/Scripts/BlockScripts/nested/mirror/mirrorBlockDropdown.cs" />
        <File uid="24" fullPath="C:/Users/tz1hi/Documents/programs/2023FallTeam10-Katabasis-1/unity-app/Algorithmic Art/Assets/Scripts/BlockScripts/nested/NestedBlock.cs" />
        <File uid="25" fullPath="C:/Users/tz1hi/Documents/programs/2023FallTeam10-Katabasis-1/unity-app/Algorithmic Art/Assets/Scripts/BlockScripts/nested/nestedBottom.cs" />
        <File uid="26" fullPath="C:/Users/tz1hi/Documents/programs/2023FallTeam10-Katabasis-1/unity-app/Algorithmic Art/Assets/Scripts/BlockScripts/RaycastList.cs" />
        <File uid="27" fullPath="C:/Users/tz1hi/Documents/programs/2023FallTeam10-Katabasis-1/unity-app/Algorithmic Art/Assets/Scripts/BlockScripts/startBlock.cs" />
        <File uid="28" fullPath="C:/Users/tz1hi/Documents/programs/2023FallTeam10-Katabasis-1/unity-app/Algorithmic Art/Assets/Scripts/BlockScripts/WidthBlock/widthBlock.cs" />
        <File uid="29" fullPath="C:/Users/tz1hi/Documents/programs/2023FallTeam10-Katabasis-1/unity-app/Algorithmic Art/Assets/Scripts/BlockScripts/WidthBlock/WidthBlockDropDown.cs" />
        <File uid="30" fullPath="C:/Users/tz1hi/Documents/programs/2023FallTeam10-Katabasis-1/unity-app/Algorithmic Art/Assets/Scripts/UIDrawScripts/Brush.cs" />
        <File uid="31" fullPath="C:/Users/tz1hi/Documents/programs/2023FallTeam10-Katabasis-1/unity-app/Algorithmic Art/Assets/Scripts/UIDrawScripts/ChangeCamera.cs" />
        <File uid="32" fullPath="C:/Users/tz1hi/Documents/programs/2023FallTeam10-Katabasis-1/unity-app/Algorithmic Art/Assets/Scripts/UIDrawScripts/DeleteAll.cs" />
        <File uid="33" fullPath="C:/Users/tz1hi/Documents/programs/2023FallTeam10-Katabasis-1/unity-app/Algorithmic Art/Assets/Scripts/UIDrawScripts/GetImageSize.cs" />
        <File uid="34" fullPath="C:/Users/tz1hi/Documents/programs/2023FallTeam10-Katabasis-1/unity-app/Algorithmic Art/Assets/Scripts/UIDrawScripts/Play.cs" />
        <File uid="35" fullPath="C:/Users/tz1hi/Documents/programs/2023FallTeam10-Katabasis-1/unity-app/Algorithmic Art/Assets/Scripts/UIDrawScripts/TakeScreenshotAndSend.cs" />
        <File uid="36" fullPath="C:/Users/tz1hi/Documents/programs/2023FallTeam10-Katabasis-1/unity-app/Algorithmic Art/Assets/Scripts/UITabScripts/BlockSpawner.cs" />
        <File uid="37" fullPath="C:/Users/tz1hi/Documents/programs/2023FallTeam10-Katabasis-1/unity-app/Algorithmic Art/Assets/Scripts/UITabScripts/GridHandler.cs" />
        <File uid="38" fullPath="C:/Users/tz1hi/Documents/programs/2023FallTeam10-Katabasis-1/unity-app/Algorithmic Art/Assets/Scripts/UITabScripts/MoveAllBlocks.cs" />
        <File uid="39" fullPath="C:/Users/tz1hi/Documents/programs/2023FallTeam10-Katabasis-1/unity-app/Algorithmic Art/Assets/Scripts/UITabScripts/Scroll.cs" />
        <File uid="40" fullPath="C:/Users/tz1hi/Documents/programs/2023FallTeam10-Katabasis-1/unity-app/Algorithmic Art/Assets/Scripts/UITabScripts/ScrollbarSync.cs" />
        <File uid="41" fullPath="C:/Users/tz1hi/Documents/programs/2023FallTeam10-Katabasis-1/unity-app/Algorithmic Art/Assets/Scripts/UITabScripts/scrollScript.cs" />
        <File uid="42" fullPath="C:/Users/tz1hi/Documents/programs/2023FallTeam10-Katabasis-1/unity-app/Algorithmic Art/Assets/Scripts/UITabScripts/ScrollSync.cs" />
        <File uid="43" fullPath="C:/Users/tz1hi/Documents/programs/2023FallTeam10-Katabasis-1/unity-app/Algorithmic Art/Assets/Scripts/UITabScripts/Tab.cs" />
        <File uid="44" fullPath="C:/Users/tz1hi/Documents/programs/2023FallTeam10-Katabasis-1/unity-app/Algorithmic Art/Assets/Scripts/UITabScripts/TabGroup.cs" />
      </Files>
      <Classes>
        <Class>
          <Summary numSequencePoints="85" visitedSequencePoints="14" numBranchPoints="0" visitedBranchPoints="0" sequenceCoverage="16.47" branchCoverage="0.0" maxCyclomaticComplexity="0" minCyclomaticComplexity="0" maxCrapScore="0" minCrapScore="0" visitedClasses="1" numClasses="1" visitedMethods="2" numMethods="2" />
          <FullName>blockMover</FullName>
          <Methods>
            <Method visited="true" cyclomaticComplexity="0" nPathComplexity="0" sequenceCoverage="5.33" branchCoverage="0" crapScore="0" isConstructor="false" isStatic="false" isGetter="false" isSetter="false">
              <Summary numSequencePoints="75" visitedSequencePoints="4" numBranchPoints="0" visitedBranchPoints="0" sequenceCoverage="5.33" branchCoverage="0" maxCyclomaticComplexity="0" minCyclomaticComplexity="0" maxCrapScore="0" minCrapScore="0" visitedClasses="0" numClasses="0" visitedMethods="1" numMethods="1" />
              <MetadataToken>100663302</MetadataToken>
              <Name>System.Void blockMover::Update()</Name>
              <FileRef uid="8" />
              <SequencePoints>
                <SequencePoint vc="34" uspid="1914" ordinal="0" offset="0" sl="51" sc="5" el="51" ec="5" bec="0" bev="0" fileid="8" />
                <SequencePoint vc="34" uspid="1915" ordinal="0" offset="1" sl="55" sc="9" el="55" ec="9" bec="0" bev="0" fileid="8" />
                <SequencePoint vc="0" uspid="1916" ordinal="0" offset="14" sl="56" sc="9" el="56" ec="9" bec="0" bev="0" fileid="8" />
                <SequencePoint vc="0" uspid="1917" ordinal="0" offset="15" sl="58" sc="13" el="58" ec="13" bec="0" bev="0" fileid="8" />
                <SequencePoint vc="0" uspid="1918" ordinal="0" offset="23" sl="60" sc="13" el="60" ec="13" bec="0" bev="0" fileid="8" />
                <SequencePoint vc="0" uspid="1919" ordinal="0" offset="53" sl="61" sc="13" el="61" ec="13" bec="0" bev="0" fileid="8" />
                <SequencePoint vc="0" uspid="1920" ordinal="0" offset="54" sl="62" sc="17" el="62" ec="17" bec="0" bev="0" fileid="8" />
                <SequencePoint vc="0" uspid="1921" ordinal="0" offset="65" sl="63" sc="17" el="63" ec="17" bec="0" bev="0" fileid="8" />
                <SequencePoint vc="0" uspid="1922" ordinal="0" offset="81" sl="65" sc="13" el="65" ec="13" bec="0" bev="0" fileid="8" />
                <SequencePoint vc="0" uspid="1923" ordinal="0" offset="84" sl="66" sc="18" el="66" ec="18" bec="0" bev="0" fileid="8" />
                <SequencePoint vc="0" uspid="1924" ordinal="0" offset="118" sl="67" sc="13" el="67" ec="13" bec="0" bev="0" fileid="8" />
                <SequencePoint vc="0" uspid="1925" ordinal="0" offset="119" sl="68" sc="17" el="68" ec="17" bec="0" bev="0" fileid="8" />
                <SequencePoint vc="0" uspid="1926" ordinal="0" offset="131" sl="69" sc="17" el="69" ec="17" bec="0" bev="0" fileid="8" />
                <SequencePoint vc="0" uspid="1927" ordinal="0" offset="148" sl="70" sc="13" el="70" ec="13" bec="0" bev="0" fileid="8" />
                <SequencePoint vc="0" uspid="1928" ordinal="0" offset="149" sl="72" sc="13" el="72" ec="13" bec="0" bev="0" fileid="8" />
                <SequencePoint vc="0" uspid="1929" ordinal="0" offset="179" sl="75" sc="13" el="75" ec="13" bec="0" bev="0" fileid="8" />
                <SequencePoint vc="0" uspid="1930" ordinal="0" offset="198" sl="76" sc="13" el="76" ec="13" bec="0" bev="0" fileid="8" />
                <SequencePoint vc="0" uspid="1931" ordinal="0" offset="199" sl="77" sc="17" el="77" ec="17" bec="0" bev="0" fileid="8" />
                <SequencePoint vc="0" uspid="1932" ordinal="0" offset="217" sl="78" sc="13" el="78" ec="13" bec="0" bev="0" fileid="8" />
                <SequencePoint vc="0" uspid="1933" ordinal="0" offset="218" sl="81" sc="13" el="81" ec="13" bec="0" bev="0" fileid="8" />
                <SequencePoint vc="0" uspid="1934" ordinal="0" offset="259" sl="82" sc="13" el="82" ec="13" bec="0" bev="0" fileid="8" />
                <SequencePoint vc="0" uspid="1935" ordinal="0" offset="260" sl="84" sc="13" el="84" ec="13" bec="0" bev="0" fileid="8" />
                <SequencePoint vc="0" uspid="1936" ordinal="0" offset="266" sl="85" sc="18" el="85" ec="18" bec="0" bev="0" fileid="8" />
                <SequencePoint vc="0" uspid="1937" ordinal="0" offset="310" sl="86" sc="13" el="86" ec="13" bec="0" bev="0" fileid="8" />
                <SequencePoint vc="0" uspid="1938" ordinal="0" offset="311" sl="88" sc="17" el="88" ec="17" bec="0" bev="0" fileid="8" />
                <SequencePoint vc="0" uspid="1939" ordinal="0" offset="329" sl="90" sc="17" el="90" ec="17" bec="0" bev="0" fileid="8" />
                <SequencePoint vc="0" uspid="1940" ordinal="0" offset="346" sl="92" sc="17" el="92" ec="17" bec="0" bev="0" fileid="8" />
                <SequencePoint vc="0" uspid="1941" ordinal="0" offset="372" sl="93" sc="17" el="93" ec="17" bec="0" bev="0" fileid="8" />
                <SequencePoint vc="0" uspid="1942" ordinal="0" offset="373" sl="95" sc="21" el="95" ec="21" bec="0" bev="0" fileid="8" />
                <SequencePoint vc="0" uspid="1943" ordinal="0" offset="415" sl="99" sc="21" el="99" ec="21" bec="0" bev="0" fileid="8" />
                <SequencePoint vc="0" uspid="1944" ordinal="0" offset="422" sl="103" sc="21" el="103" ec="21" bec="0" bev="0" fileid="8" />
                <SequencePoint vc="0" uspid="1945" ordinal="0" offset="491" sl="104" sc="21" el="104" ec="21" bec="0" bev="0" fileid="8" />
                <SequencePoint vc="0" uspid="1946" ordinal="0" offset="492" sl="105" sc="25" el="105" ec="25" bec="0" bev="0" fileid="8" />
                <SequencePoint vc="0" uspid="1947" ordinal="0" offset="499" sl="106" sc="21" el="106" ec="21" bec="0" bev="0" fileid="8" />
                <SequencePoint vc="0" uspid="1948" ordinal="0" offset="502" sl="108" sc="21" el="108" ec="21" bec="0" bev="0" fileid="8" />
                <SequencePoint vc="0" uspid="1949" ordinal="0" offset="503" sl="109" sc="25" el="109" ec="25" bec="0" bev="0" fileid="8" />
                <SequencePoint vc="0" uspid="1950" ordinal="0" offset="510" sl="110" sc="21" el="110" ec="21" bec="0" bev="0" fileid="8" />
                <SequencePoint vc="0" uspid="1951" ordinal="0" offset="511" sl="112" sc="21" el="112" ec="21" bec="0" bev="0" fileid="8" />
                <SequencePoint vc="0" uspid="1952" ordinal="0" offset="518" sl="114" sc="17" el="114" ec="17" bec="0" bev="0" fileid="8" />
                <SequencePoint vc="0" uspid="1953" ordinal="0" offset="521" sl="116" sc="17" el="116" ec="17" bec="0" bev="0" fileid="8" />
                <SequencePoint vc="0" uspid="1954" ordinal="0" offset="522" sl="117" sc="21" el="117" ec="21" bec="0" bev="0" fileid="8" />
                <SequencePoint vc="0" uspid="1955" ordinal="0" offset="529" sl="118" sc="21" el="118" ec="21" bec="0" bev="0" fileid="8" />
                <SequencePoint vc="0" uspid="1956" ordinal="0" offset="536" sl="119" sc="17" el="119" ec="17" bec="0" bev="0" fileid="8" />
                <SequencePoint vc="0" uspid="1957" ordinal="0" offset="537" sl="120" sc="13" el="120" ec="13" bec="0" bev="0" fileid="8" />
                <SequencePoint vc="0" uspid="1958" ordinal="0" offset="540" sl="121" sc="18" el="121" ec="18" bec="0" bev="0" fileid="8" />
                <SequencePoint vc="0" uspid="1959" ordinal="0" offset="559" sl="122" sc="13" el="122" ec="13" bec="0" bev="0" fileid="8" />
                <SequencePoint vc="0" uspid="1960" ordinal="0" offset="560" sl="124" sc="17" el="124" ec="17" bec="0" bev="0" fileid="8" />
                <SequencePoint vc="0" uspid="1961" ordinal="0" offset="582" sl="125" sc="17" el="125" ec="17" bec="0" bev="0" fileid="8" />
                <SequencePoint vc="0" uspid="1962" ordinal="0" offset="589" sl="126" sc="13" el="126" ec="13" bec="0" bev="0" fileid="8" />
                <SequencePoint vc="0" uspid="1963" ordinal="0" offset="590" sl="127" sc="9" el="127" ec="9" bec="0" bev="0" fileid="8" />
                <SequencePoint vc="34" uspid="1964" ordinal="0" offset="591" sl="130" sc="9" el="130" ec="9" bec="0" bev="0" fileid="8" />
                <SequencePoint vc="0" uspid="1965" ordinal="0" offset="623" sl="131" sc="9" el="131" ec="9" bec="0" bev="0" fileid="8" />
                <SequencePoint vc="0" uspid="1966" ordinal="0" offset="624" sl="133" sc="13" el="133" ec="13" bec="0" bev="0" fileid="8" />
                <SequencePoint vc="0" uspid="1967" ordinal="0" offset="653" sl="134" sc="13" el="134" ec="13" bec="0" bev="0" fileid="8" />
                <SequencePoint vc="0" uspid="1968" ordinal="0" offset="665" sl="135" sc="13" el="135" ec="13" bec="0" bev="0" fileid="8" />
                <SequencePoint vc="0" uspid="1969" ordinal="0" offset="666" sl="136" sc="17" el="136" ec="17" bec="0" bev="0" fileid="8" />
                <SequencePoint vc="0" uspid="1970" ordinal="0" offset="756" sl="137" sc="13" el="137" ec="13" bec="0" bev="0" fileid="8" />
                <SequencePoint vc="0" uspid="1971" ordinal="0" offset="759" sl="139" sc="13" el="139" ec="13" bec="0" bev="0" fileid="8" />
                <SequencePoint vc="0" uspid="1972" ordinal="0" offset="760" sl="140" sc="17" el="140" ec="17" bec="0" bev="0" fileid="8" />
                <SequencePoint vc="0" uspid="1973" ordinal="0" offset="817" sl="141" sc="13" el="141" ec="13" bec="0" bev="0" fileid="8" />
                <SequencePoint vc="0" uspid="1974" ordinal="0" offset="818" sl="147" sc="13" el="147" ec="13" bec="0" bev="0" fileid="8" />
                <SequencePoint vc="0" uspid="1975" ordinal="0" offset="826" sl="147" sc="61" el="147" ec="61" bec="0" bev="0" fileid="8" />
                <SequencePoint vc="0" uspid="1976" ordinal="0" offset="827" sl="150" sc="13" el="150" ec="13" bec="0" bev="0" fileid="8" />
                <SequencePoint vc="0" uspid="1977" ordinal="0" offset="836" sl="153" sc="13" el="153" ec="13" bec="0" bev="0" fileid="8" />
                <SequencePoint vc="0" uspid="1978" ordinal="0" offset="848" sl="154" sc="13" el="154" ec="13" bec="0" bev="0" fileid="8" />
                <SequencePoint vc="0" uspid="1979" ordinal="0" offset="849" sl="156" sc="17" el="156" ec="17" bec="0" bev="0" fileid="8" />
                <SequencePoint vc="0" uspid="1980" ordinal="0" offset="856" sl="157" sc="17" el="157" ec="17" bec="0" bev="0" fileid="8" />
                <SequencePoint vc="0" uspid="1981" ordinal="0" offset="868" sl="159" sc="17" el="159" ec="17" bec="0" bev="0" fileid="8" />
                <SequencePoint vc="0" uspid="1982" ordinal="0" offset="875" sl="162" sc="17" el="162" ec="17" bec="0" bev="0" fileid="8" />
                <SequencePoint vc="0" uspid="1983" ordinal="0" offset="888" sl="163" sc="17" el="163" ec="17" bec="0" bev="0" fileid="8" />
                <SequencePoint vc="0" uspid="1984" ordinal="0" offset="895" sl="164" sc="17" el="164" ec="17" bec="0" bev="0" fileid="8" />
                <SequencePoint vc="0" uspid="1985" ordinal="0" offset="902" sl="166" sc="17" el="166" ec="17" bec="0" bev="0" fileid="8" />
                <SequencePoint vc="0" uspid="1986" ordinal="0" offset="909" sl="167" sc="13" el="167" ec="13" bec="0" bev="0" fileid="8" />
                <SequencePoint vc="0" uspid="1987" ordinal="0" offset="910" sl="168" sc="9" el="168" ec="9" bec="0" bev="0" fileid="8" />
                <SequencePoint vc="34" uspid="1988" ordinal="0" offset="911" sl="170" sc="5" el="170" ec="5" bec="0" bev="0" fileid="8" />
              </SequencePoints>
              <BranchPoints />
            </Method>
            <Method visited="true" cyclomaticComplexity="0" nPathComplexity="0" sequenceCoverage="100.0" branchCoverage="0" crapScore="0" isConstructor="true" isStatic="false" isGetter="false" isSetter="false">
              <Summary numSequencePoints="10" visitedSequencePoints="10" numBranchPoints="0" visitedBranchPoints="0" sequenceCoverage="100.0" branchCoverage="0" maxCyclomaticComplexity="0" minCyclomaticComplexity="0" maxCrapScore="0" minCrapScore="0" visitedClasses="0" numClasses="0" visitedMethods="1" numMethods="1" />
              <MetadataToken>100663308</MetadataToken>
              <Name>blockMover::blockMover()</Name>
              <FileRef uid="8" />
              <SequencePoints>
                <SequencePoint vc="9" uspid="2207" ordinal="0" offset="0" sl="12" sc="5" el="12" ec="5" bec="0" bev="0" fileid="8" />
                <SequencePoint vc="9" uspid="2208" ordinal="0" offset="7" sl="15" sc="5" el="15" ec="5" bec="0" bev="0" fileid="8" />
                <SequencePoint vc="9" uspid="2209" ordinal="0" offset="18" sl="23" sc="5" el="23" ec="5" bec="0" bev="0" fileid="8" />
                <SequencePoint vc="9" uspid="2210" ordinal="0" offset="25" sl="26" sc="5" el="26" ec="5" bec="0" bev="0" fileid="8" />
                <SequencePoint vc="9" uspid="2211" ordinal="0" offset="32" sl="29" sc="5" el="29" ec="5" bec="0" bev="0" fileid="8" />
                <SequencePoint vc="9" uspid="2212" ordinal="0" offset="39" sl="32" sc="5" el="32" ec="5" bec="0" bev="0" fileid="8" />
                <SequencePoint vc="9" uspid="2213" ordinal="0" offset="46" sl="35" sc="5" el="35" ec="5" bec="0" bev="0" fileid="8" />
                <SequencePoint vc="9" uspid="2214" ordinal="0" offset="53" sl="38" sc="5" el="38" ec="5" bec="0" bev="0" fileid="8" />
                <SequencePoint vc="9" uspid="2215" ordinal="0" offset="60" sl="44" sc="5" el="44" ec="5" bec="0" bev="0" fileid="8" />
                <SequencePoint vc="9" uspid="2216" ordinal="0" offset="67" sl="47" sc="5" el="47" ec="5" bec="0" bev="0" fileid="8" />
              </SequencePoints>
              <BranchPoints />
            </Method>
          </Methods>
        </Class>
        <Class>
          <Summary numSequencePoints="14" visitedSequencePoints="11" numBranchPoints="0" visitedBranchPoints="0" sequenceCoverage="78.57" branchCoverage="0.0" maxCyclomaticComplexity="0" minCyclomaticComplexity="0" maxCrapScore="0" minCrapScore="0" visitedClasses="1" numClasses="1" visitedMethods="2" numMethods="2" />
          <FullName>CanvasSorting</FullName>
          <Methods>
            <Method visited="true" cyclomaticComplexity="0" nPathComplexity="0" sequenceCoverage="75.00" branchCoverage="0" crapScore="0" isConstructor="false" isStatic="false" isGetter="false" isSetter="false">
              <Summary numSequencePoints="12" visitedSequencePoints="9" numBranchPoints="0" visitedBranchPoints="0" sequenceCoverage="75.00" branchCoverage="0" maxCyclomaticComplexity="0" minCyclomaticComplexity="0" maxCrapScore="0" minCrapScore="0" visitedClasses="0" numClasses="0" visitedMethods="1" numMethods="1" />
              <MetadataToken>100663310</MetadataToken>
              <Name>System.Void CanvasSorting::Start()</Name>
              <FileRef uid="9" />
              <SequencePoints>
                <SequencePoint vc="3" uspid="2217" ordinal="0" offset="0" sl="10" sc="5" el="10" ec="5" bec="0" bev="0" fileid="9" />
                <SequencePoint vc="3" uspid="2218" ordinal="0" offset="1" sl="14" sc="9" el="14" ec="9" bec="0" bev="0" fileid="9" />
                <SequencePoint vc="3" uspid="2219" ordinal="0" offset="17" sl="15" sc="9" el="15" ec="9" bec="0" bev="0" fileid="9" />
                <SequencePoint vc="3" uspid="2220" ordinal="0" offset="18" sl="17" sc="13" el="17" ec="13" bec="0" bev="0" fileid="9" />
                <SequencePoint vc="3" uspid="2221" ordinal="0" offset="31" sl="18" sc="13" el="18" ec="13" bec="0" bev="0" fileid="9" />
                <SequencePoint vc="3" uspid="2222" ordinal="0" offset="49" sl="19" sc="13" el="19" ec="13" bec="0" bev="0" fileid="9" />
                <SequencePoint vc="3" uspid="2223" ordinal="0" offset="67" sl="20" sc="13" el="20" ec="13" bec="0" bev="0" fileid="9" />
                <SequencePoint vc="3" uspid="2224" ordinal="0" offset="85" sl="21" sc="9" el="21" ec="9" bec="0" bev="0" fileid="9" />
                <SequencePoint vc="0" uspid="2225" ordinal="0" offset="88" sl="23" sc="9" el="23" ec="9" bec="0" bev="0" fileid="9" />
                <SequencePoint vc="0" uspid="2226" ordinal="0" offset="89" sl="24" sc="13" el="24" ec="13" bec="0" bev="0" fileid="9" />
                <SequencePoint vc="0" uspid="2227" ordinal="0" offset="100" sl="25" sc="9" el="25" ec="9" bec="0" bev="0" fileid="9" />
                <SequencePoint vc="3" uspid="2228" ordinal="0" offset="101" sl="26" sc="5" el="26" ec="5" bec="0" bev="0" fileid="9" />
              </SequencePoints>
              <BranchPoints />
            </Method>
            <Method visited="true" cyclomaticComplexity="0" nPathComplexity="0" sequenceCoverage="100.0" branchCoverage="0" crapScore="0" isConstructor="true" isStatic="false" isGetter="false" isSetter="false">
              <Summary numSequencePoints="2" visitedSequencePoints="2" numBranchPoints="0" visitedBranchPoints="0" sequenceCoverage="100.0" branchCoverage="0" maxCyclomaticComplexity="0" minCyclomaticComplexity="0" maxCrapScore="0" minCrapScore="0" visitedClasses="0" numClasses="0" visitedMethods="1" numMethods="1" />
              <MetadataToken>100663311</MetadataToken>
              <Name>CanvasSorting::CanvasSorting()</Name>
              <FileRef uid="9" />
              <SequencePoints>
                <SequencePoint vc="14" uspid="2229" ordinal="0" offset="0" sl="6" sc="5" el="6" ec="5" bec="0" bev="0" fileid="9" />
                <SequencePoint vc="14" uspid="2230" ordinal="0" offset="11" sl="7" sc="5" el="7" ec="5" bec="0" bev="0" fileid="9" />
              </SequencePoints>
              <BranchPoints />
            </Method>
          </Methods>
        </Class>
        <Class>
          <Summary numSequencePoints="1" visitedSequencePoints="1" numBranchPoints="0" visitedBranchPoints="0" sequenceCoverage="100.0" branchCoverage="0.0" maxCyclomaticComplexity="0" minCyclomaticComplexity="0" maxCrapScore="0" minCrapScore="0" visitedClasses="1" numClasses="1" visitedMethods="1" numMethods="1" />
          <FullName>colorBlock</FullName>
          <Methods>
            <Method visited="true" cyclomaticComplexity="0" nPathComplexity="0" sequenceCoverage="100.0" branchCoverage="0" crapScore="0" isConstructor="true" isStatic="false" isGetter="false" isSetter="false">
              <Summary numSequencePoints="1" visitedSequencePoints="1" numBranchPoints="0" visitedBranchPoints="0" sequenceCoverage="100.0" branchCoverage="0" maxCyclomaticComplexity="0" minCyclomaticComplexity="0" maxCrapScore="0" minCrapScore="0" visitedClasses="0" numClasses="0" visitedMethods="1" numMethods="1" />
              <MetadataToken>100663315</MetadataToken>
              <Name>colorBlock::colorBlock()</Name>
              <FileRef uid="10" />
              <SequencePoints>
                <SequencePoint vc="1" uspid="2258" ordinal="0" offset="0" sl="21" sc="5" el="21" ec="5" bec="0" bev="0" fileid="10" />
              </SequencePoints>
              <BranchPoints />
            </Method>
          </Methods>
        </Class>
        <Class>
          <Summary numSequencePoints="254" visitedSequencePoints="218" numBranchPoints="0" visitedBranchPoints="0" sequenceCoverage="85.83" branchCoverage="0.0" maxCyclomaticComplexity="0" minCyclomaticComplexity="0" maxCrapScore="0" minCrapScore="0" visitedClasses="1" numClasses="1" visitedMethods="10" numMethods="10" />
          <FullName>drawBlock</FullName>
          <Methods>
            <Method visited="true" cyclomaticComplexity="0" nPathComplexity="0" sequenceCoverage="100.0" branchCoverage="0" crapScore="0" isConstructor="false" isStatic="false" isGetter="false" isSetter="false">
              <Summary numSequencePoints="8" visitedSequencePoints="8" numBranchPoints="0" visitedBranchPoints="0" sequenceCoverage="100.0" branchCoverage="0" maxCyclomaticComplexity="0" minCyclomaticComplexity="0" maxCrapScore="0" minCrapScore="0" visitedClasses="0" numClasses="0" visitedMethods="1" numMethods="1" />
              <MetadataToken>100663319</MetadataToken>
              <Name>System.Void drawBlock::Awake()</Name>
              <FileRef uid="12" />
              <SequencePoints>
                <SequencePoint vc="3" uspid="2265" ordinal="0" offset="0" sl="42" sc="5" el="42" ec="5" bec="0" bev="0" fileid="12" />
                <SequencePoint vc="3" uspid="2266" ordinal="0" offset="1" sl="43" sc="9" el="43" ec="9" bec="0" bev="0" fileid="12" />
                <SequencePoint vc="3" uspid="2267" ordinal="0" offset="8" sl="45" sc="9" el="45" ec="9" bec="0" bev="0" fileid="12" />
                <SequencePoint vc="3" uspid="2268" ordinal="0" offset="20" sl="46" sc="9" el="46" ec="9" bec="0" bev="0" fileid="12" />
                <SequencePoint vc="3" uspid="2269" ordinal="0" offset="53" sl="47" sc="9" el="47" ec="9" bec="0" bev="0" fileid="12" />
                <SequencePoint vc="3" uspid="2270" ordinal="0" offset="86" sl="49" sc="9" el="49" ec="9" bec="0" bev="0" fileid="12" />
                <SequencePoint vc="3" uspid="2271" ordinal="0" offset="107" sl="50" sc="9" el="50" ec="9" bec="0" bev="0" fileid="12" />
                <SequencePoint vc="3" uspid="2272" ordinal="0" offset="134" sl="51" sc="5" el="51" ec="5" bec="0" bev="0" fileid="12" />
              </SequencePoints>
              <BranchPoints />
            </Method>
            <Method visited="true" cyclomaticComplexity="0" nPathComplexity="0" sequenceCoverage="100.0" branchCoverage="0" crapScore="0" isConstructor="false" isStatic="false" isGetter="false" isSetter="false">
              <Summary numSequencePoints="4" visitedSequencePoints="4" numBranchPoints="0" visitedBranchPoints="0" sequenceCoverage="100.0" branchCoverage="0" maxCyclomaticComplexity="0" minCyclomaticComplexity="0" maxCrapScore="0" minCrapScore="0" visitedClasses="0" numClasses="0" visitedMethods="1" numMethods="1" />
              <MetadataToken>100663320</MetadataToken>
              <Name>System.Void drawBlock::Update()</Name>
              <FileRef uid="12" />
              <SequencePoints>
                <SequencePoint vc="7" uspid="2273" ordinal="0" offset="0" sl="55" sc="5" el="55" ec="5" bec="0" bev="0" fileid="12" />
                <SequencePoint vc="7" uspid="2274" ordinal="0" offset="1" sl="57" sc="9" el="57" ec="9" bec="0" bev="0" fileid="12" />
                <SequencePoint vc="7" uspid="2275" ordinal="0" offset="34" sl="58" sc="9" el="58" ec="9" bec="0" bev="0" fileid="12" />
                <SequencePoint vc="7" uspid="2276" ordinal="0" offset="67" sl="59" sc="5" el="59" ec="5" bec="0" bev="0" fileid="12" />
              </SequencePoints>
              <BranchPoints />
            </Method>
            <Method visited="true" cyclomaticComplexity="0" nPathComplexity="0" sequenceCoverage="100.0" branchCoverage="0" crapScore="0" isConstructor="false" isStatic="false" isGetter="false" isSetter="false">
              <Summary numSequencePoints="7" visitedSequencePoints="7" numBranchPoints="0" visitedBranchPoints="0" sequenceCoverage="100.0" branchCoverage="0" maxCyclomaticComplexity="0" minCyclomaticComplexity="0" maxCrapScore="0" minCrapScore="0" visitedClasses="0" numClasses="0" visitedMethods="1" numMethods="1" />
              <MetadataToken>100663321</MetadataToken>
              <Name>System.Void drawBlock::initialize()</Name>
              <FileRef uid="12" />
              <SequencePoints>
                <SequencePoint vc="4" uspid="2277" ordinal="0" offset="0" sl="63" sc="5" el="63" ec="5" bec="0" bev="0" fileid="12" />
                <SequencePoint vc="4" uspid="2278" ordinal="0" offset="1" sl="64" sc="9" el="64" ec="9" bec="0" bev="0" fileid="12" />
                <SequencePoint vc="4" uspid="2279" ordinal="0" offset="12" sl="65" sc="9" el="65" ec="9" bec="0" bev="0" fileid="12" />
                <SequencePoint vc="4" uspid="2280" ordinal="0" offset="19" sl="66" sc="9" el="66" ec="9" bec="0" bev="0" fileid="12" />
                <SequencePoint vc="4" uspid="2281" ordinal="0" offset="26" sl="68" sc="9" el="68" ec="9" bec="0" bev="0" fileid="12" />
                <SequencePoint vc="4" uspid="2282" ordinal="0" offset="38" sl="70" sc="9" el="70" ec="9" bec="0" bev="0" fileid="12" />
                <SequencePoint vc="4" uspid="2283" ordinal="0" offset="59" sl="71" sc="5" el="71" ec="5" bec="0" bev="0" fileid="12" />
              </SequencePoints>
              <BranchPoints />
            </Method>
            <Method visited="true" cyclomaticComplexity="0" nPathComplexity="0" sequenceCoverage="83.33" branchCoverage="0" crapScore="0" isConstructor="false" isStatic="false" isGetter="false" isSetter="false">
              <Summary numSequencePoints="18" visitedSequencePoints="15" numBranchPoints="0" visitedBranchPoints="0" sequenceCoverage="83.33" branchCoverage="0" maxCyclomaticComplexity="0" minCyclomaticComplexity="0" maxCrapScore="0" minCrapScore="0" visitedClasses="0" numClasses="0" visitedMethods="1" numMethods="1" />
              <MetadataToken>100663322</MetadataToken>
              <Name>System.Void drawBlock::execute()</Name>
              <FileRef uid="12" />
              <SequencePoints>
                <SequencePoint vc="5" uspid="2284" ordinal="0" offset="0" sl="76" sc="5" el="76" ec="5" bec="0" bev="0" fileid="12" />
                <SequencePoint vc="5" uspid="2285" ordinal="0" offset="1" sl="77" sc="9" el="77" ec="9" bec="0" bev="0" fileid="12" />
                <SequencePoint vc="5" uspid="2286" ordinal="0" offset="8" sl="79" sc="9" el="79" ec="9" bec="0" bev="0" fileid="12" />
                <SequencePoint vc="0" uspid="2287" ordinal="0" offset="23" sl="80" sc="9" el="80" ec="9" bec="0" bev="0" fileid="12" />
                <SequencePoint vc="0" uspid="2288" ordinal="0" offset="24" sl="81" sc="13" el="81" ec="13" bec="0" bev="0" fileid="12" />
                <SequencePoint vc="0" uspid="2289" ordinal="0" offset="48" sl="82" sc="9" el="82" ec="9" bec="0" bev="0" fileid="12" />
                <SequencePoint vc="5" uspid="2290" ordinal="0" offset="49" sl="85" sc="9" el="85" ec="9" bec="0" bev="0" fileid="12" />
                <SequencePoint vc="1" uspid="2291" ordinal="0" offset="78" sl="88" sc="17" el="88" ec="17" bec="0" bev="0" fileid="12" />
                <SequencePoint vc="1" uspid="2292" ordinal="0" offset="85" sl="89" sc="17" el="89" ec="17" bec="0" bev="0" fileid="12" />
                <SequencePoint vc="1" uspid="2293" ordinal="0" offset="87" sl="91" sc="17" el="91" ec="17" bec="0" bev="0" fileid="12" />
                <SequencePoint vc="1" uspid="2294" ordinal="0" offset="94" sl="92" sc="17" el="92" ec="17" bec="0" bev="0" fileid="12" />
                <SequencePoint vc="1" uspid="2295" ordinal="0" offset="96" sl="94" sc="17" el="94" ec="17" bec="0" bev="0" fileid="12" />
                <SequencePoint vc="1" uspid="2296" ordinal="0" offset="103" sl="95" sc="17" el="95" ec="17" bec="0" bev="0" fileid="12" />
                <SequencePoint vc="2" uspid="2297" ordinal="0" offset="105" sl="97" sc="17" el="97" ec="17" bec="0" bev="0" fileid="12" />
                <SequencePoint vc="2" uspid="2298" ordinal="0" offset="112" sl="98" sc="17" el="98" ec="17" bec="0" bev="0" fileid="12" />
                <SequencePoint vc="5" uspid="2299" ordinal="0" offset="114" sl="99" sc="10" el="99" ec="10" bec="0" bev="0" fileid="12" />
                <SequencePoint vc="5" uspid="2300" ordinal="0" offset="115" sl="100" sc="9" el="100" ec="9" bec="0" bev="0" fileid="12" />
                <SequencePoint vc="5" uspid="2301" ordinal="0" offset="122" sl="102" sc="5" el="102" ec="5" bec="0" bev="0" fileid="12" />
              </SequencePoints>
              <BranchPoints />
            </Method>
            <Method visited="true" cyclomaticComplexity="0" nPathComplexity="0" sequenceCoverage="68.42" branchCoverage="0" crapScore="0" isConstructor="false" isStatic="false" isGetter="false" isSetter="false">
              <Summary numSequencePoints="38" visitedSequencePoints="26" numBranchPoints="0" visitedBranchPoints="0" sequenceCoverage="68.42" branchCoverage="0" maxCyclomaticComplexity="0" minCyclomaticComplexity="0" maxCrapScore="0" minCrapScore="0" visitedClasses="0" numClasses="0" visitedMethods="1" numMethods="1" />
              <MetadataToken>100663323</MetadataToken>
              <Name>System.Void drawBlock::executeLine()</Name>
              <FileRef uid="12" />
              <SequencePoints>
                <SequencePoint vc="1" uspid="2302" ordinal="0" offset="0" sl="106" sc="5" el="106" ec="5" bec="0" bev="0" fileid="12" />
                <SequencePoint vc="1" uspid="2303" ordinal="0" offset="1" sl="111" sc="9" el="111" ec="9" bec="0" bev="0" fileid="12" />
                <SequencePoint vc="1" uspid="2304" ordinal="0" offset="7" sl="114" sc="9" el="114" ec="9" bec="0" bev="0" fileid="12" />
                <SequencePoint vc="1" uspid="2305" ordinal="0" offset="14" sl="117" sc="9" el="117" ec="9" bec="0" bev="0" fileid="12" />
                <SequencePoint vc="1" uspid="2306" ordinal="0" offset="26" sl="119" sc="9" el="119" ec="9" bec="0" bev="0" fileid="12" />
                <SequencePoint vc="1" uspid="2307" ordinal="0" offset="38" sl="120" sc="9" el="120" ec="9" bec="0" bev="0" fileid="12" />
                <SequencePoint vc="1" uspid="2308" ordinal="0" offset="46" sl="121" sc="9" el="121" ec="9" bec="0" bev="0" fileid="12" />
                <SequencePoint vc="1" uspid="2309" ordinal="0" offset="54" sl="122" sc="9" el="122" ec="9" bec="0" bev="0" fileid="12" />
                <SequencePoint vc="1" uspid="2310" ordinal="0" offset="72" sl="123" sc="9" el="123" ec="9" bec="0" bev="0" fileid="12" />
                <SequencePoint vc="1" uspid="2311" ordinal="0" offset="90" sl="126" sc="9" el="126" ec="9" bec="0" bev="0" fileid="12" />
                <SequencePoint vc="1" uspid="2312" ordinal="0" offset="150" sl="128" sc="9" el="128" ec="9" bec="0" bev="0" fileid="12" />
                <SequencePoint vc="1" uspid="2313" ordinal="0" offset="163" sl="130" sc="9" el="130" ec="9" bec="0" bev="0" fileid="12" />
                <SequencePoint vc="1" uspid="2314" ordinal="0" offset="190" sl="131" sc="9" el="131" ec="9" bec="0" bev="0" fileid="12" />
                <SequencePoint vc="1" uspid="2315" ordinal="0" offset="217" sl="132" sc="9" el="132" ec="9" bec="0" bev="0" fileid="12" />
                <SequencePoint vc="1" uspid="2316" ordinal="0" offset="230" sl="133" sc="9" el="133" ec="9" bec="0" bev="0" fileid="12" />
                <SequencePoint vc="1" uspid="2317" ordinal="0" offset="249" sl="134" sc="9" el="134" ec="9" bec="0" bev="0" fileid="12" />
                <SequencePoint vc="1" uspid="2318" ordinal="0" offset="268" sl="137" sc="9" el="137" ec="9" bec="0" bev="0" fileid="12" />
                <SequencePoint vc="0" uspid="2319" ordinal="0" offset="291" sl="138" sc="9" el="138" ec="9" bec="0" bev="0" fileid="12" />
                <SequencePoint vc="0" uspid="2320" ordinal="0" offset="292" sl="139" sc="13" el="139" ec="13" bec="0" bev="0" fileid="12" />
                <SequencePoint vc="0" uspid="2321" ordinal="0" offset="307" sl="140" sc="9" el="140" ec="9" bec="0" bev="0" fileid="12" />
                <SequencePoint vc="1" uspid="2322" ordinal="0" offset="308" sl="141" sc="9" el="141" ec="9" bec="0" bev="0" fileid="12" />
                <SequencePoint vc="0" uspid="2323" ordinal="0" offset="331" sl="142" sc="9" el="142" ec="9" bec="0" bev="0" fileid="12" />
                <SequencePoint vc="0" uspid="2324" ordinal="0" offset="332" sl="143" sc="13" el="143" ec="13" bec="0" bev="0" fileid="12" />
                <SequencePoint vc="0" uspid="2325" ordinal="0" offset="347" sl="144" sc="9" el="144" ec="9" bec="0" bev="0" fileid="12" />
                <SequencePoint vc="1" uspid="2326" ordinal="0" offset="348" sl="145" sc="9" el="145" ec="9" bec="0" bev="0" fileid="12" />
                <SequencePoint vc="0" uspid="2327" ordinal="0" offset="371" sl="146" sc="9" el="146" ec="9" bec="0" bev="0" fileid="12" />
                <SequencePoint vc="0" uspid="2328" ordinal="0" offset="372" sl="147" sc="13" el="147" ec="13" bec="0" bev="0" fileid="12" />
                <SequencePoint vc="0" uspid="2329" ordinal="0" offset="387" sl="148" sc="9" el="148" ec="9" bec="0" bev="0" fileid="12" />
                <SequencePoint vc="1" uspid="2330" ordinal="0" offset="388" sl="149" sc="9" el="149" ec="9" bec="0" bev="0" fileid="12" />
                <SequencePoint vc="0" uspid="2331" ordinal="0" offset="411" sl="150" sc="9" el="150" ec="9" bec="0" bev="0" fileid="12" />
                <SequencePoint vc="0" uspid="2332" ordinal="0" offset="412" sl="151" sc="13" el="151" ec="13" bec="0" bev="0" fileid="12" />
                <SequencePoint vc="0" uspid="2333" ordinal="0" offset="427" sl="152" sc="9" el="152" ec="9" bec="0" bev="0" fileid="12" />
                <SequencePoint vc="1" uspid="2334" ordinal="0" offset="428" sl="155" sc="9" el="155" ec="9" bec="0" bev="0" fileid="12" />
                <SequencePoint vc="1" uspid="2335" ordinal="0" offset="454" sl="158" sc="9" el="158" ec="9" bec="0" bev="0" fileid="12" />
                <SequencePoint vc="1" uspid="2336" ordinal="0" offset="476" sl="160" sc="9" el="160" ec="9" bec="0" bev="0" fileid="12" />
                <SequencePoint vc="1" uspid="2337" ordinal="0" offset="523" sl="163" sc="9" el="163" ec="9" bec="0" bev="0" fileid="12" />
                <SequencePoint vc="1" uspid="2338" ordinal="0" offset="536" sl="164" sc="9" el="164" ec="9" bec="0" bev="0" fileid="12" />
                <SequencePoint vc="1" uspid="2339" ordinal="0" offset="549" sl="165" sc="5" el="165" ec="5" bec="0" bev="0" fileid="12" />
              </SequencePoints>
              <BranchPoints />
            </Method>
            <Method visited="true" cyclomaticComplexity="0" nPathComplexity="0" sequenceCoverage="80.33" branchCoverage="0" crapScore="0" isConstructor="false" isStatic="false" isGetter="false" isSetter="false">
              <Summary numSequencePoints="61" visitedSequencePoints="49" numBranchPoints="0" visitedBranchPoints="0" sequenceCoverage="80.33" branchCoverage="0" maxCyclomaticComplexity="0" minCyclomaticComplexity="0" maxCrapScore="0" minCrapScore="0" visitedClasses="0" numClasses="0" visitedMethods="1" numMethods="1" />
              <MetadataToken>100663324</MetadataToken>
              <Name>System.Void drawBlock::executeRectangle()</Name>
              <FileRef uid="12" />
              <SequencePoints>
                <SequencePoint vc="1" uspid="2340" ordinal="0" offset="0" sl="169" sc="5" el="169" ec="5" bec="0" bev="0" fileid="12" />
                <SequencePoint vc="1" uspid="2341" ordinal="0" offset="1" sl="172" sc="9" el="172" ec="9" bec="0" bev="0" fileid="12" />
                <SequencePoint vc="1" uspid="2342" ordinal="0" offset="7" sl="175" sc="9" el="175" ec="9" bec="0" bev="0" fileid="12" />
[...]
            </Method>
            <Method visited="true" cyclomaticComplexity="0" nPathComplexity="0" sequenceCoverage="100.0" branchCoverage="0" crapScore="0" isConstructor="true" isStatic="false" isGetter="false" isSetter="false">
              <Summary numSequencePoints="1" visitedSequencePoints="1" numBranchPoints="0" visitedBranchPoints="0" sequenceCoverage="100.0" branchCoverage="0" maxCyclomaticComplexity="0" minCyclomaticComplexity="0" maxCrapScore="0" minCrapScore="0" visitedClasses="0" numClasses="0" visitedMethods="1" numMethods="1" />
              <MetadataToken>100663422</MetadataToken>
              <Name>BlockSpawner::BlockSpawner()</Name>
              <FileRef uid="36" />
              <SequencePoints>
                <SequencePoint vc="81" uspid="3330" ordinal="0" offset="0" sl="11" sc="5" el="11" ec="5" bec="0" bev="0" fileid="36" />
              </SequencePoints>
              <BranchPoints />
            </Method>
          </Methods>
        </Class>
        <Class>
          <Summary numSequencePoints="4" visitedSequencePoints="4" numBranchPoints="0" visitedBranchPoints="0" sequenceCoverage="100.0" branchCoverage="0.0" maxCyclomaticComplexity="0" minCyclomaticComplexity="0" maxCrapScore="0" minCrapScore="0" visitedClasses="1" numClasses="1" visitedMethods="2" numMethods="2" />
          <FullName>GridHandler</FullName>
          <Methods>
            <Method visited="true" cyclomaticComplexity="0" nPathComplexity="0" sequenceCoverage="100.0" branchCoverage="0" crapScore="0" isConstructor="false" isStatic="false" isGetter="false" isSetter="false">
              <Summary numSequencePoints="2" visitedSequencePoints="2" numBranchPoints="0" visitedBranchPoints="0" sequenceCoverage="100.0" branchCoverage="0" maxCyclomaticComplexity="0" minCyclomaticComplexity="0" maxCrapScore="0" minCrapScore="0" visitedClasses="0" numClasses="0" visitedMethods="1" numMethods="1" />
              <MetadataToken>100663423</MetadataToken>
              <Name>System.Void GridHandler::Start()</Name>
              <FileRef uid="37" />
              <SequencePoints>
                <SequencePoint vc="9" uspid="3331" ordinal="0" offset="0" sl="11" sc="5" el="11" ec="5" bec="0" bev="0" fileid="37" />
                <SequencePoint vc="9" uspid="3332" ordinal="0" offset="1" sl="13" sc="5" el="13" ec="5" bec="0" bev="0" fileid="37" />
              </SequencePoints>
              <BranchPoints />
            </Method>
            <Method visited="true" cyclomaticComplexity="0" nPathComplexity="0" sequenceCoverage="100.0" branchCoverage="0" crapScore="0" isConstructor="false" isStatic="false" isGetter="false" isSetter="false">
              <Summary numSequencePoints="2" visitedSequencePoints="2" numBranchPoints="0" visitedBranchPoints="0" sequenceCoverage="100.0" branchCoverage="0" maxCyclomaticComplexity="0" minCyclomaticComplexity="0" maxCrapScore="0" minCrapScore="0" visitedClasses="0" numClasses="0" visitedMethods="1" numMethods="1" />
              <MetadataToken>100663424</MetadataToken>
              <Name>System.Void GridHandler::Update()</Name>
              <FileRef uid="37" />
              <SequencePoints>
                <SequencePoint vc="34" uspid="3333" ordinal="0" offset="0" sl="17" sc="5" el="17" ec="5" bec="0" bev="0" fileid="37" />
                <SequencePoint vc="34" uspid="3334" ordinal="0" offset="1" sl="19" sc="5" el="19" ec="5" bec="0" bev="0" fileid="37" />
              </SequencePoints>
              <BranchPoints />
            </Method>
          </Methods>
        </Class>
        <Class>
          <Summary numSequencePoints="19" visitedSequencePoints="19" numBranchPoints="0" visitedBranchPoints="0" sequenceCoverage="100.0" branchCoverage="0.0" maxCyclomaticComplexity="0" minCyclomaticComplexity="0" maxCrapScore="0" minCrapScore="0" visitedClasses="1" numClasses="1" visitedMethods="2" numMethods="2" />
          <FullName>Scroll</FullName>
          <Methods>
            <Method visited="true" cyclomaticComplexity="0" nPathComplexity="0" sequenceCoverage="100.0" branchCoverage="0" crapScore="0" isConstructor="false" isStatic="false" isGetter="false" isSetter="false">
              <Summary numSequencePoints="3" visitedSequencePoints="3" numBranchPoints="0" visitedBranchPoints="0" sequenceCoverage="100.0" branchCoverage="0" maxCyclomaticComplexity="0" minCyclomaticComplexity="0" maxCrapScore="0" minCrapScore="0" visitedClasses="0" numClasses="0" visitedMethods="1" numMethods="1" />
              <MetadataToken>100663429</MetadataToken>
              <Name>System.Void Scroll::Start()</Name>
              <FileRef uid="39" />
              <SequencePoints>
                <SequencePoint vc="9" uspid="3370" ordinal="0" offset="0" sl="13" sc="5" el="13" ec="5" bec="0" bev="0" fileid="39" />
                <SequencePoint vc="9" uspid="3371" ordinal="0" offset="1" sl="14" sc="9" el="14" ec="9" bec="0" bev="0" fileid="39" />
                <SequencePoint vc="9" uspid="3372" ordinal="0" offset="23" sl="15" sc="5" el="15" ec="5" bec="0" bev="0" fileid="39" />
              </SequencePoints>
              <BranchPoints />
            </Method>
            <Method visited="true" cyclomaticComplexity="0" nPathComplexity="0" sequenceCoverage="100.0" branchCoverage="0" crapScore="0" isConstructor="false" isStatic="false" isGetter="false" isSetter="false">
              <Summary numSequencePoints="16" visitedSequencePoints="16" numBranchPoints="0" visitedBranchPoints="0" sequenceCoverage="100.0" branchCoverage="0" maxCyclomaticComplexity="0" minCyclomaticComplexity="0" maxCrapScore="0" minCrapScore="0" visitedClasses="0" numClasses="0" visitedMethods="1" numMethods="1" />
              <MetadataToken>100663430</MetadataToken>
              <Name>System.Void Scroll::Update()</Name>
              <FileRef uid="39" />
              <SequencePoints>
                <SequencePoint vc="34" uspid="3373" ordinal="0" offset="0" sl="19" sc="5" el="19" ec="5" bec="0" bev="0" fileid="39" />
                <SequencePoint vc="34" uspid="3374" ordinal="0" offset="1" sl="21" sc="9" el="21" ec="9" bec="0" bev="0" fileid="39" />
                <SequencePoint vc="34" uspid="3375" ordinal="0" offset="19" sl="22" sc="9" el="22" ec="9" bec="0" bev="0" fileid="39" />
                <SequencePoint vc="34" uspid="3376" ordinal="0" offset="20" sl="23" sc="13" el="23" ec="13" bec="0" bev="0" fileid="39" />
                <SequencePoint vc="34" uspid="3377" ordinal="0" offset="53" sl="26" sc="13" el="26" ec="13" bec="0" bev="0" fileid="39" />
                <SequencePoint vc="34" uspid="3378" ordinal="0" offset="64" sl="29" sc="13" el="29" ec="13" bec="0" bev="0" fileid="39" />
                <SequencePoint vc="34" uspid="3379" ordinal="0" offset="65" sl="29" sc="42" el="29" ec="42" bec="0" bev="0" fileid="39" />
                <SequencePoint vc="7" uspid="3380" ordinal="0" offset="71" sl="29" sc="22" el="29" ec="22" bec="0" bev="0" fileid="39" />
                <SequencePoint vc="7" uspid="3381" ordinal="0" offset="76" sl="30" sc="13" el="30" ec="13" bec="0" bev="0" fileid="39" />
                <SequencePoint vc="7" uspid="3382" ordinal="0" offset="77" sl="31" sc="17" el="31" ec="17" bec="0" bev="0" fileid="39" />
                <SequencePoint vc="7" uspid="3383" ordinal="0" offset="151" sl="32" sc="13" el="32" ec="13" bec="0" bev="0" fileid="39" />
                <SequencePoint vc="41" uspid="3384" ordinal="0" offset="156" sl="29" sc="39" el="29" ec="39" bec="0" bev="0" fileid="39" />
                <SequencePoint vc="34" uspid="3385" ordinal="0" offset="162" sl="35" sc="13" el="35" ec="13" bec="0" bev="0" fileid="39" />
                <SequencePoint vc="34" uspid="3386" ordinal="0" offset="232" sl="37" sc="13" el="37" ec="13" bec="0" bev="0" fileid="39" />
                <SequencePoint vc="34" uspid="3387" ordinal="0" offset="254" sl="38" sc="9" el="38" ec="9" bec="0" bev="0" fileid="39" />
                <SequencePoint vc="34" uspid="3388" ordinal="0" offset="255" sl="41" sc="5" el="41" ec="5" bec="0" bev="0" fileid="39" />
              </SequencePoints>
              <BranchPoints />
            </Method>
          </Methods>
        </Class>
        <Class>
          <Summary numSequencePoints="9" visitedSequencePoints="5" numBranchPoints="0" visitedBranchPoints="0" sequenceCoverage="55.56" branchCoverage="0.0" maxCyclomaticComplexity="0" minCyclomaticComplexity="0" maxCrapScore="0" minCrapScore="0" visitedClasses="1" numClasses="1" visitedMethods="2" numMethods="2" />
          <FullName>ScrollbarSync</FullName>
          <Methods>
            <Method visited="true" cyclomaticComplexity="0" nPathComplexity="0" sequenceCoverage="42.86" branchCoverage="0" crapScore="0" isConstructor="false" isStatic="false" isGetter="false" isSetter="false">
              <Summary numSequencePoints="7" visitedSequencePoints="3" numBranchPoints="0" visitedBranchPoints="0" sequenceCoverage="42.86" branchCoverage="0" maxCyclomaticComplexity="0" minCyclomaticComplexity="0" maxCrapScore="0" minCrapScore="0" visitedClasses="0" numClasses="0" visitedMethods="1" numMethods="1" />
              <MetadataToken>100663433</MetadataToken>
              <Name>System.Void ScrollbarSync::Awake()</Name>
              <FileRef uid="40" />
              <SequencePoints>
                <SequencePoint vc="9" uspid="3393" ordinal="0" offset="0" sl="12" sc="5" el="12" ec="5" bec="0" bev="0" fileid="40" />
                <SequencePoint vc="9" uspid="3394" ordinal="0" offset="1" sl="14" sc="9" el="14" ec="9" bec="0" bev="0" fileid="40" />
                <SequencePoint vc="0" uspid="3395" ordinal="0" offset="34" sl="15" sc="9" el="15" ec="9" bec="0" bev="0" fileid="40" />
                <SequencePoint vc="0" uspid="3396" ordinal="0" offset="35" sl="16" sc="13" el="16" ec="13" bec="0" bev="0" fileid="40" />
                <SequencePoint vc="0" uspid="3397" ordinal="0" offset="46" sl="17" sc="13" el="17" ec="13" bec="0" bev="0" fileid="40" />
                <SequencePoint vc="0" uspid="3398" ordinal="0" offset="54" sl="18" sc="13" el="18" ec="13" bec="0" bev="0" fileid="40" />
                <SequencePoint vc="9" uspid="3399" ordinal="0" offset="56" sl="20" sc="5" el="20" ec="5" bec="0" bev="0" fileid="40" />
              </SequencePoints>
              <BranchPoints />
            </Method>
            <Method visited="true" cyclomaticComplexity="0" nPathComplexity="0" sequenceCoverage="100.0" branchCoverage="0" crapScore="0" isConstructor="false" isStatic="false" isGetter="false" isSetter="false">
              <Summary numSequencePoints="2" visitedSequencePoints="2" numBranchPoints="0" visitedBranchPoints="0" sequenceCoverage="100.0" branchCoverage="0" maxCyclomaticComplexity="0" minCyclomaticComplexity="0" maxCrapScore="0" minCrapScore="0" visitedClasses="0" numClasses="0" visitedMethods="1" numMethods="1" />
              <MetadataToken>100663434</MetadataToken>
              <Name>System.Void ScrollbarSync::Update()</Name>
              <FileRef uid="40" />
              <SequencePoints>
                <SequencePoint vc="34" uspid="3400" ordinal="0" offset="0" sl="23" sc="5" el="23" ec="5" bec="0" bev="0" fileid="40" />
                <SequencePoint vc="34" uspid="3401" ordinal="0" offset="1" sl="26" sc="5" el="26" ec="5" bec="0" bev="0" fileid="40" />
              </SequencePoints>
              <BranchPoints />
            </Method>
          </Methods>
        </Class>
        <Class>
          <Summary numSequencePoints="2" visitedSequencePoints="2" numBranchPoints="0" visitedBranchPoints="0" sequenceCoverage="100.0" branchCoverage="0.0" maxCyclomaticComplexity="0" minCyclomaticComplexity="0" maxCrapScore="0" minCrapScore="0" visitedClasses="1" numClasses="1" visitedMethods="1" numMethods="1" />
          <FullName>scrollScript</FullName>
          <Methods>
            <Method visited="true" cyclomaticComplexity="0" nPathComplexity="0" sequenceCoverage="100.0" branchCoverage="0" crapScore="0" isConstructor="false" isStatic="false" isGetter="false" isSetter="false">
              <Summary numSequencePoints="2" visitedSequencePoints="2" numBranchPoints="0" visitedBranchPoints="0" sequenceCoverage="100.0" branchCoverage="0" maxCyclomaticComplexity="0" minCyclomaticComplexity="0" maxCrapScore="0" minCrapScore="0" visitedClasses="0" numClasses="0" visitedMethods="1" numMethods="1" />
              <MetadataToken>100663438</MetadataToken>
              <Name>System.Void scrollScript::Update()</Name>
              <FileRef uid="41" />
              <SequencePoints>
                <SequencePoint vc="34" uspid="3410" ordinal="0" offset="0" sl="13" sc="5" el="13" ec="5" bec="0" bev="0" fileid="41" />
                <SequencePoint vc="34" uspid="3411" ordinal="0" offset="1" sl="15" sc="5" el="15" ec="5" bec="0" bev="0" fileid="41" />
              </SequencePoints>
              <BranchPoints />
            </Method>
          </Methods>
        </Class>
        <Class>
          <Summary numSequencePoints="8" visitedSequencePoints="8" numBranchPoints="0" visitedBranchPoints="0" sequenceCoverage="100.0" branchCoverage="0.0" maxCyclomaticComplexity="0" minCyclomaticComplexity="0" maxCrapScore="0" minCrapScore="0" visitedClasses="1" numClasses="1" visitedMethods="2" numMethods="2" />
          <FullName>ScrollSync</FullName>
          <Methods>
            <Method visited="true" cyclomaticComplexity="0" nPathComplexity="0" sequenceCoverage="100.0" branchCoverage="0" crapScore="0" isConstructor="false" isStatic="false" isGetter="false" isSetter="false">
              <Summary numSequencePoints="4" visitedSequencePoints="4" numBranchPoints="0" visitedBranchPoints="0" sequenceCoverage="100.0" branchCoverage="0" maxCyclomaticComplexity="0" minCyclomaticComplexity="0" maxCrapScore="0" minCrapScore="0" visitedClasses="0" numClasses="0" visitedMethods="1" numMethods="1" />
              <MetadataToken>100663443</MetadataToken>
              <Name>System.Void ScrollSync::Start()</Name>
              <FileRef uid="42" />
              <SequencePoints>
                <SequencePoint vc="9" uspid="3418" ordinal="0" offset="0" sl="16" sc="5" el="16" ec="5" bec="0" bev="0" fileid="42" />
                <SequencePoint vc="9" uspid="3419" ordinal="0" offset="1" sl="18" sc="9" el="18" ec="9" bec="0" bev="0" fileid="42" />
                <SequencePoint vc="9" uspid="3420" ordinal="0" offset="30" sl="19" sc="9" el="19" ec="9" bec="0" bev="0" fileid="42" />
                <SequencePoint vc="9" uspid="3421" ordinal="0" offset="59" sl="20" sc="5" el="20" ec="5" bec="0" bev="0" fileid="42" />
              </SequencePoints>
              <BranchPoints />
            </Method>
            <Method visited="true" cyclomaticComplexity="0" nPathComplexity="0" sequenceCoverage="100.0" branchCoverage="0" crapScore="0" isConstructor="false" isStatic="false" isGetter="false" isSetter="false">
              <Summary numSequencePoints="4" visitedSequencePoints="4" numBranchPoints="0" visitedBranchPoints="0" sequenceCoverage="100.0" branchCoverage="0" maxCyclomaticComplexity="0" minCyclomaticComplexity="0" maxCrapScore="0" minCrapScore="0" visitedClasses="0" numClasses="0" visitedMethods="1" numMethods="1" />
              <MetadataToken>100663444</MetadataToken>
              <Name>System.Void ScrollSync::OnDestroy()</Name>
              <FileRef uid="42" />
              <SequencePoints>
                <SequencePoint vc="8" uspid="3422" ordinal="0" offset="0" sl="23" sc="5" el="23" ec="5" bec="0" bev="0" fileid="42" />
                <SequencePoint vc="8" uspid="3423" ordinal="0" offset="1" sl="25" sc="9" el="25" ec="9" bec="0" bev="0" fileid="42" />
                <SequencePoint vc="8" uspid="3424" ordinal="0" offset="30" sl="26" sc="9" el="26" ec="9" bec="0" bev="0" fileid="42" />
                <SequencePoint vc="8" uspid="3425" ordinal="0" offset="59" sl="27" sc="5" el="27" ec="5" bec="0" bev="0" fileid="42" />
              </SequencePoints>
              <BranchPoints />
            </Method>
          </Methods>
        </Class>
        <Class>
          <Summary numSequencePoints="3" visitedSequencePoints="3" numBranchPoints="0" visitedBranchPoints="0" sequenceCoverage="100.0" branchCoverage="0.0" maxCyclomaticComplexity="0" minCyclomaticComplexity="0" maxCrapScore="0" minCrapScore="0" visitedClasses="1" numClasses="1" visitedMethods="1" numMethods="1" />
          <FullName>Tab</FullName>
          <Methods>
            <Method visited="true" cyclomaticComplexity="0" nPathComplexity="0" sequenceCoverage="100.0" branchCoverage="0" crapScore="0" isConstructor="false" isStatic="false" isGetter="false" isSetter="false">
              <Summary numSequencePoints="3" visitedSequencePoints="3" numBranchPoints="0" visitedBranchPoints="0" sequenceCoverage="100.0" branchCoverage="0" maxCyclomaticComplexity="0" minCyclomaticComplexity="0" maxCrapScore="0" minCrapScore="0" visitedClasses="0" numClasses="0" visitedMethods="1" numMethods="1" />
              <MetadataToken>100663451</MetadataToken>
              <Name>System.Void Tab::Start()</Name>
              <FileRef uid="43" />
              <SequencePoints>
                <SequencePoint vc="27" uspid="3451" ordinal="0" offset="0" sl="26" sc="18" el="26" ec="18" bec="0" bev="0" fileid="43" />
                <SequencePoint vc="27" uspid="3452" ordinal="0" offset="1" sl="28" sc="9" el="28" ec="9" bec="0" bev="0" fileid="43" />
                <SequencePoint vc="27" uspid="3453" ordinal="0" offset="14" sl="29" sc="5" el="29" ec="5" bec="0" bev="0" fileid="43" />
              </SequencePoints>
              <BranchPoints />
            </Method>
          </Methods>
        </Class>
        <Class>
          <Summary numSequencePoints="7" visitedSequencePoints="4" numBranchPoints="0" visitedBranchPoints="0" sequenceCoverage="57.14" branchCoverage="0.0" maxCyclomaticComplexity="0" minCyclomaticComplexity="0" maxCrapScore="0" minCrapScore="0" visitedClasses="1" numClasses="1" visitedMethods="1" numMethods="1" />
          <FullName>TabGroup</FullName>
          <Methods>
            <Method visited="true" cyclomaticComplexity="0" nPathComplexity="0" sequenceCoverage="57.14" branchCoverage="0" crapScore="0" isConstructor="false" isStatic="false" isGetter="false" isSetter="false">
              <Summary numSequencePoints="7" visitedSequencePoints="4" numBranchPoints="0" visitedBranchPoints="0" sequenceCoverage="57.14" branchCoverage="0" maxCyclomaticComplexity="0" minCyclomaticComplexity="0" maxCrapScore="0" minCrapScore="0" visitedClasses="0" numClasses="0" visitedMethods="1" numMethods="1" />
              <MetadataToken>100663453</MetadataToken>
              <Name>System.Void TabGroup::Subscribe(Tab)</Name>
              <FileRef uid="44" />
              <SequencePoints>
                <SequencePoint vc="27" uspid="3454" ordinal="0" offset="0" sl="15" sc="36" el="15" ec="36" bec="0" bev="0" fileid="44" />
                <SequencePoint vc="27" uspid="3455" ordinal="0" offset="1" sl="16" sc="9" el="16" ec="9" bec="0" bev="0" fileid="44" />
                <SequencePoint vc="0" uspid="3456" ordinal="0" offset="14" sl="16" sc="26" el="16" ec="26" bec="0" bev="0" fileid="44" />
                <SequencePoint vc="0" uspid="3457" ordinal="0" offset="15" sl="17" sc="13" el="17" ec="13" bec="0" bev="0" fileid="44" />
                <SequencePoint vc="0" uspid="3458" ordinal="0" offset="26" sl="18" sc="9" el="18" ec="9" bec="0" bev="0" fileid="44" />
                <SequencePoint vc="27" uspid="3459" ordinal="0" offset="27" sl="20" sc="9" el="20" ec="9" bec="0" bev="0" fileid="44" />
                <SequencePoint vc="27" uspid="3460" ordinal="0" offset="40" sl="21" sc="5" el="21" ec="5" bec="0" bev="0" fileid="44" />
              </SequencePoints>
              <BranchPoints />
            </Method>
          </Methods>
        </Class>
      </Classes>
    </Module>
  </Modules>
</CoverageSession>